{"/Users/omarelmasaoudi/Desktop/SOEN390-working/components/CalendarComponents/CalendarEvent.tsx": {"path":"/Users/omarelmasaoudi/Desktop/SOEN390-working/components/CalendarComponents/CalendarEvent.tsx","statementMap":{"0":{"start":{"line":7,"column":33},"end":{"line":55,"column":1}},"1":{"start":{"line":8,"column":2},"end":{"line":54,"column":3}},"2":{"start":{"line":10,"column":26},"end":{"line":10,"column":56}},"3":{"start":{"line":14,"column":30},"end":{"line":18,"column":6}},"4":{"start":{"line":20,"column":22},"end":{"line":20,"column":49}},"5":{"start":{"line":21,"column":4},"end":{"line":24,"column":5}},"6":{"start":{"line":22,"column":6},"end":{"line":22,"column":41}},"7":{"start":{"line":23,"column":6},"end":{"line":23,"column":13}},"8":{"start":{"line":26,"column":4},"end":{"line":26,"column":40}},"9":{"start":{"line":27,"column":4},"end":{"line":29,"column":7}},"10":{"start":{"line":28,"column":6},"end":{"line":28,"column":55}},"11":{"start":{"line":32,"column":29},"end":{"line":32,"column":41}},"12":{"start":{"line":35,"column":21},"end":{"line":44,"column":6}},"13":{"start":{"line":47,"column":4},"end":{"line":51,"column":5}},"14":{"start":{"line":48,"column":6},"end":{"line":48,"column":67}},"15":{"start":{"line":50,"column":6},"end":{"line":50,"column":64}},"16":{"start":{"line":53,"column":4},"end":{"line":53,"column":60}}},"fnMap":{"0":{"name":"(anonymous_0)","decl":{"start":{"line":7,"column":33},"end":{"line":7,"column":34}},"loc":{"start":{"line":7,"column":45},"end":{"line":55,"column":1}},"line":7},"1":{"name":"(anonymous_1)","decl":{"start":{"line":27,"column":22},"end":{"line":27,"column":23}},"loc":{"start":{"line":27,"column":43},"end":{"line":29,"column":5}},"line":27}},"branchMap":{"0":{"loc":{"start":{"line":21,"column":4},"end":{"line":24,"column":5}},"type":"if","locations":[{"start":{"line":21,"column":4},"end":{"line":24,"column":5}},{"start":{},"end":{}}],"line":21},"1":{"loc":{"start":{"line":21,"column":8},"end":{"line":21,"column":44}},"type":"binary-expr","locations":[{"start":{"line":21,"column":8},"end":{"line":21,"column":18}},{"start":{"line":21,"column":22},"end":{"line":21,"column":44}}],"line":21},"2":{"loc":{"start":{"line":47,"column":4},"end":{"line":51,"column":5}},"type":"if","locations":[{"start":{"line":47,"column":4},"end":{"line":51,"column":5}},{"start":{"line":49,"column":11},"end":{"line":51,"column":5}}],"line":47},"3":{"loc":{"start":{"line":47,"column":8},"end":{"line":47,"column":61}},"type":"binary-expr","locations":[{"start":{"line":47,"column":8},"end":{"line":47,"column":27}},{"start":{"line":47,"column":31},"end":{"line":47,"column":61}}],"line":47}},"s":{"0":0,"1":0,"2":0,"3":0,"4":0,"5":0,"6":0,"7":0,"8":0,"9":0,"10":0,"11":0,"12":0,"13":0,"14":0,"15":0,"16":0},"f":{"0":0,"1":0},"b":{"0":[0,0],"1":[0,0],"2":[0,0],"3":[0,0]}}
,"/Users/omarelmasaoudi/Desktop/SOEN390-working/components/CalendarComponents/CalendarUI.tsx": {"path":"/Users/omarelmasaoudi/Desktop/SOEN390-working/components/CalendarComponents/CalendarUI.tsx","statementMap":{"0":{"start":{"line":6,"column":29},"end":{"line":103,"column":1}},"1":{"start":{"line":7,"column":36},"end":{"line":7,"column":48}},"2":{"start":{"line":8,"column":50},"end":{"line":8,"column":64}},"3":{"start":{"line":9,"column":30},"end":{"line":9,"column":42}},"4":{"start":{"line":10,"column":44},"end":{"line":10,"column":59}},"5":{"start":{"line":12,"column":2},"end":{"line":33,"column":9}},"6":{"start":{"line":13,"column":27},"end":{"line":30,"column":5}},"7":{"start":{"line":14,"column":6},"end":{"line":29,"column":7}},"8":{"start":{"line":16,"column":25},"end":{"line":16,"column":52}},"9":{"start":{"line":17,"column":32},"end":{"line":17,"column":62}},"10":{"start":{"line":20,"column":33},"end":{"line":24,"column":10}},"11":{"start":{"line":26,"column":8},"end":{"line":26,"column":50}},"12":{"start":{"line":28,"column":8},"end":{"line":28,"column":58}},"13":{"start":{"line":32,"column":4},"end":{"line":32,"column":21}},"14":{"start":{"line":35,"column":22},"end":{"line":56,"column":3}},"15":{"start":{"line":36,"column":4},"end":{"line":55,"column":5}},"16":{"start":{"line":37,"column":30},"end":{"line":37,"column":60}},"17":{"start":{"line":40,"column":23},"end":{"line":49,"column":8}},"18":{"start":{"line":51,"column":6},"end":{"line":51,"column":37}},"19":{"start":{"line":52,"column":6},"end":{"line":52,"column":28}},"20":{"start":{"line":54,"column":6},"end":{"line":54,"column":53}},"21":{"start":{"line":58,"column":29},"end":{"line":64,"column":3}},"22":{"start":{"line":59,"column":4},"end":{"line":63,"column":23}},"23":{"start":{"line":59,"column":37},"end":{"line":59,"column":57}},"24":{"start":{"line":66,"column":26},"end":{"line":72,"column":3}},"25":{"start":{"line":68,"column":4},"end":{"line":71,"column":11}},"26":{"start":{"line":74,"column":2},"end":{"line":102,"column":4}},"27":{"start":{"line":82,"column":32},"end":{"line":82,"column":39}},"28":{"start":{"line":88,"column":31},"end":{"line":88,"column":53}},"29":{"start":{"line":89,"column":30},"end":{"line":89,"column":52}},"30":{"start":{"line":96,"column":36},"end":{"line":96,"column":43}},"31":{"start":{"line":98,"column":47},"end":{"line":98,"column":69}}},"fnMap":{"0":{"name":"(anonymous_0)","decl":{"start":{"line":6,"column":29},"end":{"line":6,"column":30}},"loc":{"start":{"line":6,"column":35},"end":{"line":103,"column":1}},"line":6},"1":{"name":"(anonymous_1)","decl":{"start":{"line":12,"column":12},"end":{"line":12,"column":13}},"loc":{"start":{"line":12,"column":18},"end":{"line":33,"column":3}},"line":12},"2":{"name":"(anonymous_2)","decl":{"start":{"line":13,"column":27},"end":{"line":13,"column":28}},"loc":{"start":{"line":13,"column":39},"end":{"line":30,"column":5}},"line":13},"3":{"name":"(anonymous_3)","decl":{"start":{"line":35,"column":22},"end":{"line":35,"column":23}},"loc":{"start":{"line":35,"column":44},"end":{"line":56,"column":3}},"line":35},"4":{"name":"(anonymous_4)","decl":{"start":{"line":58,"column":29},"end":{"line":58,"column":30}},"loc":{"start":{"line":59,"column":4},"end":{"line":63,"column":23}},"line":59},"5":{"name":"(anonymous_5)","decl":{"start":{"line":59,"column":31},"end":{"line":59,"column":32}},"loc":{"start":{"line":59,"column":37},"end":{"line":59,"column":57}},"line":59},"6":{"name":"(anonymous_6)","decl":{"start":{"line":66,"column":26},"end":{"line":66,"column":27}},"loc":{"start":{"line":68,"column":4},"end":{"line":71,"column":11}},"line":68},"7":{"name":"(anonymous_7)","decl":{"start":{"line":82,"column":22},"end":{"line":82,"column":23}},"loc":{"start":{"line":82,"column":32},"end":{"line":82,"column":39}},"line":82},"8":{"name":"(anonymous_8)","decl":{"start":{"line":88,"column":25},"end":{"line":88,"column":26}},"loc":{"start":{"line":88,"column":31},"end":{"line":88,"column":53}},"line":88},"9":{"name":"(anonymous_9)","decl":{"start":{"line":89,"column":24},"end":{"line":89,"column":25}},"loc":{"start":{"line":89,"column":30},"end":{"line":89,"column":52}},"line":89},"10":{"name":"(anonymous_10)","decl":{"start":{"line":96,"column":26},"end":{"line":96,"column":27}},"loc":{"start":{"line":96,"column":36},"end":{"line":96,"column":43}},"line":96},"11":{"name":"(anonymous_11)","decl":{"start":{"line":98,"column":41},"end":{"line":98,"column":42}},"loc":{"start":{"line":98,"column":47},"end":{"line":98,"column":69}},"line":98}},"branchMap":{},"s":{"0":0,"1":0,"2":0,"3":0,"4":0,"5":0,"6":0,"7":0,"8":0,"9":0,"10":0,"11":0,"12":0,"13":0,"14":0,"15":0,"16":0,"17":0,"18":0,"19":0,"20":0,"21":0,"22":0,"23":0,"24":0,"25":0,"26":0,"27":0,"28":0,"29":0,"30":0,"31":0},"f":{"0":0,"1":0,"2":0,"3":0,"4":0,"5":0,"6":0,"7":0,"8":0,"9":0,"10":0,"11":0},"b":{}}
,"/Users/omarelmasaoudi/Desktop/SOEN390-working/components/CalendarComponents/CalendarView.tsx": {"path":"/Users/omarelmasaoudi/Desktop/SOEN390-working/components/CalendarComponents/CalendarView.tsx","statementMap":{"0":{"start":{"line":27,"column":50},"end":{"line":168,"column":1}},"1":{"start":{"line":35,"column":40},"end":{"line":35,"column":65}},"2":{"start":{"line":38,"column":46},"end":{"line":38,"column":90}},"3":{"start":{"line":41,"column":24},"end":{"line":41,"column":52}},"4":{"start":{"line":44,"column":2},"end":{"line":67,"column":52}},"5":{"start":{"line":45,"column":4},"end":{"line":66,"column":5}},"6":{"start":{"line":46,"column":34},"end":{"line":46,"column":36}},"7":{"start":{"line":49,"column":6},"end":{"line":54,"column":9}},"8":{"start":{"line":50,"column":8},"end":{"line":53,"column":10}},"9":{"start":{"line":57,"column":6},"end":{"line":61,"column":8}},"10":{"start":{"line":63,"column":6},"end":{"line":63,"column":29}},"11":{"start":{"line":65,"column":6},"end":{"line":65,"column":56}},"12":{"start":{"line":70,"column":27},"end":{"line":81,"column":3}},"13":{"start":{"line":71,"column":4},"end":{"line":80,"column":5}},"14":{"start":{"line":73,"column":8},"end":{"line":73,"column":25}},"15":{"start":{"line":75,"column":8},"end":{"line":75,"column":25}},"16":{"start":{"line":77,"column":8},"end":{"line":77,"column":25}},"17":{"start":{"line":79,"column":8},"end":{"line":79,"column":25}},"18":{"start":{"line":83,"column":25},"end":{"line":89,"column":3}},"19":{"start":{"line":84,"column":4},"end":{"line":88,"column":5}},"20":{"start":{"line":85,"column":6},"end":{"line":85,"column":35}},"21":{"start":{"line":87,"column":6},"end":{"line":87,"column":54}},"22":{"start":{"line":92,"column":31},"end":{"line":94,"column":3}},"23":{"start":{"line":93,"column":4},"end":{"line":93,"column":28}},"24":{"start":{"line":97,"column":32},"end":{"line":124,"column":3}},"25":{"start":{"line":98,"column":4},"end":{"line":123,"column":6}},"26":{"start":{"line":101,"column":10},"end":{"line":120,"column":29}},"27":{"start":{"line":110,"column":27},"end":{"line":110,"column":53}},"28":{"start":{"line":126,"column":2},"end":{"line":134,"column":3}},"29":{"start":{"line":127,"column":4},"end":{"line":133,"column":6}},"30":{"start":{"line":136,"column":2},"end":{"line":167,"column":4}}},"fnMap":{"0":{"name":"(anonymous_0)","decl":{"start":{"line":27,"column":50},"end":{"line":27,"column":51}},"loc":{"start":{"line":33,"column":6},"end":{"line":168,"column":1}},"line":33},"1":{"name":"(anonymous_1)","decl":{"start":{"line":44,"column":12},"end":{"line":44,"column":13}},"loc":{"start":{"line":44,"column":18},"end":{"line":67,"column":3}},"line":44},"2":{"name":"(anonymous_2)","decl":{"start":{"line":49,"column":41},"end":{"line":49,"column":42}},"loc":{"start":{"line":49,"column":49},"end":{"line":54,"column":7}},"line":49},"3":{"name":"(anonymous_3)","decl":{"start":{"line":70,"column":27},"end":{"line":70,"column":28}},"loc":{"start":{"line":70,"column":59},"end":{"line":81,"column":3}},"line":70},"4":{"name":"(anonymous_4)","decl":{"start":{"line":83,"column":25},"end":{"line":83,"column":26}},"loc":{"start":{"line":83,"column":50},"end":{"line":89,"column":3}},"line":83},"5":{"name":"(anonymous_5)","decl":{"start":{"line":92,"column":31},"end":{"line":92,"column":32}},"loc":{"start":{"line":92,"column":55},"end":{"line":94,"column":3}},"line":92},"6":{"name":"(anonymous_6)","decl":{"start":{"line":97,"column":32},"end":{"line":97,"column":33}},"loc":{"start":{"line":97,"column":38},"end":{"line":124,"column":3}},"line":97},"7":{"name":"(anonymous_7)","decl":{"start":{"line":100,"column":41},"end":{"line":100,"column":42}},"loc":{"start":{"line":101,"column":10},"end":{"line":120,"column":29}},"line":101},"8":{"name":"(anonymous_8)","decl":{"start":{"line":110,"column":21},"end":{"line":110,"column":22}},"loc":{"start":{"line":110,"column":27},"end":{"line":110,"column":53}},"line":110}},"branchMap":{"0":{"loc":{"start":{"line":31,"column":2},"end":{"line":31,"column":19}},"type":"default-arg","locations":[{"start":{"line":31,"column":14},"end":{"line":31,"column":19}}],"line":31},"1":{"loc":{"start":{"line":32,"column":2},"end":{"line":32,"column":14}},"type":"default-arg","locations":[{"start":{"line":32,"column":10},"end":{"line":32,"column":14}}],"line":32},"2":{"loc":{"start":{"line":41,"column":24},"end":{"line":41,"column":52}},"type":"binary-expr","locations":[{"start":{"line":41,"column":24},"end":{"line":41,"column":46}},{"start":{"line":41,"column":50},"end":{"line":41,"column":52}}],"line":41},"3":{"loc":{"start":{"line":71,"column":4},"end":{"line":80,"column":5}},"type":"switch","locations":[{"start":{"line":72,"column":6},"end":{"line":73,"column":25}},{"start":{"line":74,"column":6},"end":{"line":75,"column":25}},{"start":{"line":76,"column":6},"end":{"line":77,"column":25}},{"start":{"line":78,"column":6},"end":{"line":79,"column":25}}],"line":71},"4":{"loc":{"start":{"line":105,"column":14},"end":{"line":108,"column":15}},"type":"binary-expr","locations":[{"start":{"line":105,"column":14},"end":{"line":105,"column":37}},{"start":{"line":105,"column":41},"end":{"line":108,"column":15}}],"line":105},"5":{"loc":{"start":{"line":115,"column":16},"end":{"line":115,"column":72}},"type":"binary-expr","locations":[{"start":{"line":115,"column":16},"end":{"line":115,"column":39}},{"start":{"line":115,"column":43},"end":{"line":115,"column":72}}],"line":115},"6":{"loc":{"start":{"line":126,"column":2},"end":{"line":134,"column":3}},"type":"if","locations":[{"start":{"line":126,"column":2},"end":{"line":134,"column":3}},{"start":{},"end":{}}],"line":126},"7":{"loc":{"start":{"line":141,"column":7},"end":{"line":165,"column":7}},"type":"cond-expr","locations":[{"start":{"line":142,"column":8},"end":{"line":144,"column":15}},{"start":{"line":146,"column":8},"end":{"line":164,"column":10}}],"line":141}},"s":{"0":2,"1":16,"2":16,"3":16,"4":14,"5":7,"6":7,"7":7,"8":13,"9":7,"10":7,"11":0,"12":14,"13":94,"14":78,"15":16,"16":0,"17":0,"18":14,"19":1,"20":1,"21":0,"22":14,"23":1,"24":14,"25":12,"26":36,"27":1,"28":14,"29":2,"30":12},"f":{"0":16,"1":7,"2":13,"3":94,"4":1,"5":1,"6":12,"7":36,"8":1},"b":{"0":[14],"1":[14],"2":[16,0],"3":[78,16,0,0],"4":[36,12],"5":[36,12],"6":[2,12],"7":[2,10]},"_coverageSchema":"1a1c01bbd47fc00a2c39e90264f33305004495a9","hash":"e56f3076d582b96a83834e82720a8ff9ffcafde6"}
,"/Users/omarelmasaoudi/Desktop/SOEN390-working/components/CalendarComponents/EventList.tsx": {"path":"/Users/omarelmasaoudi/Desktop/SOEN390-working/components/CalendarComponents/EventList.tsx","statementMap":{"0":{"start":{"line":21,"column":44},"end":{"line":87,"column":1}},"1":{"start":{"line":28,"column":21},"end":{"line":40,"column":3}},"2":{"start":{"line":29,"column":4},"end":{"line":39,"column":5}},"3":{"start":{"line":30,"column":6},"end":{"line":35,"column":9}},"4":{"start":{"line":37,"column":6},"end":{"line":37,"column":51}},"5":{"start":{"line":38,"column":6},"end":{"line":38,"column":24}},"6":{"start":{"line":43,"column":48},"end":{"line":51,"column":3}},"7":{"start":{"line":44,"column":4},"end":{"line":50,"column":11}},"8":{"start":{"line":53,"column":2},"end":{"line":59,"column":3}},"9":{"start":{"line":54,"column":4},"end":{"line":58,"column":6}},"10":{"start":{"line":61,"column":2},"end":{"line":68,"column":3}},"11":{"start":{"line":62,"column":4},"end":{"line":67,"column":6}},"12":{"start":{"line":70,"column":2},"end":{"line":86,"column":4}},"13":{"start":{"line":79,"column":12},"end":{"line":79,"column":54}}},"fnMap":{"0":{"name":"(anonymous_0)","decl":{"start":{"line":21,"column":44},"end":{"line":21,"column":45}},"loc":{"start":{"line":26,"column":6},"end":{"line":87,"column":1}},"line":26},"1":{"name":"(anonymous_1)","decl":{"start":{"line":28,"column":21},"end":{"line":28,"column":22}},"loc":{"start":{"line":28,"column":53},"end":{"line":40,"column":3}},"line":28},"2":{"name":"(anonymous_2)","decl":{"start":{"line":43,"column":48},"end":{"line":43,"column":49}},"loc":{"start":{"line":44,"column":4},"end":{"line":50,"column":11}},"line":44},"3":{"name":"(anonymous_3)","decl":{"start":{"line":78,"column":21},"end":{"line":78,"column":22}},"loc":{"start":{"line":79,"column":12},"end":{"line":79,"column":54}},"line":79}},"branchMap":{"0":{"loc":{"start":{"line":24,"column":2},"end":{"line":24,"column":19}},"type":"default-arg","locations":[{"start":{"line":24,"column":14},"end":{"line":24,"column":19}}],"line":24},"1":{"loc":{"start":{"line":25,"column":2},"end":{"line":25,"column":14}},"type":"default-arg","locations":[{"start":{"line":25,"column":10},"end":{"line":25,"column":14}}],"line":25},"2":{"loc":{"start":{"line":53,"column":2},"end":{"line":59,"column":3}},"type":"if","locations":[{"start":{"line":53,"column":2},"end":{"line":59,"column":3}},{"start":{},"end":{}}],"line":53},"3":{"loc":{"start":{"line":61,"column":2},"end":{"line":68,"column":3}},"type":"if","locations":[{"start":{"line":61,"column":2},"end":{"line":68,"column":3}},{"start":{},"end":{}}],"line":61},"4":{"loc":{"start":{"line":77,"column":9},"end":{"line":83,"column":9}},"type":"cond-expr","locations":[{"start":{"line":78,"column":10},"end":{"line":80,"column":12}},{"start":{"line":82,"column":10},"end":{"line":82,"column":92}}],"line":77}},"s":{"0":1,"1":0,"2":0,"3":0,"4":0,"5":0,"6":0,"7":0,"8":0,"9":0,"10":0,"11":0,"12":0,"13":0},"f":{"0":0,"1":0,"2":0,"3":0},"b":{"0":[0],"1":[0],"2":[0,0],"3":[0,0],"4":[0,0]},"_coverageSchema":"1a1c01bbd47fc00a2c39e90264f33305004495a9","hash":"1eb27c341f1ad9b7afa364ca182c6cfa5e5f6309"}
,"/Users/omarelmasaoudi/Desktop/SOEN390-working/components/CalendarComponents/authUser.tsx": {"path":"/Users/omarelmasaoudi/Desktop/SOEN390-working/components/CalendarComponents/authUser.tsx","statementMap":{"0":{"start":{"line":10,"column":0},"end":{"line":10,"column":38}},"1":{"start":{"line":11,"column":26},"end":{"line":11,"column":30}},"2":{"start":{"line":19,"column":34},"end":{"line":19,"column":65}},"3":{"start":{"line":20,"column":29},"end":{"line":20,"column":58}},"4":{"start":{"line":21,"column":46},"end":{"line":21,"column":61}},"5":{"start":{"line":23,"column":2},"end":{"line":33,"column":9}},"6":{"start":{"line":25,"column":4},"end":{"line":25,"column":32}},"7":{"start":{"line":28,"column":25},"end":{"line":28,"column":72}},"8":{"start":{"line":30,"column":4},"end":{"line":32,"column":6}},"9":{"start":{"line":31,"column":6},"end":{"line":31,"column":28}},"10":{"start":{"line":35,"column":36},"end":{"line":47,"column":3}},"11":{"start":{"line":36,"column":4},"end":{"line":46,"column":5}},"12":{"start":{"line":37,"column":25},"end":{"line":37,"column":60}},"13":{"start":{"line":38,"column":26},"end":{"line":38,"column":68}},"14":{"start":{"line":40,"column":6},"end":{"line":43,"column":7}},"15":{"start":{"line":41,"column":8},"end":{"line":41,"column":44}},"16":{"start":{"line":42,"column":8},"end":{"line":42,"column":36}},"17":{"start":{"line":45,"column":6},"end":{"line":45,"column":67}},"18":{"start":{"line":50,"column":25},"end":{"line":65,"column":3}},"19":{"start":{"line":51,"column":20},"end":{"line":51,"column":25}},"20":{"start":{"line":52,"column":4},"end":{"line":64,"column":5}},"21":{"start":{"line":53,"column":6},"end":{"line":62,"column":7}},"22":{"start":{"line":55,"column":22},"end":{"line":55,"column":55}},"23":{"start":{"line":56,"column":22},"end":{"line":56,"column":32}},"24":{"start":{"line":57,"column":8},"end":{"line":59,"column":9}},"25":{"start":{"line":58,"column":10},"end":{"line":58,"column":35}},"26":{"start":{"line":61,"column":8},"end":{"line":61,"column":57}},"27":{"start":{"line":63,"column":6},"end":{"line":63,"column":31}},"28":{"start":{"line":68,"column":27},"end":{"line":116,"column":3}},"29":{"start":{"line":69,"column":4},"end":{"line":69,"column":31}},"30":{"start":{"line":69,"column":24},"end":{"line":69,"column":31}},"31":{"start":{"line":71,"column":4},"end":{"line":71,"column":28}},"32":{"start":{"line":73,"column":4},"end":{"line":115,"column":5}},"33":{"start":{"line":75,"column":26},"end":{"line":75,"column":51}},"34":{"start":{"line":78,"column":20},"end":{"line":78,"column":105}},"35":{"start":{"line":81,"column":22},"end":{"line":85,"column":25}},"36":{"start":{"line":88,"column":21},"end":{"line":88,"column":80}},"37":{"start":{"line":90,"column":6},"end":{"line":106,"column":7}},"38":{"start":{"line":94,"column":8},"end":{"line":102,"column":9}},"39":{"start":{"line":96,"column":24},"end":{"line":96,"column":46}},"40":{"start":{"line":97,"column":24},"end":{"line":97,"column":46}},"41":{"start":{"line":99,"column":10},"end":{"line":101,"column":11}},"42":{"start":{"line":100,"column":12},"end":{"line":100,"column":40}},"43":{"start":{"line":104,"column":8},"end":{"line":104,"column":33}},"44":{"start":{"line":105,"column":8},"end":{"line":105,"column":57}},"45":{"start":{"line":108,"column":6},"end":{"line":108,"column":56}},"46":{"start":{"line":109,"column":6},"end":{"line":109,"column":31}},"47":{"start":{"line":110,"column":6},"end":{"line":114,"column":7}},"48":{"start":{"line":111,"column":8},"end":{"line":111,"column":59}},"49":{"start":{"line":113,"column":8},"end":{"line":113,"column":73}},"50":{"start":{"line":119,"column":22},"end":{"line":146,"column":3}},"51":{"start":{"line":120,"column":4},"end":{"line":120,"column":23}},"52":{"start":{"line":120,"column":16},"end":{"line":120,"column":23}},"53":{"start":{"line":122,"column":4},"end":{"line":145,"column":5}},"54":{"start":{"line":123,"column":23},"end":{"line":128,"column":7}},"55":{"start":{"line":130,"column":19},"end":{"line":130,"column":40}},"56":{"start":{"line":132,"column":6},"end":{"line":136,"column":7}},"57":{"start":{"line":133,"column":8},"end":{"line":133,"column":66}},"58":{"start":{"line":134,"column":8},"end":{"line":134,"column":63}},"59":{"start":{"line":135,"column":8},"end":{"line":135,"column":15}},"60":{"start":{"line":138,"column":6},"end":{"line":138,"column":64}},"61":{"start":{"line":139,"column":6},"end":{"line":139,"column":66}},"62":{"start":{"line":140,"column":6},"end":{"line":140,"column":24}},"63":{"start":{"line":141,"column":6},"end":{"line":141,"column":28}},"64":{"start":{"line":143,"column":6},"end":{"line":143,"column":56}},"65":{"start":{"line":144,"column":6},"end":{"line":144,"column":63}},"66":{"start":{"line":149,"column":18},"end":{"line":158,"column":3}},"67":{"start":{"line":150,"column":4},"end":{"line":157,"column":5}},"68":{"start":{"line":151,"column":6},"end":{"line":151,"column":45}},"69":{"start":{"line":152,"column":6},"end":{"line":152,"column":52}},"70":{"start":{"line":153,"column":6},"end":{"line":153,"column":24}},"71":{"start":{"line":154,"column":6},"end":{"line":154,"column":27}},"72":{"start":{"line":156,"column":6},"end":{"line":156,"column":49}},"73":{"start":{"line":160,"column":2},"end":{"line":183,"column":4}}},"fnMap":{"0":{"name":"AuthUser","decl":{"start":{"line":13,"column":24},"end":{"line":13,"column":32}},"loc":{"start":{"line":13,"column":35},"end":{"line":184,"column":1}},"line":13},"1":{"name":"(anonymous_1)","decl":{"start":{"line":23,"column":12},"end":{"line":23,"column":13}},"loc":{"start":{"line":23,"column":18},"end":{"line":33,"column":3}},"line":23},"2":{"name":"(anonymous_2)","decl":{"start":{"line":30,"column":11},"end":{"line":30,"column":12}},"loc":{"start":{"line":30,"column":17},"end":{"line":32,"column":5}},"line":30},"3":{"name":"(anonymous_3)","decl":{"start":{"line":35,"column":36},"end":{"line":35,"column":37}},"loc":{"start":{"line":35,"column":48},"end":{"line":47,"column":3}},"line":35},"4":{"name":"(anonymous_4)","decl":{"start":{"line":50,"column":25},"end":{"line":50,"column":26}},"loc":{"start":{"line":50,"column":57},"end":{"line":65,"column":3}},"line":50},"5":{"name":"(anonymous_5)","decl":{"start":{"line":68,"column":27},"end":{"line":68,"column":28}},"loc":{"start":{"line":68,"column":39},"end":{"line":116,"column":3}},"line":68},"6":{"name":"(anonymous_6)","decl":{"start":{"line":119,"column":22},"end":{"line":119,"column":23}},"loc":{"start":{"line":119,"column":70},"end":{"line":146,"column":3}},"line":119},"7":{"name":"(anonymous_7)","decl":{"start":{"line":149,"column":18},"end":{"line":149,"column":19}},"loc":{"start":{"line":149,"column":30},"end":{"line":158,"column":3}},"line":149}},"branchMap":{"0":{"loc":{"start":{"line":40,"column":6},"end":{"line":43,"column":7}},"type":"if","locations":[{"start":{"line":40,"column":6},"end":{"line":43,"column":7}},{"start":{},"end":{}}],"line":40},"1":{"loc":{"start":{"line":40,"column":10},"end":{"line":40,"column":35}},"type":"binary-expr","locations":[{"start":{"line":40,"column":10},"end":{"line":40,"column":20}},{"start":{"line":40,"column":24},"end":{"line":40,"column":35}}],"line":40},"2":{"loc":{"start":{"line":52,"column":4},"end":{"line":64,"column":5}},"type":"if","locations":[{"start":{"line":52,"column":4},"end":{"line":64,"column":5}},{"start":{},"end":{}}],"line":52},"3":{"loc":{"start":{"line":57,"column":8},"end":{"line":59,"column":9}},"type":"if","locations":[{"start":{"line":57,"column":8},"end":{"line":59,"column":9}},{"start":{},"end":{}}],"line":57},"4":{"loc":{"start":{"line":69,"column":4},"end":{"line":69,"column":31}},"type":"if","locations":[{"start":{"line":69,"column":4},"end":{"line":69,"column":31}},{"start":{},"end":{}}],"line":69},"5":{"loc":{"start":{"line":90,"column":6},"end":{"line":106,"column":7}},"type":"if","locations":[{"start":{"line":90,"column":6},"end":{"line":106,"column":7}},{"start":{"line":103,"column":13},"end":{"line":106,"column":7}}],"line":90},"6":{"loc":{"start":{"line":94,"column":8},"end":{"line":102,"column":9}},"type":"if","locations":[{"start":{"line":94,"column":8},"end":{"line":102,"column":9}},{"start":{},"end":{}}],"line":94},"7":{"loc":{"start":{"line":99,"column":10},"end":{"line":101,"column":11}},"type":"if","locations":[{"start":{"line":99,"column":10},"end":{"line":101,"column":11}},{"start":{},"end":{}}],"line":99},"8":{"loc":{"start":{"line":110,"column":6},"end":{"line":114,"column":7}},"type":"if","locations":[{"start":{"line":110,"column":6},"end":{"line":114,"column":7}},{"start":{"line":112,"column":13},"end":{"line":114,"column":7}}],"line":110},"9":{"loc":{"start":{"line":120,"column":4},"end":{"line":120,"column":23}},"type":"if","locations":[{"start":{"line":120,"column":4},"end":{"line":120,"column":23}},{"start":{},"end":{}}],"line":120},"10":{"loc":{"start":{"line":132,"column":6},"end":{"line":136,"column":7}},"type":"if","locations":[{"start":{"line":132,"column":6},"end":{"line":136,"column":7}},{"start":{},"end":{}}],"line":132},"11":{"loc":{"start":{"line":162,"column":7},"end":{"line":181,"column":7}},"type":"cond-expr","locations":[{"start":{"line":163,"column":8},"end":{"line":167,"column":10}},{"start":{"line":169,"column":8},"end":{"line":180,"column":15}}],"line":162},"12":{"loc":{"start":{"line":171,"column":13},"end":{"line":171,"column":76}},"type":"cond-expr","locations":[{"start":{"line":171,"column":29},"end":{"line":171,"column":53}},{"start":{"line":171,"column":56},"end":{"line":171,"column":76}}],"line":171},"13":{"loc":{"start":{"line":174,"column":13},"end":{"line":174,"column":80}},"type":"cond-expr","locations":[{"start":{"line":174,"column":30},"end":{"line":174,"column":56}},{"start":{"line":174,"column":59},"end":{"line":174,"column":80}}],"line":174}},"s":{"0":3,"1":3,"2":6,"3":6,"4":6,"5":6,"6":3,"7":3,"8":3,"9":3,"10":6,"11":3,"12":3,"13":3,"14":3,"15":2,"16":2,"17":0,"18":6,"19":0,"20":0,"21":0,"22":0,"23":0,"24":0,"25":0,"26":0,"27":0,"28":6,"29":1,"30":0,"31":1,"32":1,"33":1,"34":1,"35":1,"36":1,"37":1,"38":0,"39":0,"40":0,"41":0,"42":0,"43":1,"44":1,"45":0,"46":0,"47":0,"48":0,"49":0,"50":6,"51":0,"52":0,"53":0,"54":0,"55":0,"56":0,"57":0,"58":0,"59":0,"60":0,"61":0,"62":0,"63":0,"64":0,"65":0,"66":6,"67":0,"68":0,"69":0,"70":0,"71":0,"72":0,"73":6},"f":{"0":6,"1":3,"2":3,"3":3,"4":0,"5":1,"6":0,"7":0},"b":{"0":[2,1],"1":[3,2],"2":[0,0],"3":[0,0],"4":[0,1],"5":[0,1],"6":[0,0],"7":[0,0],"8":[0,0],"9":[0,0],"10":[0,0],"11":[4,2],"12":[2,0],"13":[2,0]},"_coverageSchema":"1a1c01bbd47fc00a2c39e90264f33305004495a9","hash":"e6a5b2d7ff425044b2ce475a71d5a8b4b16459af"}
,"/Users/omarelmasaoudi/Desktop/SOEN390-working/components/CalendarComponents/googleSignIn.tsx": {"path":"/Users/omarelmasaoudi/Desktop/SOEN390-working/components/CalendarComponents/googleSignIn.tsx","statementMap":{},"fnMap":{},"branchMap":{},"s":{},"f":{},"b":{},"_coverageSchema":"1a1c01bbd47fc00a2c39e90264f33305004495a9","hash":"326fc19e4c3b1198f6245985ff394404c4811890"}
,"/Users/omarelmasaoudi/Desktop/SOEN390-working/components/CalendarComponents/signIn.tsx": {"path":"/Users/omarelmasaoudi/Desktop/SOEN390-working/components/CalendarComponents/signIn.tsx","statementMap":{"0":{"start":{"line":11,"column":23},"end":{"line":37,"column":3}},"1":{"start":{"line":12,"column":4},"end":{"line":36,"column":5}},"2":{"start":{"line":13,"column":6},"end":{"line":13,"column":43}},"3":{"start":{"line":14,"column":23},"end":{"line":14,"column":50}},"4":{"start":{"line":15,"column":6},"end":{"line":15,"column":38}},"5":{"start":{"line":16,"column":6},"end":{"line":16,"column":26}},"6":{"start":{"line":19,"column":6},"end":{"line":35,"column":5}},"7":{"start":{"line":20,"column":8},"end":{"line":32,"column":9}},"8":{"start":{"line":22,"column":11},"end":{"line":22,"column":27}},"9":{"start":{"line":23,"column":12},"end":{"line":23,"column":18}},"10":{"start":{"line":25,"column":12},"end":{"line":25,"column":28}},"11":{"start":{"line":27,"column":12},"end":{"line":27,"column":18}},"12":{"start":{"line":29,"column":12},"end":{"line":29,"column":28}},"13":{"start":{"line":34,"column":8},"end":{"line":34,"column":24}}},"fnMap":{"0":{"name":"(anonymous_0)","decl":{"start":{"line":11,"column":23},"end":{"line":11,"column":24}},"loc":{"start":{"line":11,"column":35},"end":{"line":37,"column":3}},"line":11}},"branchMap":{"0":{"loc":{"start":{"line":19,"column":6},"end":{"line":35,"column":5}},"type":"if","locations":[{"start":{"line":19,"column":6},"end":{"line":35,"column":5}},{"start":{"line":33,"column":13},"end":{"line":35,"column":5}}],"line":19},"1":{"loc":{"start":{"line":20,"column":8},"end":{"line":32,"column":9}},"type":"switch","locations":[{"start":{"line":21,"column":10},"end":{"line":23,"column":18}},{"start":{"line":24,"column":10},"end":{"line":27,"column":18}},{"start":{"line":28,"column":10},"end":{"line":29,"column":28}}],"line":20}},"s":{"0":0,"1":0,"2":0,"3":0,"4":0,"5":0,"6":0,"7":0,"8":0,"9":0,"10":0,"11":0,"12":0,"13":0},"f":{"0":0},"b":{"0":[0,0],"1":[0,0,0]}}
,"/Users/omarelmasaoudi/Desktop/SOEN390-working/components/InputComponents/AutoCompleteSearchWrapper.tsx": {"path":"/Users/omarelmasaoudi/Desktop/SOEN390-working/components/InputComponents/AutoCompleteSearchWrapper.tsx","statementMap":{"0":{"start":{"line":11,"column":41},"end":{"line":322,"column":1}},"1":{"start":{"line":29,"column":2},"end":{"line":36,"column":22}},"2":{"start":{"line":30,"column":4},"end":{"line":35,"column":5}},"3":{"start":{"line":31,"column":6},"end":{"line":31,"column":55}},"4":{"start":{"line":32,"column":6},"end":{"line":32,"column":114}},"5":{"start":{"line":34,"column":6},"end":{"line":34,"column":94}},"6":{"start":{"line":39,"column":46},"end":{"line":39,"column":58}},"7":{"start":{"line":42,"column":26},"end":{"line":42,"column":43}},"8":{"start":{"line":45,"column":31},"end":{"line":45,"column":66}},"9":{"start":{"line":48,"column":31},"end":{"line":127,"column":3}},"10":{"start":{"line":49,"column":4},"end":{"line":56,"column":5}},"11":{"start":{"line":51,"column":6},"end":{"line":54,"column":16}},"12":{"start":{"line":55,"column":6},"end":{"line":55,"column":13}},"13":{"start":{"line":59,"column":4},"end":{"line":59,"column":41}},"14":{"start":{"line":61,"column":23},"end":{"line":61,"column":63}},"15":{"start":{"line":62,"column":4},"end":{"line":62,"column":28}},"16":{"start":{"line":65,"column":4},"end":{"line":65,"column":28}},"17":{"start":{"line":65,"column":21},"end":{"line":65,"column":28}},"18":{"start":{"line":66,"column":37},"end":{"line":66,"column":47}},"19":{"start":{"line":69,"column":14},"end":{"line":69,"column":21}},"20":{"start":{"line":70,"column":18},"end":{"line":70,"column":64}},"21":{"start":{"line":70,"column":43},"end":{"line":70,"column":64}},"22":{"start":{"line":72,"column":17},"end":{"line":72,"column":63}},"23":{"start":{"line":73,"column":17},"end":{"line":73,"column":65}},"24":{"start":{"line":76,"column":6},"end":{"line":79,"column":31}},"25":{"start":{"line":81,"column":14},"end":{"line":81,"column":60}},"26":{"start":{"line":82,"column":27},"end":{"line":82,"column":48}},"27":{"start":{"line":84,"column":4},"end":{"line":84,"column":80}},"28":{"start":{"line":86,"column":4},"end":{"line":126,"column":5}},"29":{"start":{"line":88,"column":6},"end":{"line":88,"column":45}},"30":{"start":{"line":90,"column":22},"end":{"line":96,"column":7}},"31":{"start":{"line":98,"column":6},"end":{"line":101,"column":7}},"32":{"start":{"line":99,"column":8},"end":{"line":99,"column":99}},"33":{"start":{"line":100,"column":8},"end":{"line":100,"column":15}},"34":{"start":{"line":104,"column":6},"end":{"line":104,"column":33}},"35":{"start":{"line":106,"column":6},"end":{"line":122,"column":7}},"36":{"start":{"line":107,"column":23},"end":{"line":110,"column":11}},"37":{"start":{"line":107,"column":63},"end":{"line":110,"column":9}},"38":{"start":{"line":113,"column":8},"end":{"line":116,"column":11}},"39":{"start":{"line":119,"column":8},"end":{"line":119,"column":27}},"40":{"start":{"line":121,"column":8},"end":{"line":121,"column":63}},"41":{"start":{"line":124,"column":6},"end":{"line":124,"column":56}},"42":{"start":{"line":125,"column":6},"end":{"line":125,"column":72}},"43":{"start":{"line":130,"column":33},"end":{"line":182,"column":3}},"44":{"start":{"line":131,"column":4},"end":{"line":131,"column":50}},"45":{"start":{"line":132,"column":4},"end":{"line":132,"column":25}},"46":{"start":{"line":132,"column":18},"end":{"line":132,"column":25}},"47":{"start":{"line":135,"column":4},"end":{"line":135,"column":49}},"48":{"start":{"line":137,"column":25},"end":{"line":137,"column":50}},"49":{"start":{"line":140,"column":4},"end":{"line":148,"column":6}},"50":{"start":{"line":151,"column":26},"end":{"line":175,"column":5}},"51":{"start":{"line":178,"column":4},"end":{"line":178,"column":37}},"52":{"start":{"line":181,"column":4},"end":{"line":181,"column":23}},"53":{"start":{"line":185,"column":25},"end":{"line":214,"column":3}},"54":{"start":{"line":187,"column":4},"end":{"line":187,"column":26}},"55":{"start":{"line":190,"column":4},"end":{"line":193,"column":14}},"56":{"start":{"line":196,"column":4},"end":{"line":199,"column":5}},"57":{"start":{"line":197,"column":6},"end":{"line":197,"column":49}},"58":{"start":{"line":198,"column":6},"end":{"line":198,"column":42}},"59":{"start":{"line":203,"column":4},"end":{"line":203,"column":29}},"60":{"start":{"line":206,"column":4},"end":{"line":208,"column":5}},"61":{"start":{"line":207,"column":6},"end":{"line":207,"column":38}},"62":{"start":{"line":211,"column":4},"end":{"line":211,"column":23}},"63":{"start":{"line":213,"column":4},"end":{"line":213,"column":55}},"64":{"start":{"line":216,"column":2},"end":{"line":321,"column":4}},"65":{"start":{"line":224,"column":27},"end":{"line":224,"column":83}},"66":{"start":{"line":235,"column":12},"end":{"line":248,"column":13}},"67":{"start":{"line":236,"column":14},"end":{"line":236,"column":38}},"68":{"start":{"line":238,"column":14},"end":{"line":247,"column":15}},"69":{"start":{"line":239,"column":16},"end":{"line":239,"column":51}},"70":{"start":{"line":241,"column":16},"end":{"line":243,"column":17}},"71":{"start":{"line":242,"column":18},"end":{"line":242,"column":61}},"72":{"start":{"line":244,"column":16},"end":{"line":246,"column":24}},"73":{"start":{"line":245,"column":18},"end":{"line":245,"column":45}},"74":{"start":{"line":266,"column":10},"end":{"line":266,"column":65}},"75":{"start":{"line":267,"column":10},"end":{"line":271,"column":12}}},"fnMap":{"0":{"name":"(anonymous_0)","decl":{"start":{"line":11,"column":41},"end":{"line":11,"column":42}},"loc":{"start":{"line":27,"column":6},"end":{"line":322,"column":1}},"line":27},"1":{"name":"(anonymous_1)","decl":{"start":{"line":29,"column":12},"end":{"line":29,"column":13}},"loc":{"start":{"line":29,"column":18},"end":{"line":36,"column":3}},"line":29},"2":{"name":"(anonymous_2)","decl":{"start":{"line":48,"column":31},"end":{"line":48,"column":32}},"loc":{"start":{"line":48,"column":43},"end":{"line":127,"column":3}},"line":48},"3":{"name":"(anonymous_3)","decl":{"start":{"line":70,"column":18},"end":{"line":70,"column":19}},"loc":{"start":{"line":70,"column":43},"end":{"line":70,"column":64}},"line":70},"4":{"name":"(anonymous_4)","decl":{"start":{"line":107,"column":44},"end":{"line":107,"column":45}},"loc":{"start":{"line":107,"column":63},"end":{"line":110,"column":9}},"line":107},"5":{"name":"(anonymous_5)","decl":{"start":{"line":130,"column":33},"end":{"line":130,"column":34}},"loc":{"start":{"line":130,"column":95},"end":{"line":182,"column":3}},"line":130},"6":{"name":"(anonymous_6)","decl":{"start":{"line":185,"column":25},"end":{"line":185,"column":26}},"loc":{"start":{"line":185,"column":31},"end":{"line":214,"column":3}},"line":185},"7":{"name":"(anonymous_7)","decl":{"start":{"line":224,"column":16},"end":{"line":224,"column":17}},"loc":{"start":{"line":224,"column":27},"end":{"line":224,"column":83}},"line":224},"8":{"name":"(anonymous_8)","decl":{"start":{"line":233,"column":24},"end":{"line":233,"column":25}},"loc":{"start":{"line":233,"column":34},"end":{"line":249,"column":11}},"line":233},"9":{"name":"(anonymous_9)","decl":{"start":{"line":244,"column":58},"end":{"line":244,"column":59}},"loc":{"start":{"line":244,"column":64},"end":{"line":246,"column":17}},"line":244},"10":{"name":"(anonymous_10)","decl":{"start":{"line":265,"column":19},"end":{"line":265,"column":20}},"loc":{"start":{"line":265,"column":29},"end":{"line":272,"column":9}},"line":265}},"branchMap":{"0":{"loc":{"start":{"line":30,"column":4},"end":{"line":35,"column":5}},"type":"if","locations":[{"start":{"line":30,"column":4},"end":{"line":35,"column":5}},{"start":{"line":33,"column":11},"end":{"line":35,"column":5}}],"line":30},"1":{"loc":{"start":{"line":49,"column":4},"end":{"line":56,"column":5}},"type":"if","locations":[{"start":{"line":49,"column":4},"end":{"line":56,"column":5}},{"start":{},"end":{}}],"line":49},"2":{"loc":{"start":{"line":65,"column":4},"end":{"line":65,"column":28}},"type":"if","locations":[{"start":{"line":65,"column":4},"end":{"line":65,"column":28}},{"start":{},"end":{}}],"line":65},"3":{"loc":{"start":{"line":92,"column":8},"end":{"line":92,"column":56}},"type":"binary-expr","locations":[{"start":{"line":92,"column":8},"end":{"line":92,"column":30}},{"start":{"line":92,"column":34},"end":{"line":92,"column":56}}],"line":92},"4":{"loc":{"start":{"line":93,"column":8},"end":{"line":93,"column":58}},"type":"binary-expr","locations":[{"start":{"line":93,"column":8},"end":{"line":93,"column":31}},{"start":{"line":93,"column":35},"end":{"line":93,"column":58}}],"line":93},"5":{"loc":{"start":{"line":98,"column":6},"end":{"line":101,"column":7}},"type":"if","locations":[{"start":{"line":98,"column":6},"end":{"line":101,"column":7}},{"start":{},"end":{}}],"line":98},"6":{"loc":{"start":{"line":106,"column":6},"end":{"line":122,"column":7}},"type":"if","locations":[{"start":{"line":106,"column":6},"end":{"line":122,"column":7}},{"start":{},"end":{}}],"line":106},"7":{"loc":{"start":{"line":132,"column":4},"end":{"line":132,"column":25}},"type":"if","locations":[{"start":{"line":132,"column":4},"end":{"line":132,"column":25}},{"start":{},"end":{}}],"line":132},"8":{"loc":{"start":{"line":135,"column":25},"end":{"line":135,"column":47}},"type":"binary-expr","locations":[{"start":{"line":135,"column":25},"end":{"line":135,"column":41}},{"start":{"line":135,"column":45},"end":{"line":135,"column":47}}],"line":135},"9":{"loc":{"start":{"line":162,"column":29},"end":{"line":162,"column":100}},"type":"binary-expr","locations":[{"start":{"line":162,"column":29},"end":{"line":162,"column":54}},{"start":{"line":162,"column":58},"end":{"line":162,"column":74}},{"start":{"line":162,"column":78},"end":{"line":162,"column":100}}],"line":162},"10":{"loc":{"start":{"line":163,"column":17},"end":{"line":163,"column":36}},"type":"binary-expr","locations":[{"start":{"line":163,"column":17},"end":{"line":163,"column":30}},{"start":{"line":163,"column":34},"end":{"line":163,"column":36}}],"line":163},"11":{"loc":{"start":{"line":164,"column":18},"end":{"line":164,"column":46}},"type":"binary-expr","locations":[{"start":{"line":164,"column":18},"end":{"line":164,"column":41}},{"start":{"line":164,"column":45},"end":{"line":164,"column":46}}],"line":164},"12":{"loc":{"start":{"line":165,"column":23},"end":{"line":165,"column":56}},"type":"binary-expr","locations":[{"start":{"line":165,"column":23},"end":{"line":165,"column":51}},{"start":{"line":165,"column":55},"end":{"line":165,"column":56}}],"line":165},"13":{"loc":{"start":{"line":171,"column":19},"end":{"line":171,"column":90}},"type":"binary-expr","locations":[{"start":{"line":171,"column":19},"end":{"line":171,"column":44}},{"start":{"line":171,"column":48},"end":{"line":171,"column":64}},{"start":{"line":171,"column":68},"end":{"line":171,"column":90}}],"line":171},"14":{"loc":{"start":{"line":196,"column":4},"end":{"line":199,"column":5}},"type":"if","locations":[{"start":{"line":196,"column":4},"end":{"line":199,"column":5}},{"start":{},"end":{}}],"line":196},"15":{"loc":{"start":{"line":206,"column":4},"end":{"line":208,"column":5}},"type":"if","locations":[{"start":{"line":206,"column":4},"end":{"line":208,"column":5}},{"start":{},"end":{}}],"line":206},"16":{"loc":{"start":{"line":228,"column":20},"end":{"line":228,"column":87}},"type":"cond-expr","locations":[{"start":{"line":228,"column":31},"end":{"line":228,"column":75}},{"start":{"line":228,"column":78},"end":{"line":228,"column":87}}],"line":228},"17":{"loc":{"start":{"line":235,"column":12},"end":{"line":248,"column":13}},"type":"if","locations":[{"start":{"line":235,"column":12},"end":{"line":248,"column":13}},{"start":{},"end":{}}],"line":235},"18":{"loc":{"start":{"line":238,"column":14},"end":{"line":247,"column":15}},"type":"if","locations":[{"start":{"line":238,"column":14},"end":{"line":247,"column":15}},{"start":{},"end":{}}],"line":238},"19":{"loc":{"start":{"line":241,"column":16},"end":{"line":243,"column":17}},"type":"if","locations":[{"start":{"line":241,"column":16},"end":{"line":243,"column":17}},{"start":{},"end":{}}],"line":241}},"s":{"0":1,"1":10,"2":6,"3":0,"4":0,"5":6,"6":10,"7":10,"8":10,"9":10,"10":4,"11":0,"12":0,"13":4,"14":4,"15":4,"16":4,"17":0,"18":4,"19":4,"20":4,"21":16,"22":4,"23":4,"24":4,"25":4,"26":4,"27":4,"28":4,"29":4,"30":4,"31":3,"32":1,"33":1,"34":2,"35":2,"36":2,"37":2,"38":2,"39":2,"40":2,"41":1,"42":1,"43":10,"44":0,"45":0,"46":0,"47":0,"48":0,"49":0,"50":0,"51":0,"52":0,"53":10,"54":1,"55":1,"56":1,"57":0,"58":0,"59":1,"60":1,"61":1,"62":1,"63":1,"64":10,"65":0,"66":4,"67":4,"68":4,"69":4,"70":4,"71":0,"72":4,"73":0,"74":0,"75":0},"f":{"0":10,"1":6,"2":4,"3":16,"4":2,"5":0,"6":1,"7":0,"8":4,"9":0,"10":0},"b":{"0":[0,6],"1":[0,4],"2":[0,4],"3":[4,4],"4":[4,4],"5":[1,2],"6":[2,0],"7":[0,0],"8":[0,0],"9":[0,0,0],"10":[0,0],"11":[0,0],"12":[0,0],"13":[0,0,0],"14":[0,1],"15":[1,0],"16":[10,0],"17":[4,0],"18":[4,0],"19":[0,4]},"_coverageSchema":"1a1c01bbd47fc00a2c39e90264f33305004495a9","hash":"cbdf9732f7329d405734d47a694dab40bfdfb114"}
,"/Users/omarelmasaoudi/Desktop/SOEN390-working/components/InputComponents/Buttons.tsx": {"path":"/Users/omarelmasaoudi/Desktop/SOEN390-working/components/InputComponents/Buttons.tsx","statementMap":{"0":{"start":{"line":9,"column":57},"end":{"line":19,"column":1}},"1":{"start":{"line":14,"column":2},"end":{"line":18,"column":4}},"2":{"start":{"line":21,"column":50},"end":{"line":32,"column":1}},"3":{"start":{"line":27,"column":2},"end":{"line":31,"column":4}}},"fnMap":{"0":{"name":"(anonymous_0)","decl":{"start":{"line":9,"column":57},"end":{"line":9,"column":58}},"loc":{"start":{"line":13,"column":6},"end":{"line":19,"column":1}},"line":13},"1":{"name":"(anonymous_1)","decl":{"start":{"line":21,"column":50},"end":{"line":21,"column":51}},"loc":{"start":{"line":26,"column":6},"end":{"line":32,"column":1}},"line":26}},"branchMap":{},"s":{"0":3,"1":14,"2":3,"3":14},"f":{"0":14,"1":14},"b":{},"_coverageSchema":"1a1c01bbd47fc00a2c39e90264f33305004495a9","hash":"dbee0a07bda838805802456f68e938d434808a8b"}
,"/Users/omarelmasaoudi/Desktop/SOEN390-working/components/InputComponents/InputFields.tsx": {"path":"/Users/omarelmasaoudi/Desktop/SOEN390-working/components/InputComponents/InputFields.tsx","statementMap":{"0":{"start":{"line":7,"column":51},"end":{"line":27,"column":1}},"1":{"start":{"line":8,"column":2},"end":{"line":25,"column":4}},"2":{"start":{"line":30,"column":52},"end":{"line":50,"column":1}},"3":{"start":{"line":31,"column":27},"end":{"line":33,"column":3}},"4":{"start":{"line":32,"column":4},"end":{"line":32,"column":29}},"5":{"start":{"line":35,"column":2},"end":{"line":49,"column":4}}},"fnMap":{"0":{"name":"(anonymous_0)","decl":{"start":{"line":7,"column":51},"end":{"line":7,"column":52}},"loc":{"start":{"line":7,"column":127},"end":{"line":27,"column":1}},"line":7},"1":{"name":"(anonymous_1)","decl":{"start":{"line":30,"column":52},"end":{"line":30,"column":53}},"loc":{"start":{"line":30,"column":141},"end":{"line":50,"column":1}},"line":30},"2":{"name":"(anonymous_2)","decl":{"start":{"line":31,"column":27},"end":{"line":31,"column":28}},"loc":{"start":{"line":31,"column":45},"end":{"line":33,"column":3}},"line":31}},"branchMap":{"0":{"loc":{"start":{"line":19,"column":7},"end":{"line":23,"column":7}},"type":"binary-expr","locations":[{"start":{"line":19,"column":7},"end":{"line":19,"column":28}},{"start":{"line":20,"column":8},"end":{"line":22,"column":27}}],"line":19},"1":{"loc":{"start":{"line":43,"column":7},"end":{"line":47,"column":7}},"type":"binary-expr","locations":[{"start":{"line":43,"column":7},"end":{"line":43,"column":28}},{"start":{"line":44,"column":8},"end":{"line":46,"column":27}}],"line":43}},"s":{"0":2,"1":8,"2":2,"3":3,"4":1,"5":3},"f":{"0":8,"1":3,"2":1},"b":{"0":[8,4],"1":[3,1]},"_coverageSchema":"1a1c01bbd47fc00a2c39e90264f33305004495a9","hash":"90354edb8dacfc7bf5065da90399be27ad5366e1"}
,"/Users/omarelmasaoudi/Desktop/SOEN390-working/components/MapComponents/MapMarker.tsx": {"path":"/Users/omarelmasaoudi/Desktop/SOEN390-working/components/MapComponents/MapMarker.tsx","statementMap":{"0":{"start":{"line":5,"column":44},"end":{"line":7,"column":1}},"1":{"start":{"line":6,"column":2},"end":{"line":6,"column":58}}},"fnMap":{"0":{"name":"(anonymous_0)","decl":{"start":{"line":5,"column":44},"end":{"line":5,"column":45}},"loc":{"start":{"line":5,"column":71},"end":{"line":7,"column":1}},"line":5}},"branchMap":{},"s":{"0":1,"1":4},"f":{"0":4},"b":{},"_coverageSchema":"1a1c01bbd47fc00a2c39e90264f33305004495a9","hash":"e075ba0be7dce2f9aa0ad4c21854d49fee764633"}
,"/Users/omarelmasaoudi/Desktop/SOEN390-working/components/MapComponents/MarkerInfoBox.tsx": {"path":"/Users/omarelmasaoudi/Desktop/SOEN390-working/components/MapComponents/MarkerInfoBox.tsx","statementMap":{"0":{"start":{"line":17,"column":59},"end":{"line":136,"column":1}},"1":{"start":{"line":24,"column":30},"end":{"line":24,"column":46}},"2":{"start":{"line":26,"column":47},"end":{"line":26,"column":64}},"3":{"start":{"line":28,"column":4},"end":{"line":135,"column":6}}},"fnMap":{"0":{"name":"(anonymous_0)","decl":{"start":{"line":17,"column":59},"end":{"line":17,"column":60}},"loc":{"start":{"line":23,"column":6},"end":{"line":136,"column":1}},"line":23}},"branchMap":{"0":{"loc":{"start":{"line":24,"column":30},"end":{"line":24,"column":46}},"type":"binary-expr","locations":[{"start":{"line":24,"column":30},"end":{"line":24,"column":40}},{"start":{"line":24,"column":44},"end":{"line":24,"column":46}}],"line":24},"1":{"loc":{"start":{"line":34,"column":29},"end":{"line":34,"column":57}},"type":"binary-expr","locations":[{"start":{"line":34,"column":29},"end":{"line":34,"column":34}},{"start":{"line":34,"column":38},"end":{"line":34,"column":57}}],"line":34},"2":{"loc":{"start":{"line":40,"column":33},"end":{"line":40,"column":92}},"type":"cond-expr","locations":[{"start":{"line":40,"column":56},"end":{"line":40,"column":71}},{"start":{"line":40,"column":74},"end":{"line":40,"column":92}}],"line":40},"3":{"loc":{"start":{"line":45,"column":29},"end":{"line":50,"column":29}},"type":"binary-expr","locations":[{"start":{"line":45,"column":29},"end":{"line":45,"column":59}},{"start":{"line":46,"column":32},"end":{"line":49,"column":39}}],"line":45},"4":{"loc":{"start":{"line":52,"column":29},"end":{"line":57,"column":29}},"type":"binary-expr","locations":[{"start":{"line":52,"column":29},"end":{"line":52,"column":48}},{"start":{"line":53,"column":32},"end":{"line":56,"column":39}}],"line":52},"5":{"loc":{"start":{"line":60,"column":29},"end":{"line":65,"column":29}},"type":"binary-expr","locations":[{"start":{"line":60,"column":29},"end":{"line":60,"column":49}},{"start":{"line":61,"column":32},"end":{"line":64,"column":39}}],"line":60},"6":{"loc":{"start":{"line":67,"column":29},"end":{"line":72,"column":29}},"type":"binary-expr","locations":[{"start":{"line":67,"column":29},"end":{"line":67,"column":51}},{"start":{"line":68,"column":32},"end":{"line":71,"column":39}}],"line":67},"7":{"loc":{"start":{"line":74,"column":29},"end":{"line":79,"column":29}},"type":"binary-expr","locations":[{"start":{"line":74,"column":29},"end":{"line":74,"column":56}},{"start":{"line":75,"column":32},"end":{"line":78,"column":39}}],"line":74},"8":{"loc":{"start":{"line":81,"column":29},"end":{"line":86,"column":29}},"type":"binary-expr","locations":[{"start":{"line":81,"column":29},"end":{"line":81,"column":49}},{"start":{"line":82,"column":32},"end":{"line":85,"column":39}}],"line":81},"9":{"loc":{"start":{"line":88,"column":29},"end":{"line":93,"column":29}},"type":"binary-expr","locations":[{"start":{"line":88,"column":29},"end":{"line":88,"column":47}},{"start":{"line":89,"column":32},"end":{"line":92,"column":39}}],"line":88},"10":{"loc":{"start":{"line":95,"column":29},"end":{"line":108,"column":29}},"type":"binary-expr","locations":[{"start":{"line":95,"column":29},"end":{"line":95,"column":39}},{"start":{"line":96,"column":32},"end":{"line":107,"column":35}}],"line":95}},"s":{"0":1,"1":4,"2":4,"3":4},"f":{"0":4},"b":{"0":[4,3],"1":[4,0],"2":[0,4],"3":[4,0],"4":[4,1],"5":[4,0],"6":[4,0],"7":[4,0],"8":[4,0],"9":[4,0],"10":[4,0]},"_coverageSchema":"1a1c01bbd47fc00a2c39e90264f33305004495a9","hash":"9bf1c0c21f4ba53da06880e85e743c1d085442c2"}
,"/Users/omarelmasaoudi/Desktop/SOEN390-working/components/MapComponents/MarkersComponent.tsx": {"path":"/Users/omarelmasaoudi/Desktop/SOEN390-working/components/MapComponents/MarkersComponent.tsx","statementMap":{"0":{"start":{"line":5,"column":68},"end":{"line":29,"column":1}},"1":{"start":{"line":9,"column":2},"end":{"line":28,"column":4}},"2":{"start":{"line":12,"column":25},"end":{"line":12,"column":70}},"3":{"start":{"line":13,"column":26},"end":{"line":13,"column":72}},"4":{"start":{"line":15,"column":8},"end":{"line":15,"column":75}},"5":{"start":{"line":15,"column":63},"end":{"line":15,"column":75}},"6":{"start":{"line":17,"column":8},"end":{"line":25,"column":10}},"7":{"start":{"line":23,"column":27},"end":{"line":23,"column":50}}},"fnMap":{"0":{"name":"(anonymous_0)","decl":{"start":{"line":5,"column":68},"end":{"line":5,"column":69}},"loc":{"start":{"line":8,"column":6},"end":{"line":29,"column":1}},"line":8},"1":{"name":"(anonymous_1)","decl":{"start":{"line":11,"column":16},"end":{"line":11,"column":17}},"loc":{"start":{"line":11,"column":33},"end":{"line":26,"column":7}},"line":11},"2":{"name":"(anonymous_2)","decl":{"start":{"line":23,"column":21},"end":{"line":23,"column":22}},"loc":{"start":{"line":23,"column":27},"end":{"line":23,"column":50}},"line":23}},"branchMap":{"0":{"loc":{"start":{"line":12,"column":25},"end":{"line":12,"column":70}},"type":"binary-expr","locations":[{"start":{"line":12,"column":25},"end":{"line":12,"column":38}},{"start":{"line":12,"column":42},"end":{"line":12,"column":70}}],"line":12},"1":{"loc":{"start":{"line":13,"column":26},"end":{"line":13,"column":72}},"type":"binary-expr","locations":[{"start":{"line":13,"column":26},"end":{"line":13,"column":40}},{"start":{"line":13,"column":44},"end":{"line":13,"column":72}}],"line":13},"2":{"loc":{"start":{"line":15,"column":8},"end":{"line":15,"column":75}},"type":"if","locations":[{"start":{"line":15,"column":8},"end":{"line":15,"column":75}},{"start":{},"end":{}}],"line":15},"3":{"loc":{"start":{"line":15,"column":12},"end":{"line":15,"column":61}},"type":"binary-expr","locations":[{"start":{"line":15,"column":12},"end":{"line":15,"column":34}},{"start":{"line":15,"column":38},"end":{"line":15,"column":61}}],"line":15},"4":{"loc":{"start":{"line":19,"column":17},"end":{"line":19,"column":66}},"type":"cond-expr","locations":[{"start":{"line":19,"column":27},"end":{"line":19,"column":46}},{"start":{"line":19,"column":49},"end":{"line":19,"column":66}}],"line":19},"5":{"loc":{"start":{"line":21,"column":19},"end":{"line":21,"column":49}},"type":"binary-expr","locations":[{"start":{"line":21,"column":19},"end":{"line":21,"column":36}},{"start":{"line":21,"column":40},"end":{"line":21,"column":49}}],"line":21},"6":{"loc":{"start":{"line":22,"column":22},"end":{"line":22,"column":63}},"type":"cond-expr","locations":[{"start":{"line":22,"column":42},"end":{"line":22,"column":51}},{"start":{"line":22,"column":54},"end":{"line":22,"column":63}}],"line":22}},"s":{"0":1,"1":3,"2":10,"3":10,"4":10,"5":1,"6":9,"7":1},"f":{"0":3,"1":10,"2":1},"b":{"0":[10,4],"1":[10,4],"2":[1,9],"3":[10,9],"4":[9,0],"5":[9,6],"6":[3,6]},"_coverageSchema":"1a1c01bbd47fc00a2c39e90264f33305004495a9","hash":"e527bc8047644d44bad6b40da7496a8198143a11"}
,"/Users/omarelmasaoudi/Desktop/SOEN390-working/components/MapComponents/SwitchBotton.tsx": {"path":"/Users/omarelmasaoudi/Desktop/SOEN390-working/components/MapComponents/SwitchBotton.tsx","statementMap":{"0":{"start":{"line":7,"column":52},"end":{"line":18,"column":1}},"1":{"start":{"line":8,"column":2},"end":{"line":17,"column":4}},"2":{"start":{"line":20,"column":15},"end":{"line":32,"column":2}}},"fnMap":{"0":{"name":"(anonymous_0)","decl":{"start":{"line":7,"column":52},"end":{"line":7,"column":53}},"loc":{"start":{"line":7,"column":93},"end":{"line":18,"column":1}},"line":7}},"branchMap":{},"s":{"0":1,"1":3,"2":1},"f":{"0":3},"b":{},"_coverageSchema":"1a1c01bbd47fc00a2c39e90264f33305004495a9","hash":"a1f657116cdb9292ce8ee9a9b4689d678c6dc364"}
,"/Users/omarelmasaoudi/Desktop/SOEN390-working/hooks/RequestUserLocation.tsx": {"path":"/Users/omarelmasaoudi/Desktop/SOEN390-working/hooks/RequestUserLocation.tsx","statementMap":{"0":{"start":{"line":4,"column":44},"end":{"line":48,"column":1}},"1":{"start":{"line":5,"column":34},"end":{"line":5,"column":96}},"2":{"start":{"line":7,"column":2},"end":{"line":45,"column":9}},"3":{"start":{"line":8,"column":38},"end":{"line":26,"column":5}},"4":{"start":{"line":9,"column":6},"end":{"line":9,"column":44}},"5":{"start":{"line":9,"column":37},"end":{"line":9,"column":44}},"6":{"start":{"line":11,"column":22},"end":{"line":19,"column":7}},"7":{"start":{"line":21,"column":6},"end":{"line":25,"column":7}},"8":{"start":{"line":22,"column":8},"end":{"line":22,"column":29}},"9":{"start":{"line":24,"column":8},"end":{"line":24,"column":70}},"10":{"start":{"line":28,"column":31},"end":{"line":42,"column":5}},"11":{"start":{"line":29,"column":6},"end":{"line":41,"column":8}},"12":{"start":{"line":31,"column":10},"end":{"line":34,"column":13}},"13":{"start":{"line":37,"column":10},"end":{"line":37,"column":59}},"14":{"start":{"line":38,"column":10},"end":{"line":38,"column":63}},"15":{"start":{"line":44,"column":4},"end":{"line":44,"column":32}},"16":{"start":{"line":47,"column":2},"end":{"line":47,"column":18}}},"fnMap":{"0":{"name":"(anonymous_0)","decl":{"start":{"line":4,"column":44},"end":{"line":4,"column":45}},"loc":{"start":{"line":4,"column":50},"end":{"line":48,"column":1}},"line":4},"1":{"name":"(anonymous_1)","decl":{"start":{"line":7,"column":12},"end":{"line":7,"column":13}},"loc":{"start":{"line":7,"column":18},"end":{"line":45,"column":3}},"line":7},"2":{"name":"(anonymous_2)","decl":{"start":{"line":8,"column":38},"end":{"line":8,"column":39}},"loc":{"start":{"line":8,"column":50},"end":{"line":26,"column":5}},"line":8},"3":{"name":"(anonymous_3)","decl":{"start":{"line":28,"column":31},"end":{"line":28,"column":32}},"loc":{"start":{"line":28,"column":37},"end":{"line":42,"column":5}},"line":28},"4":{"name":"(anonymous_4)","decl":{"start":{"line":30,"column":8},"end":{"line":30,"column":9}},"loc":{"start":{"line":30,"column":22},"end":{"line":35,"column":9}},"line":30},"5":{"name":"(anonymous_5)","decl":{"start":{"line":36,"column":8},"end":{"line":36,"column":9}},"loc":{"start":{"line":36,"column":19},"end":{"line":39,"column":9}},"line":36}},"branchMap":{"0":{"loc":{"start":{"line":9,"column":6},"end":{"line":9,"column":44}},"type":"if","locations":[{"start":{"line":9,"column":6},"end":{"line":9,"column":44}},{"start":{},"end":{}}],"line":9},"1":{"loc":{"start":{"line":21,"column":6},"end":{"line":25,"column":7}},"type":"if","locations":[{"start":{"line":21,"column":6},"end":{"line":25,"column":7}},{"start":{"line":23,"column":13},"end":{"line":25,"column":7}}],"line":21}},"s":{"0":3,"1":3,"2":3,"3":3,"4":3,"5":0,"6":3,"7":3,"8":2,"9":1,"10":3,"11":2,"12":0,"13":1,"14":1,"15":3,"16":3},"f":{"0":3,"1":3,"2":3,"3":2,"4":0,"5":1},"b":{"0":[0,3],"1":[2,1]},"_coverageSchema":"1a1c01bbd47fc00a2c39e90264f33305004495a9","hash":"32db053c65dfb5d435332bdd6076a18ecbab67a2"}
,"/Users/omarelmasaoudi/Desktop/SOEN390-working/navigation/Navigation.tsx": {"path":"/Users/omarelmasaoudi/Desktop/SOEN390-working/navigation/Navigation.tsx","statementMap":{"0":{"start":{"line":14,"column":12},"end":{"line":14,"column":38}},"1":{"start":{"line":16,"column":4},"end":{"line":48,"column":6}},"2":{"start":{"line":18,"column":39},"end":{"line":40,"column":9}},"3":{"start":{"line":21,"column":59},"end":{"line":21,"column":65}},"4":{"start":{"line":23,"column":12},"end":{"line":32,"column":71}},"5":{"start":{"line":24,"column":16},"end":{"line":24,"column":61}},"6":{"start":{"line":25,"column":19},"end":{"line":32,"column":71}},"7":{"start":{"line":26,"column":16},"end":{"line":26,"column":69}},"8":{"start":{"line":27,"column":19},"end":{"line":32,"column":71}},"9":{"start":{"line":28,"column":16},"end":{"line":28,"column":69}},"10":{"start":{"line":29,"column":19},"end":{"line":32,"column":71}},"11":{"start":{"line":30,"column":16},"end":{"line":30,"column":89}},"12":{"start":{"line":31,"column":19},"end":{"line":32,"column":71}},"13":{"start":{"line":32,"column":16},"end":{"line":32,"column":69}},"14":{"start":{"line":36,"column":12},"end":{"line":36,"column":74}}},"fnMap":{"0":{"name":"Navigation","decl":{"start":{"line":15,"column":24},"end":{"line":15,"column":34}},"loc":{"start":{"line":15,"column":37},"end":{"line":49,"column":1}},"line":15},"1":{"name":"(anonymous_1)","decl":{"start":{"line":18,"column":23},"end":{"line":18,"column":24}},"loc":{"start":{"line":18,"column":39},"end":{"line":40,"column":9}},"line":18},"2":{"name":"(anonymous_2)","decl":{"start":{"line":19,"column":24},"end":{"line":19,"column":25}},"loc":{"start":{"line":19,"column":54},"end":{"line":37,"column":13}},"line":19}},"branchMap":{"0":{"loc":{"start":{"line":23,"column":12},"end":{"line":32,"column":71}},"type":"if","locations":[{"start":{"line":23,"column":12},"end":{"line":32,"column":71}},{"start":{"line":25,"column":19},"end":{"line":32,"column":71}}],"line":23},"1":{"loc":{"start":{"line":24,"column":27},"end":{"line":24,"column":60}},"type":"cond-expr","locations":[{"start":{"line":24,"column":37},"end":{"line":24,"column":43}},{"start":{"line":24,"column":46},"end":{"line":24,"column":60}}],"line":24},"2":{"loc":{"start":{"line":25,"column":19},"end":{"line":32,"column":71}},"type":"if","locations":[{"start":{"line":25,"column":19},"end":{"line":32,"column":71}},{"start":{"line":27,"column":19},"end":{"line":32,"column":71}}],"line":25},"3":{"loc":{"start":{"line":26,"column":27},"end":{"line":26,"column":68}},"type":"cond-expr","locations":[{"start":{"line":26,"column":37},"end":{"line":26,"column":47}},{"start":{"line":26,"column":50},"end":{"line":26,"column":68}}],"line":26},"4":{"loc":{"start":{"line":27,"column":19},"end":{"line":32,"column":71}},"type":"if","locations":[{"start":{"line":27,"column":19},"end":{"line":32,"column":71}},{"start":{"line":29,"column":19},"end":{"line":32,"column":71}}],"line":27},"5":{"loc":{"start":{"line":28,"column":27},"end":{"line":28,"column":68}},"type":"cond-expr","locations":[{"start":{"line":28,"column":37},"end":{"line":28,"column":47}},{"start":{"line":28,"column":50},"end":{"line":28,"column":68}}],"line":28},"6":{"loc":{"start":{"line":29,"column":19},"end":{"line":32,"column":71}},"type":"if","locations":[{"start":{"line":29,"column":19},"end":{"line":32,"column":71}},{"start":{"line":31,"column":19},"end":{"line":32,"column":71}}],"line":29},"7":{"loc":{"start":{"line":30,"column":27},"end":{"line":30,"column":88}},"type":"cond-expr","locations":[{"start":{"line":30,"column":37},"end":{"line":30,"column":57}},{"start":{"line":30,"column":60},"end":{"line":30,"column":88}}],"line":30},"8":{"loc":{"start":{"line":31,"column":19},"end":{"line":32,"column":71}},"type":"if","locations":[{"start":{"line":31,"column":19},"end":{"line":32,"column":71}},{"start":{},"end":{}}],"line":31},"9":{"loc":{"start":{"line":32,"column":27},"end":{"line":32,"column":68}},"type":"cond-expr","locations":[{"start":{"line":32,"column":37},"end":{"line":32,"column":47}},{"start":{"line":32,"column":50},"end":{"line":32,"column":68}}],"line":32}},"s":{"0":1,"1":2,"2":25,"3":50,"4":50,"5":10,"6":40,"7":10,"8":30,"9":10,"10":20,"11":10,"12":10,"13":10,"14":50},"f":{"0":2,"1":25,"2":50},"b":{"0":[10,40],"1":[5,5],"2":[10,30],"3":[5,5],"4":[10,20],"5":[5,5],"6":[10,10],"7":[5,5],"8":[10,0],"9":[5,5]},"_coverageSchema":"1a1c01bbd47fc00a2c39e90264f33305004495a9","hash":"fed566d5fcb55afa6177ad1642246a71aa6e229a"}
,"/Users/omarelmasaoudi/Desktop/SOEN390-working/screens/CalendarScreen.tsx": {"path":"/Users/omarelmasaoudi/Desktop/SOEN390-working/screens/CalendarScreen.tsx","statementMap":{"0":{"start":{"line":17,"column":33},"end":{"line":115,"column":1}},"1":{"start":{"line":18,"column":42},"end":{"line":18,"column":76}},"2":{"start":{"line":19,"column":30},"end":{"line":19,"column":80}},"3":{"start":{"line":20,"column":54},"end":{"line":20,"column":75}},"4":{"start":{"line":21,"column":36},"end":{"line":21,"column":59}},"5":{"start":{"line":22,"column":28},"end":{"line":22,"column":56}},"6":{"start":{"line":23,"column":36},"end":{"line":23,"column":60}},"7":{"start":{"line":24,"column":46},"end":{"line":24,"column":90}},"8":{"start":{"line":27,"column":2},"end":{"line":33,"column":9}},"9":{"start":{"line":28,"column":24},"end":{"line":30,"column":6}},"10":{"start":{"line":29,"column":6},"end":{"line":29,"column":39}},"11":{"start":{"line":32,"column":4},"end":{"line":32,"column":31}},"12":{"start":{"line":32,"column":17},"end":{"line":32,"column":30}},"13":{"start":{"line":36,"column":2},"end":{"line":38,"column":9}},"14":{"start":{"line":37,"column":4},"end":{"line":37,"column":18}},"15":{"start":{"line":40,"column":22},"end":{"line":63,"column":8}},"16":{"start":{"line":41,"column":4},"end":{"line":62,"column":5}},"17":{"start":{"line":42,"column":6},"end":{"line":42,"column":25}},"18":{"start":{"line":43,"column":6},"end":{"line":43,"column":21}},"19":{"start":{"line":47,"column":28},"end":{"line":47,"column":54}},"20":{"start":{"line":48,"column":29},"end":{"line":48,"column":56}},"21":{"start":{"line":49,"column":25},"end":{"line":49,"column":48}},"22":{"start":{"line":51,"column":6},"end":{"line":55,"column":9}},"23":{"start":{"line":57,"column":20},"end":{"line":57,"column":87}},"24":{"start":{"line":58,"column":6},"end":{"line":58,"column":22}},"25":{"start":{"line":59,"column":6},"end":{"line":59,"column":54}},"26":{"start":{"line":61,"column":6},"end":{"line":61,"column":26}},"27":{"start":{"line":66,"column":2},"end":{"line":75,"column":45}},"28":{"start":{"line":67,"column":4},"end":{"line":74,"column":5}},"29":{"start":{"line":68,"column":36},"end":{"line":68,"column":64}},"30":{"start":{"line":69,"column":24},"end":{"line":69,"column":65}},"31":{"start":{"line":70,"column":6},"end":{"line":70,"column":39}},"32":{"start":{"line":72,"column":6},"end":{"line":72,"column":65}},"33":{"start":{"line":73,"column":6},"end":{"line":73,"column":32}},"34":{"start":{"line":78,"column":27},"end":{"line":84,"column":8}},"35":{"start":{"line":79,"column":4},"end":{"line":83,"column":5}},"36":{"start":{"line":80,"column":6},"end":{"line":80,"column":28}},"37":{"start":{"line":82,"column":6},"end":{"line":82,"column":50}},"38":{"start":{"line":87,"column":22},"end":{"line":89,"column":19}},"39":{"start":{"line":88,"column":4},"end":{"line":88,"column":18}},"40":{"start":{"line":91,"column":2},"end":{"line":114,"column":4}},"41":{"start":{"line":117,"column":19},"end":{"line":117,"column":43}}},"fnMap":{"0":{"name":"(anonymous_0)","decl":{"start":{"line":17,"column":33},"end":{"line":17,"column":34}},"loc":{"start":{"line":17,"column":39},"end":{"line":115,"column":1}},"line":17},"1":{"name":"(anonymous_1)","decl":{"start":{"line":27,"column":12},"end":{"line":27,"column":13}},"loc":{"start":{"line":27,"column":18},"end":{"line":33,"column":3}},"line":27},"2":{"name":"(anonymous_2)","decl":{"start":{"line":28,"column":49},"end":{"line":28,"column":50}},"loc":{"start":{"line":28,"column":58},"end":{"line":30,"column":5}},"line":28},"3":{"name":"(anonymous_3)","decl":{"start":{"line":32,"column":11},"end":{"line":32,"column":12}},"loc":{"start":{"line":32,"column":17},"end":{"line":32,"column":30}},"line":32},"4":{"name":"(anonymous_4)","decl":{"start":{"line":36,"column":12},"end":{"line":36,"column":13}},"loc":{"start":{"line":36,"column":18},"end":{"line":38,"column":3}},"line":36},"5":{"name":"(anonymous_5)","decl":{"start":{"line":40,"column":34},"end":{"line":40,"column":35}},"loc":{"start":{"line":40,"column":46},"end":{"line":63,"column":3}},"line":40},"6":{"name":"(anonymous_6)","decl":{"start":{"line":66,"column":12},"end":{"line":66,"column":13}},"loc":{"start":{"line":66,"column":18},"end":{"line":75,"column":3}},"line":66},"7":{"name":"(anonymous_7)","decl":{"start":{"line":78,"column":39},"end":{"line":78,"column":40}},"loc":{"start":{"line":78,"column":57},"end":{"line":84,"column":3}},"line":78},"8":{"name":"(anonymous_8)","decl":{"start":{"line":87,"column":34},"end":{"line":87,"column":35}},"loc":{"start":{"line":87,"column":40},"end":{"line":89,"column":3}},"line":87}},"branchMap":{"0":{"loc":{"start":{"line":57,"column":20},"end":{"line":57,"column":87}},"type":"cond-expr","locations":[{"start":{"line":57,"column":43},"end":{"line":57,"column":46}},{"start":{"line":57,"column":49},"end":{"line":57,"column":87}}],"line":57},"1":{"loc":{"start":{"line":68,"column":36},"end":{"line":68,"column":64}},"type":"binary-expr","locations":[{"start":{"line":68,"column":36},"end":{"line":68,"column":58}},{"start":{"line":68,"column":62},"end":{"line":68,"column":64}}],"line":68},"2":{"loc":{"start":{"line":69,"column":24},"end":{"line":69,"column":65}},"type":"binary-expr","locations":[{"start":{"line":69,"column":24},"end":{"line":69,"column":59}},{"start":{"line":69,"column":63},"end":{"line":69,"column":65}}],"line":69},"3":{"loc":{"start":{"line":99,"column":21},"end":{"line":99,"column":44}},"type":"binary-expr","locations":[{"start":{"line":99,"column":21},"end":{"line":99,"column":30}},{"start":{"line":99,"column":34},"end":{"line":99,"column":44}}],"line":99},"4":{"loc":{"start":{"line":100,"column":17},"end":{"line":100,"column":96}},"type":"cond-expr","locations":[{"start":{"line":100,"column":29},"end":{"line":100,"column":88}},{"start":{"line":100,"column":91},"end":{"line":100,"column":96}}],"line":100},"5":{"loc":{"start":{"line":109,"column":21},"end":{"line":109,"column":81}},"type":"binary-expr","locations":[{"start":{"line":109,"column":21},"end":{"line":109,"column":30}},{"start":{"line":109,"column":34},"end":{"line":109,"column":44}},{"start":{"line":109,"column":48},"end":{"line":109,"column":81}}],"line":109},"6":{"loc":{"start":{"line":110,"column":17},"end":{"line":110,"column":96}},"type":"cond-expr","locations":[{"start":{"line":110,"column":29},"end":{"line":110,"column":88}},{"start":{"line":110,"column":91},"end":{"line":110,"column":96}}],"line":110}},"s":{"0":1,"1":0,"2":0,"3":0,"4":0,"5":0,"6":0,"7":0,"8":0,"9":0,"10":0,"11":0,"12":0,"13":0,"14":0,"15":0,"16":0,"17":0,"18":0,"19":0,"20":0,"21":0,"22":0,"23":0,"24":0,"25":0,"26":0,"27":0,"28":0,"29":0,"30":0,"31":0,"32":0,"33":0,"34":0,"35":0,"36":0,"37":0,"38":0,"39":0,"40":0,"41":1},"f":{"0":0,"1":0,"2":0,"3":0,"4":0,"5":0,"6":0,"7":0,"8":0},"b":{"0":[0,0],"1":[0,0],"2":[0,0],"3":[0,0],"4":[0,0],"5":[0,0,0],"6":[0,0]},"_coverageSchema":"1a1c01bbd47fc00a2c39e90264f33305004495a9","hash":"b41bbf1d702f58c3ba8f313f132079c9e08899cf"}
,"/Users/omarelmasaoudi/Desktop/SOEN390-working/screens/DirectionsScreen.tsx": {"path":"/Users/omarelmasaoudi/Desktop/SOEN390-working/screens/DirectionsScreen.tsx","statementMap":{"0":{"start":{"line":28,"column":21},"end":{"line":28,"column":23}},"1":{"start":{"line":31,"column":17},"end":{"line":31,"column":45}},"2":{"start":{"line":32,"column":30},"end":{"line":32,"column":59}},"3":{"start":{"line":33,"column":40},"end":{"line":33,"column":69}},"4":{"start":{"line":34,"column":46},"end":{"line":34,"column":61}},"5":{"start":{"line":35,"column":34},"end":{"line":35,"column":45}},"6":{"start":{"line":36,"column":34},"end":{"line":36,"column":45}},"7":{"start":{"line":46,"column":16},"end":{"line":46,"column":78}},"8":{"start":{"line":48,"column":28},"end":{"line":48,"column":53}},"9":{"start":{"line":49,"column":48},"end":{"line":49,"column":77}},"10":{"start":{"line":50,"column":44},"end":{"line":52,"column":14}},"11":{"start":{"line":53,"column":32},"end":{"line":56,"column":3}},"12":{"start":{"line":57,"column":32},"end":{"line":60,"column":3}},"13":{"start":{"line":62,"column":42},"end":{"line":62,"column":57}},"14":{"start":{"line":63,"column":48},"end":{"line":63,"column":63}},"15":{"start":{"line":65,"column":2},"end":{"line":73,"column":9}},"16":{"start":{"line":66,"column":31},"end":{"line":71,"column":5}},"17":{"start":{"line":67,"column":26},"end":{"line":67,"column":62}},"18":{"start":{"line":68,"column":31},"end":{"line":68,"column":72}},"19":{"start":{"line":69,"column":6},"end":{"line":69,"column":58}},"20":{"start":{"line":69,"column":23},"end":{"line":69,"column":58}},"21":{"start":{"line":70,"column":6},"end":{"line":70,"column":73}},"22":{"start":{"line":70,"column":28},"end":{"line":70,"column":73}},"23":{"start":{"line":72,"column":4},"end":{"line":72,"column":25}},"24":{"start":{"line":75,"column":2},"end":{"line":105,"column":26}},"25":{"start":{"line":76,"column":4},"end":{"line":104,"column":5}},"26":{"start":{"line":78,"column":6},"end":{"line":78,"column":59}},"27":{"start":{"line":80,"column":39},"end":{"line":98,"column":7}},"28":{"start":{"line":85,"column":33},"end":{"line":88,"column":9}},"29":{"start":{"line":90,"column":8},"end":{"line":90,"column":52}},"30":{"start":{"line":92,"column":8},"end":{"line":92,"column":30}},"31":{"start":{"line":93,"column":8},"end":{"line":93,"column":73}},"32":{"start":{"line":95,"column":26},"end":{"line":95,"column":70}},"33":{"start":{"line":97,"column":8},"end":{"line":97,"column":36}},"34":{"start":{"line":99,"column":6},"end":{"line":103,"column":8}},"35":{"start":{"line":107,"column":2},"end":{"line":120,"column":28}},"36":{"start":{"line":108,"column":4},"end":{"line":119,"column":5}},"37":{"start":{"line":109,"column":27},"end":{"line":109,"column":58}},"38":{"start":{"line":110,"column":22},"end":{"line":110,"column":54}},"39":{"start":{"line":112,"column":6},"end":{"line":118,"column":9}},"40":{"start":{"line":122,"column":17},"end":{"line":132,"column":3}},"41":{"start":{"line":123,"column":4},"end":{"line":131,"column":6}},"42":{"start":{"line":134,"column":31},"end":{"line":155,"column":3}},"43":{"start":{"line":140,"column":29},"end":{"line":143,"column":5}},"44":{"start":{"line":145,"column":4},"end":{"line":145,"column":48}},"45":{"start":{"line":147,"column":4},"end":{"line":147,"column":26}},"46":{"start":{"line":148,"column":4},"end":{"line":148,"column":69}},"47":{"start":{"line":150,"column":22},"end":{"line":150,"column":66}},"48":{"start":{"line":152,"column":4},"end":{"line":154,"column":5}},"49":{"start":{"line":153,"column":8},"end":{"line":153,"column":36}},"50":{"start":{"line":157,"column":21},"end":{"line":176,"column":3}},"51":{"start":{"line":158,"column":4},"end":{"line":158,"column":36}},"52":{"start":{"line":159,"column":4},"end":{"line":159,"column":45}},"53":{"start":{"line":160,"column":4},"end":{"line":160,"column":39}},"54":{"start":{"line":161,"column":4},"end":{"line":175,"column":5}},"55":{"start":{"line":162,"column":6},"end":{"line":174,"column":7}},"56":{"start":{"line":163,"column":27},"end":{"line":170,"column":9}},"57":{"start":{"line":171,"column":8},"end":{"line":171,"column":39}},"58":{"start":{"line":173,"column":8},"end":{"line":173,"column":59}},"59":{"start":{"line":178,"column":24},"end":{"line":237,"column":3}},"60":{"start":{"line":179,"column":4},"end":{"line":179,"column":54}},"61":{"start":{"line":181,"column":4},"end":{"line":236,"column":5}},"62":{"start":{"line":182,"column":25},"end":{"line":182,"column":75}},"63":{"start":{"line":183,"column":8},"end":{"line":186,"column":9}},"64":{"start":{"line":184,"column":12},"end":{"line":184,"column":68}},"65":{"start":{"line":185,"column":12},"end":{"line":185,"column":19}},"66":{"start":{"line":188,"column":25},"end":{"line":192,"column":10}},"67":{"start":{"line":194,"column":37},"end":{"line":197,"column":9}},"68":{"start":{"line":199,"column":8},"end":{"line":199,"column":63}},"69":{"start":{"line":202,"column":8},"end":{"line":202,"column":66}},"70":{"start":{"line":203,"column":35},"end":{"line":203,"column":106}},"71":{"start":{"line":205,"column":8},"end":{"line":205,"column":66}},"72":{"start":{"line":206,"column":35},"end":{"line":206,"column":106}},"73":{"start":{"line":208,"column":8},"end":{"line":208,"column":103}},"74":{"start":{"line":210,"column":8},"end":{"line":232,"column":9}},"75":{"start":{"line":211,"column":12},"end":{"line":229,"column":13}},"76":{"start":{"line":212,"column":16},"end":{"line":218,"column":17}},"77":{"start":{"line":213,"column":20},"end":{"line":213,"column":50}},"78":{"start":{"line":214,"column":20},"end":{"line":214,"column":82}},"79":{"start":{"line":216,"column":20},"end":{"line":216,"column":50}},"80":{"start":{"line":217,"column":20},"end":{"line":217,"column":82}},"81":{"start":{"line":220,"column":16},"end":{"line":220,"column":40}},"82":{"start":{"line":221,"column":16},"end":{"line":221,"column":44}},"83":{"start":{"line":222,"column":16},"end":{"line":222,"column":38}},"84":{"start":{"line":224,"column":16},"end":{"line":224,"column":60}},"85":{"start":{"line":225,"column":16},"end":{"line":225,"column":35}},"86":{"start":{"line":227,"column":16},"end":{"line":227,"column":82}},"87":{"start":{"line":228,"column":16},"end":{"line":228,"column":39}},"88":{"start":{"line":231,"column":12},"end":{"line":231,"column":65}},"89":{"start":{"line":234,"column":8},"end":{"line":234,"column":56}},"90":{"start":{"line":235,"column":8},"end":{"line":235,"column":85}},"91":{"start":{"line":239,"column":2},"end":{"line":241,"column":22}},"92":{"start":{"line":240,"column":4},"end":{"line":240,"column":17}},"93":{"start":{"line":243,"column":21},"end":{"line":245,"column":3}},"94":{"start":{"line":244,"column":4},"end":{"line":244,"column":32}},"95":{"start":{"line":247,"column":21},"end":{"line":249,"column":3}},"96":{"start":{"line":248,"column":4},"end":{"line":248,"column":32}},"97":{"start":{"line":251,"column":21},"end":{"line":253,"column":3}},"98":{"start":{"line":252,"column":4},"end":{"line":252,"column":32}},"99":{"start":{"line":255,"column":2},"end":{"line":261,"column":20}},"100":{"start":{"line":256,"column":4},"end":{"line":260,"column":5}},"101":{"start":{"line":259,"column":6},"end":{"line":259,"column":35}},"102":{"start":{"line":263,"column":2},"end":{"line":268,"column":24}},"103":{"start":{"line":264,"column":4},"end":{"line":267,"column":5}},"104":{"start":{"line":266,"column":6},"end":{"line":266,"column":51}},"105":{"start":{"line":270,"column":2},"end":{"line":457,"column":4}},"106":{"start":{"line":315,"column":14},"end":{"line":315,"column":41}},"107":{"start":{"line":316,"column":14},"end":{"line":316,"column":41}},"108":{"start":{"line":348,"column":14},"end":{"line":348,"column":75}},"109":{"start":{"line":375,"column":14},"end":{"line":381,"column":15}},"110":{"start":{"line":405,"column":12},"end":{"line":435,"column":31}},"111":{"start":{"line":408,"column":16},"end":{"line":414,"column":17}},"112":{"start":{"line":409,"column":18},"end":{"line":409,"column":42}},"113":{"start":{"line":410,"column":18},"end":{"line":410,"column":43}},"114":{"start":{"line":412,"column":18},"end":{"line":412,"column":41}},"115":{"start":{"line":413,"column":18},"end":{"line":413,"column":44}}},"fnMap":{"0":{"name":"DirectionsScreen","decl":{"start":{"line":30,"column":24},"end":{"line":30,"column":40}},"loc":{"start":{"line":30,"column":43},"end":{"line":458,"column":1}},"line":30},"1":{"name":"(anonymous_1)","decl":{"start":{"line":65,"column":12},"end":{"line":65,"column":13}},"loc":{"start":{"line":65,"column":18},"end":{"line":73,"column":3}},"line":65},"2":{"name":"(anonymous_2)","decl":{"start":{"line":66,"column":31},"end":{"line":66,"column":32}},"loc":{"start":{"line":66,"column":43},"end":{"line":71,"column":5}},"line":66},"3":{"name":"(anonymous_3)","decl":{"start":{"line":75,"column":12},"end":{"line":75,"column":13}},"loc":{"start":{"line":75,"column":18},"end":{"line":105,"column":3}},"line":75},"4":{"name":"(anonymous_4)","decl":{"start":{"line":80,"column":39},"end":{"line":80,"column":40}},"loc":{"start":{"line":84,"column":11},"end":{"line":98,"column":7}},"line":84},"5":{"name":"(anonymous_5)","decl":{"start":{"line":107,"column":12},"end":{"line":107,"column":13}},"loc":{"start":{"line":107,"column":18},"end":{"line":120,"column":3}},"line":107},"6":{"name":"(anonymous_6)","decl":{"start":{"line":122,"column":17},"end":{"line":122,"column":18}},"loc":{"start":{"line":122,"column":58},"end":{"line":132,"column":3}},"line":122},"7":{"name":"(anonymous_7)","decl":{"start":{"line":134,"column":31},"end":{"line":134,"column":32}},"loc":{"start":{"line":139,"column":7},"end":{"line":155,"column":3}},"line":139},"8":{"name":"(anonymous_8)","decl":{"start":{"line":157,"column":21},"end":{"line":157,"column":22}},"loc":{"start":{"line":157,"column":33},"end":{"line":176,"column":3}},"line":157},"9":{"name":"(anonymous_9)","decl":{"start":{"line":178,"column":24},"end":{"line":178,"column":25}},"loc":{"start":{"line":178,"column":36},"end":{"line":237,"column":3}},"line":178},"10":{"name":"(anonymous_10)","decl":{"start":{"line":239,"column":12},"end":{"line":239,"column":13}},"loc":{"start":{"line":239,"column":18},"end":{"line":241,"column":3}},"line":239},"11":{"name":"(anonymous_11)","decl":{"start":{"line":243,"column":21},"end":{"line":243,"column":22}},"loc":{"start":{"line":243,"column":27},"end":{"line":245,"column":3}},"line":243},"12":{"name":"(anonymous_12)","decl":{"sta
[...]
,"/Users/omarelmasaoudi/Desktop/SOEN390-working/services/DurationService.ts": {"path":"/Users/omarelmasaoudi/Desktop/SOEN390-working/services/DurationService.ts","statementMap":{"0":{"start":{"line":3,"column":31},"end":{"line":15,"column":1}},"1":{"start":{"line":5,"column":16},"end":{"line":5,"column":210}},"2":{"start":{"line":7,"column":21},"end":{"line":7,"column":37}},"3":{"start":{"line":8,"column":17},"end":{"line":8,"column":38}},"4":{"start":{"line":10,"column":4},"end":{"line":14,"column":5}},"5":{"start":{"line":11,"column":8},"end":{"line":11,"column":60}},"6":{"start":{"line":13,"column":8},"end":{"line":13,"column":59}}},"fnMap":{"0":{"name":"(anonymous_0)","decl":{"start":{"line":3,"column":31},"end":{"line":3,"column":32}},"loc":{"start":{"line":3,"column":111},"end":{"line":15,"column":1}},"line":3}},"branchMap":{"0":{"loc":{"start":{"line":10,"column":4},"end":{"line":14,"column":5}},"type":"if","locations":[{"start":{"line":10,"column":4},"end":{"line":14,"column":5}},{"start":{"line":12,"column":11},"end":{"line":14,"column":5}}],"line":10},"1":{"loc":{"start":{"line":10,"column":8},"end":{"line":10,"column":70}},"type":"binary-expr","locations":[{"start":{"line":10,"column":8},"end":{"line":10,"column":27}},{"start":{"line":10,"column":31},"end":{"line":10,"column":70}}],"line":10}},"s":{"0":1,"1":2,"2":2,"3":2,"4":2,"5":1,"6":1},"f":{"0":2},"b":{"0":[1,1],"1":[2,1]},"_coverageSchema":"1a1c01bbd47fc00a2c39e90264f33305004495a9","hash":"e48c7c86602a97f768f6fb32f061d9a1d162bce0"}
,"/Users/omarelmasaoudi/Desktop/SOEN390-working/services/PlacesService.ts": {"path":"/Users/omarelmasaoudi/Desktop/SOEN390-working/services/PlacesService.ts","statementMap":{"0":{"start":{"line":5,"column":28},"end":{"line":122,"column":1}},"1":{"start":{"line":12,"column":2},"end":{"line":12,"column":77}},"2":{"start":{"line":12,"column":26},"end":{"line":12,"column":77}},"3":{"start":{"line":15,"column":26},"end":{"line":15,"column":47}},"4":{"start":{"line":18,"column":22},"end":{"line":18,"column":54}},"5":{"start":{"line":20,"column":21},"end":{"line":20,"column":42}},"6":{"start":{"line":21,"column":17},"end":{"line":21,"column":34}},"7":{"start":{"line":23,"column":19},"end":{"line":23,"column":48}},"8":{"start":{"line":24,"column":28},"end":{"line":24,"column":58}},"9":{"start":{"line":27,"column":26},"end":{"line":27,"column":90}},"10":{"start":{"line":28,"column":29},"end":{"line":28,"column":98}},"11":{"start":{"line":28,"column":58},"end":{"line":28,"column":97}},"12":{"start":{"line":32,"column":2},"end":{"line":44,"column":3}},"13":{"start":{"line":34,"column":18},"end":{"line":34,"column":30}},"14":{"start":{"line":35,"column":4},"end":{"line":40,"column":5}},"15":{"start":{"line":36,"column":6},"end":{"line":39,"column":7}},"16":{"start":{"line":37,"column":8},"end":{"line":37,"column":52}},"17":{"start":{"line":38,"column":8},"end":{"line":38,"column":14}},"18":{"start":{"line":41,"column":4},"end":{"line":41,"column":146}},"19":{"start":{"line":43,"column":4},"end":{"line":43,"column":178}},"20":{"start":{"line":46,"column":2},"end":{"line":121,"column":3}},"21":{"start":{"line":47,"column":21},"end":{"line":47,"column":49}},"22":{"start":{"line":49,"column":4},"end":{"line":54,"column":5}},"23":{"start":{"line":50,"column":6},"end":{"line":53,"column":8}},"24":{"start":{"line":56,"column":17},"end":{"line":56,"column":38}},"25":{"start":{"line":58,"column":4},"end":{"line":60,"column":5}},"26":{"start":{"line":59,"column":6},"end":{"line":59,"column":65}},"27":{"start":{"line":62,"column":4},"end":{"line":64,"column":5}},"28":{"start":{"line":63,"column":6},"end":{"line":63,"column":57}},"29":{"start":{"line":66,"column":21},"end":{"line":104,"column":49}},"30":{"start":{"line":70,"column":6},"end":{"line":79,"column":7}},"31":{"start":{"line":71,"column":8},"end":{"line":71,"column":41}},"32":{"start":{"line":72,"column":8},"end":{"line":72,"column":41}},"33":{"start":{"line":73,"column":13},"end":{"line":79,"column":7}},"34":{"start":{"line":74,"column":8},"end":{"line":74,"column":28}},"35":{"start":{"line":75,"column":8},"end":{"line":75,"column":29}},"36":{"start":{"line":77,"column":8},"end":{"line":77,"column":70}},"37":{"start":{"line":78,"column":8},"end":{"line":78,"column":20}},"38":{"start":{"line":81,"column":6},"end":{"line":103,"column":8}},"39":{"start":{"line":104,"column":32},"end":{"line":104,"column":48}},"40":{"start":{"line":106,"column":4},"end":{"line":106,"column":51}},"41":{"start":{"line":108,"column":4},"end":{"line":116,"column":5}},"42":{"start":{"line":109,"column":6},"end":{"line":111,"column":7}},"43":{"start":{"line":110,"column":8},"end":{"line":110,"column":59}},"44":{"start":{"line":113,"column":6},"end":{"line":115,"column":7}},"45":{"start":{"line":114,"column":8},"end":{"line":114,"column":20}},"46":{"start":{"line":118,"column":4},"end":{"line":118,"column":55}},"47":{"start":{"line":120,"column":4},"end":{"line":120,"column":23}}},"fnMap":{"0":{"name":"(anonymous_0)","decl":{"start":{"line":5,"column":28},"end":{"line":5,"column":29}},"loc":{"start":{"line":11,"column":19},"end":{"line":122,"column":1}},"line":11},"1":{"name":"(anonymous_1)","decl":{"start":{"line":28,"column":50},"end":{"line":28,"column":51}},"loc":{"start":{"line":28,"column":58},"end":{"line":28,"column":97}},"line":28},"2":{"name":"(anonymous_2)","decl":{"start":{"line":66,"column":38},"end":{"line":66,"column":39}},"loc":{"start":{"line":66,"column":53},"end":{"line":104,"column":5}},"line":66},"3":{"name":"(anonymous_3)","decl":{"start":{"line":104,"column":14},"end":{"line":104,"column":15}},"loc":{"start":{"line":104,"column":32},"end":{"line":104,"column":48}},"line":104}},"branchMap":{"0":{"loc":{"start":{"line":10,"column":2},"end":{"line":10,"column":23}},"type":"default-arg","locations":[{"start":{"line":10,"column":19},"end":{"line":10,"column":23}}],"line":10},"1":{"loc":{"start":{"line":12,"column":2},"end":{"line":12,"column":77}},"type":"if","locations":[{"start":{"line":12,"column":2},"end":{"line":12,"column":77}},{"start":{},"end":{}}],"line":12},"2":{"loc":{"start":{"line":32,"column":2},"end":{"line":44,"column":3}},"type":"if","locations":[{"start":{"line":32,"column":2},"end":{"line":44,"column":3}},{"start":{"line":42,"column":9},"end":{"line":44,"column":3}}],"line":32},"3":{"loc":{"start":{"line":36,"column":6},"end":{"line":39,"column":7}},"type":"if","locations":[{"start":{"line":36,"column":6},"end":{"line":39,"column":7}},{"start":{},"end":{}}],"line":36},"4":{"loc":{"start":{"line":37,"column":18},"end":{"line":37,"column":51}},"type":"cond-expr","locations":[{"start":{"line":37,"column":38},"end":{"line":37,"column":44}},{"start":{"line":37,"column":47},"end":{"line":37,"column":51}}],"line":37},"5":{"loc":{"start":{"line":49,"column":4},"end":{"line":54,"column":5}},"type":"if","locations":[{"start":{"line":49,"column":4},"end":{"line":54,"column":5}},{"start":{},"end":{}}],"line":49},"6":{"loc":{"start":{"line":58,"column":4},"end":{"line":60,"column":5}},"type":"if","locations":[{"start":{"line":58,"column":4},"end":{"line":60,"column":5}},{"start":{},"end":{}}],"line":58},"7":{"loc":{"start":{"line":58,"column":8},"end":{"line":58,"column":62}},"type":"binary-expr","locations":[{"start":{"line":58,"column":8},"end":{"line":58,"column":13}},{"start":{"line":58,"column":17},"end":{"line":58,"column":30}},{"start":{"line":58,"column":34},"end":{"line":58,"column":62}}],"line":58},"8":{"loc":{"start":{"line":62,"column":4},"end":{"line":64,"column":5}},"type":"if","locations":[{"start":{"line":62,"column":4},"end":{"line":64,"column":5}},{"start":{},"end":{}}],"line":62},"9":{"loc":{"start":{"line":62,"column":8},"end":{"line":62,"column":67}},"type":"binary-expr","locations":[{"start":{"line":62,"column":8},"end":{"line":62,"column":33}},{"start":{"line":62,"column":37},"end":{"line":62,"column":67}}],"line":62},"10":{"loc":{"start":{"line":70,"column":6},"end":{"line":79,"column":7}},"type":"if","locations":[{"start":{"line":70,"column":6},"end":{"line":79,"column":7}},{"start":{"line":73,"column":13},"end":{"line":79,"column":7}}],"line":70},"11":{"loc":{"start":{"line":70,"column":10},"end":{"line":70,"column":49}},"type":"binary-expr","locations":[{"start":{"line":70,"column":10},"end":{"line":70,"column":23}},{"start":{"line":70,"column":27},"end":{"line":70,"column":49}}],"line":70},"12":{"loc":{"start":{"line":73,"column":13},"end":{"line":79,"column":7}},"type":"if","locations":[{"start":{"line":73,"column":13},"end":{"line":79,"column":7}},{"start":{"line":76,"column":13},"end":{"line":79,"column":7}}],"line":73},"13":{"loc":{"start":{"line":73,"column":17},"end":{"line":73,"column":48}},"type":"binary-expr","locations":[{"start":{"line":73,"column":17},"end":{"line":73,"column":30}},{"start":{"line":73,"column":34},"end":{"line":73,"column":48}}],"line":73},"14":{"loc":{"start":{"line":89,"column":29},"end":{"line":89,"column":94}},"type":"binary-expr","locations":[{"start":{"line":89,"column":29},"end":{"line":89,"column":51}},{"start":{"line":89,"column":55},"end":{"line":89,"column":68}},{"start":{"line":89,"column":72},"end":{"line":89,"column":94}}],"line":89},"15":{"loc":{"start":{"line":91,"column":17},"end":{"line":91,"column":33}},"type":"binary-expr","locations":[{"start":{"line":91,"column":17},"end":{"line":91,"column":27}},{"start":{"line":91,"column":31},"end":{"line":91,"column":33}}],"line":91},"16":{"loc":{"start":{"line":92,"column":18},"end":{"line":92,"column":34}},"type":"binary-expr","locations":[{"start":{"line":92,"column":18},"end":{"line":92,"column":29}},{"start":{"line":92,"column":33},"end":{"line":92,"column":34}}],"line":92},"17":{"loc":{"start":{"line":93,"column":23},"end":{"line":93,"column":44}},"type":"binary-expr","locations":[{"start":{"line":93,"column":23},"end":{"line":93,"column":39}},{"start":{"line":93,"column":43},"end":{"line":93,"column":44}}],"line":93},"18":{"loc":{"start":{"line":100,"column":19},"end":{"line":100,"column":84}},"type":"binary-expr","locations":[{"start":{"line":100,"column":19},"end":{"line":100,"column":41}},{"start":{"line":100,"column":45},"end":{"line":100,"column":58}},{"start":{"line":100,"column":62},"end":{"line":100,"column":84}}],"line":100},"19":{"loc":{"start":{"line":108,"column":4},"end":{"line":116,"column":5}},"type":"if","locations":[{"start":{"line":108,"column":4},"end":{"line":116,"column":5}},{"start":{},"end":{}}],"line":108},"20":{"loc":{"start":{"line":109,"column":6},"end":{"line":111,"column":7}},"type":"if","locations":[{"start":{"line":109,"column":6},"end":{"line":111,"column":7}},{"start":{},"end":{}}],"line":109},"21":{"loc":{"start":{"line":113,"column":6},"end":{"line":115,"column":7}},"type":"if","locations":[{"start":{"line":113,"column":6},"end":{"line":115,"column":7}},{"start":{},"end":{}}],"line":113}},"s":{"0":2,"1":7,"2":1,"3":6,"4":6,"5":6,"6":6,"7":6,"8":6,"9":6,"10":6,"11":24,"12":6,"13":3,"14":3,"15":3,"16":3,"17":3,"18":3,"19":3,"20":6,"21":6,"22":4,"23":2,"24":2,"25":2,"26":0,"27":2,"28":0,"29":2,"30":2,"31":2,"32":2,"33":0,"34":0,"35":0,"36":0,"37":0,"38":2,"39":2,"40":2,"41":4,"42":4,"43":1,"44":3,"45":2,"46":1,"47":6},"f":{"0":7,"1":24,"2":2,"3":2},"b":{"0":[7],"1":[1,6],"2":[3,3],"3":[3,0],"4":[3,0],"5":[2,2],"6":[0,2],"7":[2,2,2],"8":[0,2],"9":[2,2],"10":[2,0],"11":[2,2],"12":[0,0],"13":[0,0],"14":[2,1,1],"15":[2,2],"16":[2,2],"17":[2,2],"18":[2,1,1],"19":[4,0],"20":[1,3],"21":[2,1]},"_coverageSchema":"1a1c01bbd47fc00a2c39e90264f33305004495a9","hash":"de1f91ce5614a2c2b02d08b07c850fca575343a8"}
,"/Users/omarelmasaoudi/Desktop/SOEN390-working/services/ShuttleService.ts": {"path":"/Users/omarelmasaoudi/Desktop/SOEN390-working/services/ShuttleService.ts","statementMap":{"0":{"start":{"line":3,"column":31},"end":{"line":27,"column":1}},"1":{"start":{"line":4,"column":4},"end":{"line":6,"column":5}},"2":{"start":{"line":5,"column":8},"end":{"line":5,"column":80}},"3":{"start":{"line":8,"column":16},"end":{"line":8,"column":26}},"4":{"start":{"line":9,"column":24},"end":{"line":9,"column":62}},"5":{"start":{"line":11,"column":28},"end":{"line":11,"column":42}},"6":{"start":{"line":13,"column":4},"end":{"line":24,"column":5}},"7":{"start":{"line":13,"column":17},"end":{"line":13,"column":18}},"8":{"start":{"line":14,"column":26},"end":{"line":14,"column":55}},"9":{"start":{"line":15,"column":22},"end":{"line":15,"column":42}},"10":{"start":{"line":16,"column":24},"end":{"line":16,"column":44}},"11":{"start":{"line":17,"column":21},"end":{"line":17,"column":41}},"12":{"start":{"line":19,"column":8},"end":{"line":23,"column":9}},"13":{"start":{"line":21,"column":33},"end":{"line":21,"column":98}},"14":{"start":{"line":22,"column":12},"end":{"line":22,"column":32}},"15":{"start":{"line":25,"column":25},"end":{"line":25,"column":83}},"16":{"start":{"line":26,"column":4},"end":{"line":26,"column":24}}},"fnMap":{"0":{"name":"(anonymous_0)","decl":{"start":{"line":3,"column":31},"end":{"line":3,"column":32}},"loc":{"start":{"line":3,"column":66},"end":{"line":27,"column":1}},"line":3}},"branchMap":{"0":{"loc":{"start":{"line":4,"column":4},"end":{"line":6,"column":5}},"type":"if","locations":[{"start":{"line":4,"column":4},"end":{"line":6,"column":5}},{"start":{},"end":{}}],"line":4},"1":{"loc":{"start":{"line":19,"column":8},"end":{"line":23,"column":9}},"type":"if","locations":[{"start":{"line":19,"column":8},"end":{"line":23,"column":9}},{"start":{},"end":{}}],"line":19}},"s":{"0":2,"1":6,"2":2,"3":4,"4":4,"5":4,"6":4,"7":4,"8":29,"9":29,"10":29,"11":29,"12":29,"13":2,"14":2,"15":2,"16":2},"f":{"0":6},"b":{"0":[2,4],"1":[2,27]},"_coverageSchema":"1a1c01bbd47fc00a2c39e90264f33305004495a9","hash":"71dea8b1978744d4da5df6969fad4469c20ac289"}
,"/Users/omarelmasaoudi/Desktop/SOEN390-working/services/eventService.ts": {"path":"/Users/omarelmasaoudi/Desktop/SOEN390-working/services/eventService.ts","statementMap":{"0":{"start":{"line":4,"column":30},"end":{"line":7,"column":1}},"1":{"start":{"line":5,"column":16},"end":{"line":5,"column":26}},"2":{"start":{"line":6,"column":2},"end":{"line":6,"column":43}},"3":{"start":{"line":10,"column":25},"end":{"line":28,"column":1}},"4":{"start":{"line":11,"column":2},"end":{"line":27,"column":3}},"5":{"start":{"line":13,"column":29},"end":{"line":13,"column":31}},"6":{"start":{"line":15,"column":4},"end":{"line":21,"column":5}},"7":{"start":{"line":16,"column":6},"end":{"line":16,"column":42}},"8":{"start":{"line":17,"column":11},"end":{"line":21,"column":5}},"9":{"start":{"line":18,"column":6},"end":{"line":18,"column":44}},"10":{"start":{"line":19,"column":11},"end":{"line":21,"column":5}},"11":{"start":{"line":20,"column":6},"end":{"line":20,"column":40}},"12":{"start":{"line":23,"column":4},"end":{"line":23,"column":18}},"13":{"start":{"line":25,"column":4},"end":{"line":25,"column":67}},"14":{"start":{"line":26,"column":4},"end":{"line":26,"column":16}},"15":{"start":{"line":31,"column":33},"end":{"line":67,"column":1}},"16":{"start":{"line":32,"column":16},"end":{"line":32,"column":32}},"17":{"start":{"line":33,"column":19},"end":{"line":33,"column":29}},"18":{"start":{"line":34,"column":2},"end":{"line":34,"column":43}},"19":{"start":{"line":35,"column":22},"end":{"line":35,"column":58}},"20":{"start":{"line":37,"column":2},"end":{"line":66,"column":4}},"21":{"start":{"line":70,"column":35},"end":{"line":98,"column":1}},"22":{"start":{"line":71,"column":16},"end":{"line":71,"column":32}},"23":{"start":{"line":72,"column":19},"end":{"line":72,"column":29}},"24":{"start":{"line":73,"column":2},"end":{"line":73,"column":43}},"25":{"start":{"line":74,"column":22},"end":{"line":74,"column":58}},"26":{"start":{"line":76,"column":2},"end":{"line":97,"column":4}},"27":{"start":{"line":101,"column":31},"end":{"line":129,"column":1}},"28":{"start":{"line":102,"column":16},"end":{"line":102,"column":32}},"29":{"start":{"line":103,"column":27},"end":{"line":103,"column":37}},"30":{"start":{"line":104,"column":2},"end":{"line":104,"column":59}},"31":{"start":{"line":105,"column":30},"end":{"line":105,"column":74}},"32":{"start":{"line":107,"column":2},"end":{"line":128,"column":4}}},"fnMap":{"0":{"name":"(anonymous_0)","decl":{"start":{"line":4,"column":30},"end":{"line":4,"column":31}},"loc":{"start":{"line":4,"column":44},"end":{"line":7,"column":1}},"line":4},"1":{"name":"(anonymous_1)","decl":{"start":{"line":10,"column":25},"end":{"line":10,"column":26}},"loc":{"start":{"line":10,"column":90},"end":{"line":28,"column":1}},"line":10},"2":{"name":"(anonymous_2)","decl":{"start":{"line":31,"column":33},"end":{"line":31,"column":34}},"loc":{"start":{"line":31,"column":51},"end":{"line":67,"column":1}},"line":31},"3":{"name":"(anonymous_3)","decl":{"start":{"line":70,"column":35},"end":{"line":70,"column":36}},"loc":{"start":{"line":70,"column":53},"end":{"line":98,"column":1}},"line":70},"4":{"name":"(anonymous_4)","decl":{"start":{"line":101,"column":31},"end":{"line":101,"column":32}},"loc":{"start":{"line":101,"column":49},"end":{"line":129,"column":1}},"line":101}},"branchMap":{"0":{"loc":{"start":{"line":10,"column":32},"end":{"line":10,"column":64}},"type":"default-arg","locations":[{"start":{"line":10,"column":55},"end":{"line":10,"column":64}}],"line":10},"1":{"loc":{"start":{"line":15,"column":4},"end":{"line":21,"column":5}},"type":"if","locations":[{"start":{"line":15,"column":4},"end":{"line":21,"column":5}},{"start":{"line":17,"column":11},"end":{"line":21,"column":5}}],"line":15},"2":{"loc":{"start":{"line":17,"column":11},"end":{"line":21,"column":5}},"type":"if","locations":[{"start":{"line":17,"column":11},"end":{"line":21,"column":5}},{"start":{"line":19,"column":11},"end":{"line":21,"column":5}}],"line":17},"3":{"loc":{"start":{"line":19,"column":11},"end":{"line":21,"column":5}},"type":"if","locations":[{"start":{"line":19,"column":11},"end":{"line":21,"column":5}},{"start":{},"end":{}}],"line":19}},"s":{"0":1,"1":0,"2":0,"3":1,"4":0,"5":0,"6":0,"7":0,"8":0,"9":0,"10":0,"11":0,"12":0,"13":0,"14":0,"15":1,"16":0,"17":0,"18":0,"19":0,"20":0,"21":1,"22":0,"23":0,"24":0,"25":0,"26":0,"27":1,"28":0,"29":0,"30":0,"31":0,"32":0},"f":{"0":0,"1":0,"2":0,"3":0,"4":0},"b":{"0":[0],"1":[0,0],"2":[0,0],"3":[0,0]},"_coverageSchema":"1a1c01bbd47fc00a2c39e90264f33305004495a9","hash":"7c2998601dcb5933af936ce3525d881252aea4bc"}
}
