{"C:\\Users\\htheo\\OneDrive\\Documents\\GitHub\\SOEN390\\components\\InputComponents\\AutoCompleteSearchWrapper.tsx": {"path":"C:\\Users\\htheo\\OneDrive\\Documents\\GitHub\\SOEN390\\components\\InputComponents\\AutoCompleteSearchWrapper.tsx","statementMap":{"0":{"start":{"line":11,"column":41},"end":{"line":322,"column":1}},"1":{"start":{"line":29,"column":2},"end":{"line":36,"column":22}},"2":{"start":{"line":30,"column":4},"end":{"line":35,"column":5}},"3":{"start":{"line":31,"column":6},"end":{"line":31,"column":55}},"4":{"start":{"line":32,"column":6},"end":{"line":32,"column":114}},"5":{"start":{"line":34,"column":6},"end":{"line":34,"column":94}},"6":{"start":{"line":39,"column":46},"end":{"line":39,"column":58}},"7":{"start":{"line":42,"column":26},"end":{"line":42,"column":43}},"8":{"start":{"line":45,"column":31},"end":{"line":45,"column":66}},"9":{"start":{"line":48,"column":31},"end":{"line":127,"column":3}},"10":{"start":{"line":49,"column":4},"end":{"line":56,"column":5}},"11":{"start":{"line":51,"column":6},"end":{"line":54,"column":16}},"12":{"start":{"line":55,"column":6},"end":{"line":55,"column":13}},"13":{"start":{"line":59,"column":4},"end":{"line":59,"column":41}},"14":{"start":{"line":61,"column":23},"end":{"line":61,"column":63}},"15":{"start":{"line":62,"column":4},"end":{"line":62,"column":28}},"16":{"start":{"line":65,"column":4},"end":{"line":65,"column":28}},"17":{"start":{"line":65,"column":21},"end":{"line":65,"column":28}},"18":{"start":{"line":66,"column":37},"end":{"line":66,"column":47}},"19":{"start":{"line":69,"column":14},"end":{"line":69,"column":21}},"20":{"start":{"line":70,"column":18},"end":{"line":70,"column":64}},"21":{"start":{"line":70,"column":43},"end":{"line":70,"column":64}},"22":{"start":{"line":72,"column":17},"end":{"line":72,"column":63}},"23":{"start":{"line":73,"column":17},"end":{"line":73,"column":65}},"24":{"start":{"line":76,"column":6},"end":{"line":79,"column":31}},"25":{"start":{"line":81,"column":14},"end":{"line":81,"column":60}},"26":{"start":{"line":82,"column":27},"end":{"line":82,"column":48}},"27":{"start":{"line":84,"column":4},"end":{"line":84,"column":80}},"28":{"start":{"line":86,"column":4},"end":{"line":126,"column":5}},"29":{"start":{"line":88,"column":6},"end":{"line":88,"column":45}},"30":{"start":{"line":90,"column":22},"end":{"line":96,"column":7}},"31":{"start":{"line":98,"column":6},"end":{"line":101,"column":7}},"32":{"start":{"line":99,"column":8},"end":{"line":99,"column":99}},"33":{"start":{"line":100,"column":8},"end":{"line":100,"column":15}},"34":{"start":{"line":104,"column":6},"end":{"line":104,"column":33}},"35":{"start":{"line":106,"column":6},"end":{"line":122,"column":7}},"36":{"start":{"line":107,"column":23},"end":{"line":110,"column":11}},"37":{"start":{"line":107,"column":63},"end":{"line":110,"column":9}},"38":{"start":{"line":113,"column":8},"end":{"line":116,"column":11}},"39":{"start":{"line":119,"column":8},"end":{"line":119,"column":27}},"40":{"start":{"line":121,"column":8},"end":{"line":121,"column":63}},"41":{"start":{"line":124,"column":6},"end":{"line":124,"column":56}},"42":{"start":{"line":125,"column":6},"end":{"line":125,"column":72}},"43":{"start":{"line":130,"column":33},"end":{"line":182,"column":3}},"44":{"start":{"line":131,"column":4},"end":{"line":131,"column":50}},"45":{"start":{"line":132,"column":4},"end":{"line":132,"column":25}},"46":{"start":{"line":132,"column":18},"end":{"line":132,"column":25}},"47":{"start":{"line":135,"column":4},"end":{"line":135,"column":49}},"48":{"start":{"line":137,"column":25},"end":{"line":137,"column":50}},"49":{"start":{"line":140,"column":4},"end":{"line":148,"column":6}},"50":{"start":{"line":151,"column":26},"end":{"line":175,"column":5}},"51":{"start":{"line":178,"column":4},"end":{"line":178,"column":37}},"52":{"start":{"line":181,"column":4},"end":{"line":181,"column":23}},"53":{"start":{"line":185,"column":25},"end":{"line":214,"column":3}},"54":{"start":{"line":187,"column":4},"end":{"line":187,"column":26}},"55":{"start":{"line":190,"column":4},"end":{"line":193,"column":14}},"56":{"start":{"line":196,"column":4},"end":{"line":199,"column":5}},"57":{"start":{"line":197,"column":6},"end":{"line":197,"column":49}},"58":{"start":{"line":198,"column":6},"end":{"line":198,"column":42}},"59":{"start":{"line":203,"column":4},"end":{"line":203,"column":29}},"60":{"start":{"line":206,"column":4},"end":{"line":208,"column":5}},"61":{"start":{"line":207,"column":6},"end":{"line":207,"column":38}},"62":{"start":{"line":211,"column":4},"end":{"line":211,"column":23}},"63":{"start":{"line":213,"column":4},"end":{"line":213,"column":55}},"64":{"start":{"line":216,"column":2},"end":{"line":321,"column":4}},"65":{"start":{"line":224,"column":27},"end":{"line":224,"column":83}},"66":{"start":{"line":235,"column":12},"end":{"line":248,"column":13}},"67":{"start":{"line":236,"column":14},"end":{"line":236,"column":38}},"68":{"start":{"line":238,"column":14},"end":{"line":247,"column":15}},"69":{"start":{"line":239,"column":16},"end":{"line":239,"column":51}},"70":{"start":{"line":241,"column":16},"end":{"line":243,"column":17}},"71":{"start":{"line":242,"column":18},"end":{"line":242,"column":61}},"72":{"start":{"line":244,"column":16},"end":{"line":246,"column":24}},"73":{"start":{"line":245,"column":18},"end":{"line":245,"column":45}},"74":{"start":{"line":266,"column":10},"end":{"line":266,"column":65}},"75":{"start":{"line":267,"column":10},"end":{"line":271,"column":12}}},"fnMap":{"0":{"name":"(anonymous_0)","decl":{"start":{"line":11,"column":41},"end":{"line":11,"column":42}},"loc":{"start":{"line":27,"column":6},"end":{"line":322,"column":1}},"line":27},"1":{"name":"(anonymous_1)","decl":{"start":{"line":29,"column":12},"end":{"line":29,"column":13}},"loc":{"start":{"line":29,"column":18},"end":{"line":36,"column":3}},"line":29},"2":{"name":"(anonymous_2)","decl":{"start":{"line":48,"column":31},"end":{"line":48,"column":32}},"loc":{"start":{"line":48,"column":43},"end":{"line":127,"column":3}},"line":48},"3":{"name":"(anonymous_3)","decl":{"start":{"line":70,"column":18},"end":{"line":70,"column":19}},"loc":{"start":{"line":70,"column":43},"end":{"line":70,"column":64}},"line":70},"4":{"name":"(anonymous_4)","decl":{"start":{"line":107,"column":44},"end":{"line":107,"column":45}},"loc":{"start":{"line":107,"column":63},"end":{"line":110,"column":9}},"line":107},"5":{"name":"(anonymous_5)","decl":{"start":{"line":130,"column":33},"end":{"line":130,"column":34}},"loc":{"start":{"line":130,"column":95},"end":{"line":182,"column":3}},"line":130},"6":{"name":"(anonymous_6)","decl":{"start":{"line":185,"column":25},"end":{"line":185,"column":26}},"loc":{"start":{"line":185,"column":31},"end":{"line":214,"column":3}},"line":185},"7":{"name":"(anonymous_7)","decl":{"start":{"line":224,"column":16},"end":{"line":224,"column":17}},"loc":{"start":{"line":224,"column":27},"end":{"line":224,"column":83}},"line":224},"8":{"name":"(anonymous_8)","decl":{"start":{"line":233,"column":24},"end":{"line":233,"column":25}},"loc":{"start":{"line":233,"column":34},"end":{"line":249,"column":11}},"line":233},"9":{"name":"(anonymous_9)","decl":{"start":{"line":244,"column":58},"end":{"line":244,"column":59}},"loc":{"start":{"line":244,"column":64},"end":{"line":246,"column":17}},"line":244},"10":{"name":"(anonymous_10)","decl":{"start":{"line":265,"column":19},"end":{"line":265,"column":20}},"loc":{"start":{"line":265,"column":29},"end":{"line":272,"column":9}},"line":265}},"branchMap":{"0":{"loc":{"start":{"line":30,"column":4},"end":{"line":35,"column":5}},"type":"if","locations":[{"start":{"line":30,"column":4},"end":{"line":35,"column":5}},{"start":{"line":33,"column":11},"end":{"line":35,"column":5}}],"line":30},"1":{"loc":{"start":{"line":49,"column":4},"end":{"line":56,"column":5}},"type":"if","locations":[{"start":{"line":49,"column":4},"end":{"line":56,"column":5}},{"start":{},"end":{}}],"line":49},"2":{"loc":{"start":{"line":65,"column":4},"end":{"line":65,"column":28}},"type":"if","locations":[{"start":{"line":65,"column":4},"end":{"line":65,"column":28}},{"start":{},"end":{}}],"line":65},"3":{"loc":{"start":{"line":92,"column":8},"end":{"line":92,"column":56}},"type":"binary-expr","locations":[{"start":{"line":92,"column":8},"end":{"line":92,"column":30}},{"start":{"line":92,"column":34},"end":{"line":92,"column":56}}],"line":92},"4":{"loc":{"start":{"line":93,"column":8},"end":{"line":93,"column":58}},"type":"binary-expr","locations":[{"start":{"line":93,"column":8},"end":{"line":93,"column":31}},{"start":{"line":93,"column":35},"end":{"line":93,"column":58}}],"line":93},"5":{"loc":{"start":{"line":98,"column":6},"end":{"line":101,"column":7}},"type":"if","locations":[{"start":{"line":98,"column":6},"end":{"line":101,"column":7}},{"start":{},"end":{}}],"line":98},"6":{"loc":{"start":{"line":106,"column":6},"end":{"line":122,"column":7}},"type":"if","locations":[{"start":{"line":106,"column":6},"end":{"line":122,"column":7}},{"start":{},"end":{}}],"line":106},"7":{"loc":{"start":{"line":132,"column":4},"end":{"line":132,"column":25}},"type":"if","locations":[{"start":{"line":132,"column":4},"end":{"line":132,"column":25}},{"start":{},"end":{}}],"line":132},"8":{"loc":{"start":{"line":135,"column":25},"end":{"line":135,"column":47}},"type":"binary-expr","locations":[{"start":{"line":135,"column":25},"end":{"line":135,"column":41}},{"start":{"line":135,"column":45},"end":{"line":135,"column":47}}],"line":135},"9":{"loc":{"start":{"line":162,"column":29},"end":{"line":162,"column":100}},"type":"binary-expr","locations":[{"start":{"line":162,"column":29},"end":{"line":162,"column":54}},{"start":{"line":162,"column":58},"end":{"line":162,"column":74}},{"start":{"line":162,"column":78},"end":{"line":162,"column":100}}],"line":162},"10":{"loc":{"start":{"line":163,"column":17},"end":{"line":163,"column":36}},"type":"binary-expr","locations":[{"start":{"line":163,"column":17},"end":{"line":163,"column":30}},{"start":{"line":163,"column":34},"end":{"line":163,"column":36}}],"line":163},"11":{"loc":{"start":{"line":164,"column":18},"end":{"line":164,"column":46}},"type":"binary-expr","locations":[{"start":{"line":164,"column":18},"end":{"line":164,"column":41}},{"start":{"line":164,"column":45},"end":{"line":164,"column":46}}],"line":164},"12":{"loc":{"start":{"line":165,"column":23},"end":{"line":165,"column":56}},"type":"binary-expr","locations":[{"start":{"line":165,"column":23},"end":{"line":165,"column":51}},{"start":{"line":165,"column":55},"end":{"line":165,"column":56}}],"line":165},"13":{"loc":{"start":{"line":171,"column":19},"end":{"line":171,"column":90}},"type":"binary-expr","locations":[{"start":{"line":171,"column":19},"end":{"line":171,"column":44}},{"start":{"line":171,"column":48},"end":{"line":171,"column":64}},{"start":{"line":171,"column":68},"end":{"line":171,"column":90}}],"line":171},"14":{"loc":{"start":{"line":196,"column":4},"end":{"line":199,"column":5}},"type":"if","locations":[{"start":{"line":196,"column":4},"end":{"line":199,"column":5}},{"start":{},"end":{}}],"line":196},"15":{"loc":{"start":{"line":206,"column":4},"end":{"line":208,"column":5}},"type":"if","locations":[{"start":{"line":206,"column":4},"end":{"line":208,"column":5}},{"start":{},"end":{}}],"line":206},"16":{"loc":{"start":{"line":228,"column":20},"end":{"line":228,"column":87}},"type":"cond-expr","locations":[{"start":{"line":228,"column":31},"end":{"line":228,"column":75}},{"start":{"line":228,"column":78},"end":{"line":228,"column":87}}],"line":228},"17":{"loc":{"start":{"line":235,"column":12},"end":{"line":248,"column":13}},"type":"if","locations":[{"start":{"line":235,"column":12},"end":{"line":248,"column":13}},{"start":{},"end":{}}],"line":235},"18":{"loc":{"start":{"line":238,"column":14},"end":{"line":247,"column":15}},"type":"if","locations":[{"start":{"line":238,"column":14},"end":{"line":247,"column":15}},{"start":{},"end":{}}],"line":238},"19":{"loc":{"start":{"line":241,"column":16},"end":{"line":243,"column":17}},"type":"if","locations":[{"start":{"line":241,"column":16},"end":{"line":243,"column":17}},{"start":{},"end":{}}],"line":241}},"s":{"0":0,"1":0,"2":0,"3":0,"4":0,"5":0,"6":0,"7":0,"8":0,"9":0,"10":0,"11":0,"12":0,"13":0,"14":0,"15":0,"16":0,"17":0,"18":0,"19":0,"20":0,"21":0,"22":0,"23":0,"24":0,"25":0,"26":0,"27":0,"28":0,"29":0,"30":0,"31":0,"32":0,"33":0,"34":0,"35":0,"36":0,"37":0,"38":0,"39":0,"40":0,"41":0,"42":0,"43":0,"44":0,"45":0,"46":0,"47":0,"48":0,"49":0,"50":0,"51":0,"52":0,"53":0,"54":0,"55":0,"56":0,"57":0,"58":0,"59":0,"60":0,"61":0,"62":0,"63":0,"64":0,"65":0,"66":0,"67":0,"68":0,"69":0,"70":0,"71":0,"72":0,"73":0,"74":0,"75":0},"f":{"0":0,"1":0,"2":0,"3":0,"4":0,"5":0,"6":0,"7":0,"8":0,"9":0,"10":0},"b":{"0":[0,0],"1":[0,0],"2":[0,0],"3":[0,0],"4":[0,0],"5":[0,0],"6":[0,0],"7":[0,0],"8":[0,0],"9":[0,0,0],"10":[0,0],"11":[0,0],"12":[0,0],"13":[0,0,0],"14":[0,0],"15":[0,0],"16":[0,0],"17":[0,0],"18":[0,0],"19":[0,0]}}
,"C:\\Users\\htheo\\OneDrive\\Documents\\GitHub\\SOEN390\\components\\InputComponents\\Buttons.tsx": {"path":"C:\\Users\\htheo\\OneDrive\\Documents\\GitHub\\SOEN390\\components\\InputComponents\\Buttons.tsx","statementMap":{"0":{"start":{"line":9,"column":57},"end":{"line":19,"column":1}},"1":{"start":{"line":14,"column":2},"end":{"line":18,"column":4}},"2":{"start":{"line":21,"column":50},"end":{"line":32,"column":1}},"3":{"start":{"line":27,"column":2},"end":{"line":31,"column":4}}},"fnMap":{"0":{"name":"(anonymous_0)","decl":{"start":{"line":9,"column":57},"end":{"line":9,"column":58}},"loc":{"start":{"line":13,"column":6},"end":{"line":19,"column":1}},"line":13},"1":{"name":"(anonymous_1)","decl":{"start":{"line":21,"column":50},"end":{"line":21,"column":51}},"loc":{"start":{"line":26,"column":6},"end":{"line":32,"column":1}},"line":26}},"branchMap":{},"s":{"0":0,"1":0,"2":0,"3":0},"f":{"0":0,"1":0},"b":{}}
,"C:\\Users\\htheo\\OneDrive\\Documents\\GitHub\\SOEN390\\components\\InputComponents\\InputFields.tsx": {"path":"C:\\Users\\htheo\\OneDrive\\Documents\\GitHub\\SOEN390\\components\\InputComponents\\InputFields.tsx","statementMap":{"0":{"start":{"line":7,"column":51},"end":{"line":27,"column":1}},"1":{"start":{"line":8,"column":2},"end":{"line":25,"column":4}},"2":{"start":{"line":30,"column":52},"end":{"line":50,"column":1}},"3":{"start":{"line":31,"column":27},"end":{"line":33,"column":3}},"4":{"start":{"line":32,"column":4},"end":{"line":32,"column":29}},"5":{"start":{"line":35,"column":2},"end":{"line":49,"column":4}}},"fnMap":{"0":{"name":"(anonymous_0)","decl":{"start":{"line":7,"column":51},"end":{"line":7,"column":52}},"loc":{"start":{"line":7,"column":127},"end":{"line":27,"column":1}},"line":7},"1":{"name":"(anonymous_1)","decl":{"start":{"line":30,"column":52},"end":{"line":30,"column":53}},"loc":{"start":{"line":30,"column":141},"end":{"line":50,"column":1}},"line":30},"2":{"name":"(anonymous_2)","decl":{"start":{"line":31,"column":27},"end":{"line":31,"column":28}},"loc":{"start":{"line":31,"column":45},"end":{"line":33,"column":3}},"line":31}},"branchMap":{"0":{"loc":{"start":{"line":19,"column":7},"end":{"line":23,"column":7}},"type":"binary-expr","locations":[{"start":{"line":19,"column":7},"end":{"line":19,"column":28}},{"start":{"line":20,"column":8},"end":{"line":22,"column":27}}],"line":19},"1":{"loc":{"start":{"line":43,"column":7},"end":{"line":47,"column":7}},"type":"binary-expr","locations":[{"start":{"line":43,"column":7},"end":{"line":43,"column":28}},{"start":{"line":44,"column":8},"end":{"line":46,"column":27}}],"line":43}},"s":{"0":0,"1":0,"2":0,"3":0,"4":0,"5":0},"f":{"0":0,"1":0,"2":0},"b":{"0":[0,0],"1":[0,0]}}
,"C:\\Users\\htheo\\OneDrive\\Documents\\GitHub\\SOEN390\\components\\MapComponents\\MapMarker.tsx": {"path":"C:\\Users\\htheo\\OneDrive\\Documents\\GitHub\\SOEN390\\components\\MapComponents\\MapMarker.tsx","statementMap":{"0":{"start":{"line":5,"column":44},"end":{"line":7,"column":1}},"1":{"start":{"line":6,"column":2},"end":{"line":6,"column":58}}},"fnMap":{"0":{"name":"(anonymous_0)","decl":{"start":{"line":5,"column":44},"end":{"line":5,"column":45}},"loc":{"start":{"line":5,"column":71},"end":{"line":7,"column":1}},"line":5}},"branchMap":{},"s":{"0":0,"1":0},"f":{"0":0},"b":{}}
,"C:\\Users\\htheo\\OneDrive\\Documents\\GitHub\\SOEN390\\components\\MapComponents\\MarkerInfoBox.tsx": {"path":"C:\\Users\\htheo\\OneDrive\\Documents\\GitHub\\SOEN390\\components\\MapComponents\\MarkerInfoBox.tsx","statementMap":{"0":{"start":{"line":17,"column":59},"end":{"line":136,"column":1}},"1":{"start":{"line":24,"column":30},"end":{"line":24,"column":46}},"2":{"start":{"line":26,"column":47},"end":{"line":26,"column":64}},"3":{"start":{"line":28,"column":4},"end":{"line":135,"column":6}}},"fnMap":{"0":{"name":"(anonymous_0)","decl":{"start":{"line":17,"column":59},"end":{"line":17,"column":60}},"loc":{"start":{"line":23,"column":6},"end":{"line":136,"column":1}},"line":23}},"branchMap":{"0":{"loc":{"start":{"line":24,"column":30},"end":{"line":24,"column":46}},"type":"binary-expr","locations":[{"start":{"line":24,"column":30},"end":{"line":24,"column":40}},{"start":{"line":24,"column":44},"end":{"line":24,"column":46}}],"line":24},"1":{"loc":{"start":{"line":34,"column":29},"end":{"line":34,"column":57}},"type":"binary-expr","locations":[{"start":{"line":34,"column":29},"end":{"line":34,"column":34}},{"start":{"line":34,"column":38},"end":{"line":34,"column":57}}],"line":34},"2":{"loc":{"start":{"line":40,"column":33},"end":{"line":40,"column":92}},"type":"cond-expr","locations":[{"start":{"line":40,"column":56},"end":{"line":40,"column":71}},{"start":{"line":40,"column":74},"end":{"line":40,"column":92}}],"line":40},"3":{"loc":{"start":{"line":45,"column":29},"end":{"line":50,"column":29}},"type":"binary-expr","locations":[{"start":{"line":45,"column":29},"end":{"line":45,"column":59}},{"start":{"line":46,"column":32},"end":{"line":49,"column":39}}],"line":45},"4":{"loc":{"start":{"line":52,"column":29},"end":{"line":57,"column":29}},"type":"binary-expr","locations":[{"start":{"line":52,"column":29},"end":{"line":52,"column":48}},{"start":{"line":53,"column":32},"end":{"line":56,"column":39}}],"line":52},"5":{"loc":{"start":{"line":60,"column":29},"end":{"line":65,"column":29}},"type":"binary-expr","locations":[{"start":{"line":60,"column":29},"end":{"line":60,"column":49}},{"start":{"line":61,"column":32},"end":{"line":64,"column":39}}],"line":60},"6":{"loc":{"start":{"line":67,"column":29},"end":{"line":72,"column":29}},"type":"binary-expr","locations":[{"start":{"line":67,"column":29},"end":{"line":67,"column":51}},{"start":{"line":68,"column":32},"end":{"line":71,"column":39}}],"line":67},"7":{"loc":{"start":{"line":74,"column":29},"end":{"line":79,"column":29}},"type":"binary-expr","locations":[{"start":{"line":74,"column":29},"end":{"line":74,"column":56}},{"start":{"line":75,"column":32},"end":{"line":78,"column":39}}],"line":74},"8":{"loc":{"start":{"line":81,"column":29},"end":{"line":86,"column":29}},"type":"binary-expr","locations":[{"start":{"line":81,"column":29},"end":{"line":81,"column":49}},{"start":{"line":82,"column":32},"end":{"line":85,"column":39}}],"line":81},"9":{"loc":{"start":{"line":88,"column":29},"end":{"line":93,"column":29}},"type":"binary-expr","locations":[{"start":{"line":88,"column":29},"end":{"line":88,"column":47}},{"start":{"line":89,"column":32},"end":{"line":92,"column":39}}],"line":88},"10":{"loc":{"start":{"line":95,"column":29},"end":{"line":108,"column":29}},"type":"binary-expr","locations":[{"start":{"line":95,"column":29},"end":{"line":95,"column":39}},{"start":{"line":96,"column":32},"end":{"line":107,"column":35}}],"line":95}},"s":{"0":0,"1":0,"2":0,"3":0},"f":{"0":0},"b":{"0":[0,0],"1":[0,0],"2":[0,0],"3":[0,0],"4":[0,0],"5":[0,0],"6":[0,0],"7":[0,0],"8":[0,0],"9":[0,0],"10":[0,0]}}
,"C:\\Users\\htheo\\OneDrive\\Documents\\GitHub\\SOEN390\\components\\MapComponents\\MarkersComponent.tsx": {"path":"C:\\Users\\htheo\\OneDrive\\Documents\\GitHub\\SOEN390\\components\\MapComponents\\MarkersComponent.tsx","statementMap":{"0":{"start":{"line":5,"column":68},"end":{"line":29,"column":1}},"1":{"start":{"line":9,"column":2},"end":{"line":28,"column":4}},"2":{"start":{"line":12,"column":25},"end":{"line":12,"column":70}},"3":{"start":{"line":13,"column":26},"end":{"line":13,"column":72}},"4":{"start":{"line":15,"column":8},"end":{"line":15,"column":75}},"5":{"start":{"line":15,"column":63},"end":{"line":15,"column":75}},"6":{"start":{"line":17,"column":8},"end":{"line":25,"column":10}},"7":{"start":{"line":23,"column":27},"end":{"line":23,"column":50}}},"fnMap":{"0":{"name":"(anonymous_0)","decl":{"start":{"line":5,"column":68},"end":{"line":5,"column":69}},"loc":{"start":{"line":8,"column":6},"end":{"line":29,"column":1}},"line":8},"1":{"name":"(anonymous_1)","decl":{"start":{"line":11,"column":16},"end":{"line":11,"column":17}},"loc":{"start":{"line":11,"column":33},"end":{"line":26,"column":7}},"line":11},"2":{"name":"(anonymous_2)","decl":{"start":{"line":23,"column":21},"end":{"line":23,"column":22}},"loc":{"start":{"line":23,"column":27},"end":{"line":23,"column":50}},"line":23}},"branchMap":{"0":{"loc":{"start":{"line":12,"column":25},"end":{"line":12,"column":70}},"type":"binary-expr","locations":[{"start":{"line":12,"column":25},"end":{"line":12,"column":38}},{"start":{"line":12,"column":42},"end":{"line":12,"column":70}}],"line":12},"1":{"loc":{"start":{"line":13,"column":26},"end":{"line":13,"column":72}},"type":"binary-expr","locations":[{"start":{"line":13,"column":26},"end":{"line":13,"column":40}},{"start":{"line":13,"column":44},"end":{"line":13,"column":72}}],"line":13},"2":{"loc":{"start":{"line":15,"column":8},"end":{"line":15,"column":75}},"type":"if","locations":[{"start":{"line":15,"column":8},"end":{"line":15,"column":75}},{"start":{},"end":{}}],"line":15},"3":{"loc":{"start":{"line":15,"column":12},"end":{"line":15,"column":61}},"type":"binary-expr","locations":[{"start":{"line":15,"column":12},"end":{"line":15,"column":34}},{"start":{"line":15,"column":38},"end":{"line":15,"column":61}}],"line":15},"4":{"loc":{"start":{"line":19,"column":17},"end":{"line":19,"column":66}},"type":"cond-expr","locations":[{"start":{"line":19,"column":27},"end":{"line":19,"column":46}},{"start":{"line":19,"column":49},"end":{"line":19,"column":66}}],"line":19},"5":{"loc":{"start":{"line":21,"column":19},"end":{"line":21,"column":49}},"type":"binary-expr","locations":[{"start":{"line":21,"column":19},"end":{"line":21,"column":36}},{"start":{"line":21,"column":40},"end":{"line":21,"column":49}}],"line":21},"6":{"loc":{"start":{"line":22,"column":22},"end":{"line":22,"column":63}},"type":"cond-expr","locations":[{"start":{"line":22,"column":42},"end":{"line":22,"column":51}},{"start":{"line":22,"column":54},"end":{"line":22,"column":63}}],"line":22}},"s":{"0":0,"1":0,"2":0,"3":0,"4":0,"5":0,"6":0,"7":0},"f":{"0":0,"1":0,"2":0},"b":{"0":[0,0],"1":[0,0],"2":[0,0],"3":[0,0],"4":[0,0],"5":[0,0],"6":[0,0]}}
,"C:\\Users\\htheo\\OneDrive\\Documents\\GitHub\\SOEN390\\components\\MapComponents\\SwitchBotton.tsx": {"path":"C:\\Users\\htheo\\OneDrive\\Documents\\GitHub\\SOEN390\\components\\MapComponents\\SwitchBotton.tsx","statementMap":{"0":{"start":{"line":7,"column":52},"end":{"line":18,"column":1}},"1":{"start":{"line":8,"column":2},"end":{"line":17,"column":4}},"2":{"start":{"line":20,"column":15},"end":{"line":32,"column":2}}},"fnMap":{"0":{"name":"(anonymous_0)","decl":{"start":{"line":7,"column":52},"end":{"line":7,"column":53}},"loc":{"start":{"line":7,"column":93},"end":{"line":18,"column":1}},"line":7}},"branchMap":{},"s":{"0":0,"1":0,"2":0},"f":{"0":0},"b":{}}
,"C:\\Users\\htheo\\OneDrive\\Documents\\GitHub\\SOEN390\\hooks\\RequestUserLocation.tsx": {"path":"C:\\Users\\htheo\\OneDrive\\Documents\\GitHub\\SOEN390\\hooks\\RequestUserLocation.tsx","statementMap":{"0":{"start":{"line":4,"column":44},"end":{"line":48,"column":1}},"1":{"start":{"line":5,"column":34},"end":{"line":5,"column":96}},"2":{"start":{"line":7,"column":2},"end":{"line":45,"column":9}},"3":{"start":{"line":8,"column":38},"end":{"line":26,"column":5}},"4":{"start":{"line":9,"column":6},"end":{"line":9,"column":44}},"5":{"start":{"line":9,"column":37},"end":{"line":9,"column":44}},"6":{"start":{"line":11,"column":22},"end":{"line":19,"column":7}},"7":{"start":{"line":21,"column":6},"end":{"line":25,"column":7}},"8":{"start":{"line":22,"column":8},"end":{"line":22,"column":29}},"9":{"start":{"line":24,"column":8},"end":{"line":24,"column":70}},"10":{"start":{"line":28,"column":31},"end":{"line":42,"column":5}},"11":{"start":{"line":29,"column":6},"end":{"line":41,"column":8}},"12":{"start":{"line":31,"column":10},"end":{"line":34,"column":13}},"13":{"start":{"line":37,"column":10},"end":{"line":37,"column":59}},"14":{"start":{"line":38,"column":10},"end":{"line":38,"column":63}},"15":{"start":{"line":44,"column":4},"end":{"line":44,"column":32}},"16":{"start":{"line":47,"column":2},"end":{"line":47,"column":18}}},"fnMap":{"0":{"name":"(anonymous_0)","decl":{"start":{"line":4,"column":44},"end":{"line":4,"column":45}},"loc":{"start":{"line":4,"column":50},"end":{"line":48,"column":1}},"line":4},"1":{"name":"(anonymous_1)","decl":{"start":{"line":7,"column":12},"end":{"line":7,"column":13}},"loc":{"start":{"line":7,"column":18},"end":{"line":45,"column":3}},"line":7},"2":{"name":"(anonymous_2)","decl":{"start":{"line":8,"column":38},"end":{"line":8,"column":39}},"loc":{"start":{"line":8,"column":50},"end":{"line":26,"column":5}},"line":8},"3":{"name":"(anonymous_3)","decl":{"start":{"line":28,"column":31},"end":{"line":28,"column":32}},"loc":{"start":{"line":28,"column":37},"end":{"line":42,"column":5}},"line":28},"4":{"name":"(anonymous_4)","decl":{"start":{"line":30,"column":8},"end":{"line":30,"column":9}},"loc":{"start":{"line":30,"column":22},"end":{"line":35,"column":9}},"line":30},"5":{"name":"(anonymous_5)","decl":{"start":{"line":36,"column":8},"end":{"line":36,"column":9}},"loc":{"start":{"line":36,"column":19},"end":{"line":39,"column":9}},"line":36}},"branchMap":{"0":{"loc":{"start":{"line":9,"column":6},"end":{"line":9,"column":44}},"type":"if","locations":[{"start":{"line":9,"column":6},"end":{"line":9,"column":44}},{"start":{},"end":{}}],"line":9},"1":{"loc":{"start":{"line":21,"column":6},"end":{"line":25,"column":7}},"type":"if","locations":[{"start":{"line":21,"column":6},"end":{"line":25,"column":7}},{"start":{"line":23,"column":13},"end":{"line":25,"column":7}}],"line":21}},"s":{"0":0,"1":0,"2":0,"3":0,"4":0,"5":0,"6":0,"7":0,"8":0,"9":0,"10":0,"11":0,"12":0,"13":0,"14":0,"15":0,"16":0},"f":{"0":0,"1":0,"2":0,"3":0,"4":0,"5":0},"b":{"0":[0,0],"1":[0,0]}}
,"C:\\Users\\htheo\\OneDrive\\Documents\\GitHub\\SOEN390\\navigation\\Navigation.tsx": {"path":"C:\\Users\\htheo\\OneDrive\\Documents\\GitHub\\SOEN390\\navigation\\Navigation.tsx","statementMap":{"0":{"start":{"line":13,"column":12},"end":{"line":13,"column":38}},"1":{"start":{"line":15,"column":4},"end":{"line":44,"column":6}},"2":{"start":{"line":17,"column":39},"end":{"line":37,"column":9}},"3":{"start":{"line":20,"column":59},"end":{"line":20,"column":65}},"4":{"start":{"line":22,"column":12},"end":{"line":30,"column":13}},"5":{"start":{"line":23,"column":16},"end":{"line":23,"column":61}},"6":{"start":{"line":24,"column":19},"end":{"line":30,"column":13}},"7":{"start":{"line":25,"column":16},"end":{"line":25,"column":69}},"8":{"start":{"line":26,"column":19},"end":{"line":30,"column":13}},"9":{"start":{"line":27,"column":16},"end":{"line":27,"column":69}},"10":{"start":{"line":28,"column":19},"end":{"line":30,"column":13}},"11":{"start":{"line":29,"column":16},"end":{"line":29,"column":89}},"12":{"start":{"line":33,"column":12},"end":{"line":33,"column":74}}},"fnMap":{"0":{"name":"Navigation","decl":{"start":{"line":14,"column":24},"end":{"line":14,"column":34}},"loc":{"start":{"line":14,"column":37},"end":{"line":45,"column":1}},"line":14},"1":{"name":"(anonymous_1)","decl":{"start":{"line":17,"column":23},"end":{"line":17,"column":24}},"loc":{"start":{"line":17,"column":39},"end":{"line":37,"column":9}},"line":17},"2":{"name":"(anonymous_2)","decl":{"start":{"line":18,"column":24},"end":{"line":18,"column":25}},"loc":{"start":{"line":18,"column":54},"end":{"line":34,"column":13}},"line":18}},"branchMap":{"0":{"loc":{"start":{"line":22,"column":12},"end":{"line":30,"column":13}},"type":"if","locations":[{"start":{"line":22,"column":12},"end":{"line":30,"column":13}},{"start":{"line":24,"column":19},"end":{"line":30,"column":13}}],"line":22},"1":{"loc":{"start":{"line":23,"column":27},"end":{"line":23,"column":60}},"type":"cond-expr","locations":[{"start":{"line":23,"column":37},"end":{"line":23,"column":43}},{"start":{"line":23,"column":46},"end":{"line":23,"column":60}}],"line":23},"2":{"loc":{"start":{"line":24,"column":19},"end":{"line":30,"column":13}},"type":"if","locations":[{"start":{"line":24,"column":19},"end":{"line":30,"column":13}},{"start":{"line":26,"column":19},"end":{"line":30,"column":13}}],"line":24},"3":{"loc":{"start":{"line":25,"column":27},"end":{"line":25,"column":68}},"type":"cond-expr","locations":[{"start":{"line":25,"column":37},"end":{"line":25,"column":47}},{"start":{"line":25,"column":50},"end":{"line":25,"column":68}}],"line":25},"4":{"loc":{"start":{"line":26,"column":19},"end":{"line":30,"column":13}},"type":"if","locations":[{"start":{"line":26,"column":19},"end":{"line":30,"column":13}},{"start":{"line":28,"column":19},"end":{"line":30,"column":13}}],"line":26},"5":{"loc":{"start":{"line":27,"column":27},"end":{"line":27,"column":68}},"type":"cond-expr","locations":[{"start":{"line":27,"column":37},"end":{"line":27,"column":47}},{"start":{"line":27,"column":50},"end":{"line":27,"column":68}}],"line":27},"6":{"loc":{"start":{"line":28,"column":19},"end":{"line":30,"column":13}},"type":"if","locations":[{"start":{"line":28,"column":19},"end":{"line":30,"column":13}},{"start":{},"end":{}}],"line":28},"7":{"loc":{"start":{"line":29,"column":27},"end":{"line":29,"column":88}},"type":"cond-expr","locations":[{"start":{"line":29,"column":37},"end":{"line":29,"column":57}},{"start":{"line":29,"column":60},"end":{"line":29,"column":88}}],"line":29}},"s":{"0":0,"1":0,"2":0,"3":0,"4":0,"5":0,"6":0,"7":0,"8":0,"9":0,"10":0,"11":0,"12":0},"f":{"0":0,"1":0,"2":0},"b":{"0":[0,0],"1":[0,0],"2":[0,0],"3":[0,0],"4":[0,0],"5":[0,0],"6":[0,0],"7":[0,0]}}
,"C:\\Users\\htheo\\OneDrive\\Documents\\GitHub\\SOEN390\\screens\\DirectionsScreen.tsx": {"path":"C:\\Users\\htheo\\OneDrive\\Documents\\GitHub\\SOEN390\\screens\\DirectionsScreen.tsx","statementMap":{"0":{"start":{"line":20,"column":22},"end":{"line":20,"column":41}},"1":{"start":{"line":21,"column":21},"end":{"line":21,"column":65}},"2":{"start":{"line":24,"column":17},"end":{"line":24,"column":45}},"3":{"start":{"line":25,"column":30},"end":{"line":25,"column":59}},"4":{"start":{"line":26,"column":40},"end":{"line":26,"column":69}},"5":{"start":{"line":27,"column":46},"end":{"line":27,"column":61}},"6":{"start":{"line":28,"column":34},"end":{"line":28,"column":45}},"7":{"start":{"line":29,"column":34},"end":{"line":29,"column":45}},"8":{"start":{"line":39,"column":16},"end":{"line":39,"column":78}},"9":{"start":{"line":41,"column":28},"end":{"line":41,"column":53}},"10":{"start":{"line":42,"column":48},"end":{"line":42,"column":77}},"11":{"start":{"line":43,"column":44},"end":{"line":43,"column":94}},"12":{"start":{"line":44,"column":32},"end":{"line":44,"column":79}},"13":{"start":{"line":45,"column":32},"end":{"line":45,"column":79}},"14":{"start":{"line":47,"column":42},"end":{"line":47,"column":57}},"15":{"start":{"line":48,"column":48},"end":{"line":48,"column":63}},"16":{"start":{"line":53,"column":2},"end":{"line":61,"column":9}},"17":{"start":{"line":54,"column":31},"end":{"line":59,"column":5}},"18":{"start":{"line":55,"column":26},"end":{"line":55,"column":62}},"19":{"start":{"line":56,"column":31},"end":{"line":56,"column":72}},"20":{"start":{"line":57,"column":6},"end":{"line":57,"column":58}},"21":{"start":{"line":57,"column":23},"end":{"line":57,"column":58}},"22":{"start":{"line":58,"column":6},"end":{"line":58,"column":73}},"23":{"start":{"line":58,"column":28},"end":{"line":58,"column":73}},"24":{"start":{"line":60,"column":4},"end":{"line":60,"column":25}},"25":{"start":{"line":63,"column":2},"end":{"line":82,"column":26}},"26":{"start":{"line":64,"column":6},"end":{"line":81,"column":5}},"27":{"start":{"line":65,"column":8},"end":{"line":65,"column":61}},"28":{"start":{"line":67,"column":39},"end":{"line":79,"column":7}},"29":{"start":{"line":68,"column":33},"end":{"line":71,"column":9}},"30":{"start":{"line":73,"column":8},"end":{"line":73,"column":52}},"31":{"start":{"line":75,"column":8},"end":{"line":75,"column":30}},"32":{"start":{"line":76,"column":8},"end":{"line":76,"column":73}},"33":{"start":{"line":78,"column":8},"end":{"line":78,"column":28}},"34":{"start":{"line":80,"column":4},"end":{"line":80,"column":79}},"35":{"start":{"line":84,"column":2},"end":{"line":91,"column":28}},"36":{"start":{"line":85,"column":4},"end":{"line":90,"column":5}},"37":{"start":{"line":86,"column":6},"end":{"line":89,"column":9}},"38":{"start":{"line":93,"column":17},"end":{"line":103,"column":3}},"39":{"start":{"line":94,"column":4},"end":{"line":102,"column":6}},"40":{"start":{"line":105,"column":31},"end":{"line":119,"column":3}},"41":{"start":{"line":106,"column":29},"end":{"line":109,"column":5}},"42":{"start":{"line":111,"column":4},"end":{"line":111,"column":48}},"43":{"start":{"line":113,"column":4},"end":{"line":113,"column":26}},"44":{"start":{"line":114,"column":4},"end":{"line":114,"column":69}},"45":{"start":{"line":116,"column":22},"end":{"line":116,"column":66}},"46":{"start":{"line":118,"column":4},"end":{"line":118,"column":32}},"47":{"start":{"line":121,"column":21},"end":{"line":133,"column":3}},"48":{"start":{"line":122,"column":6},"end":{"line":122,"column":38}},"49":{"start":{"line":123,"column":6},"end":{"line":123,"column":47}},"50":{"start":{"line":124,"column":6},"end":{"line":124,"column":41}},"51":{"start":{"line":125,"column":4},"end":{"line":132,"column":5}},"52":{"start":{"line":126,"column":8},"end":{"line":131,"column":9}},"53":{"start":{"line":127,"column":31},"end":{"line":127,"column":161}},"54":{"start":{"line":128,"column":12},"end":{"line":128,"column":43}},"55":{"start":{"line":130,"column":12},"end":{"line":130,"column":63}},"56":{"start":{"line":137,"column":24},"end":{"line":178,"column":1}},"57":{"start":{"line":138,"column":4},"end":{"line":138,"column":56}},"58":{"start":{"line":140,"column":4},"end":{"line":140,"column":80}},"59":{"start":{"line":142,"column":38},"end":{"line":142,"column":85}},"60":{"start":{"line":145,"column":4},"end":{"line":145,"column":80}},"61":{"start":{"line":146,"column":31},"end":{"line":146,"column":86}},"62":{"start":{"line":147,"column":31},"end":{"line":147,"column":86}},"63":{"start":{"line":148,"column":4},"end":{"line":148,"column":80}},"64":{"start":{"line":149,"column":4},"end":{"line":149,"column":99}},"65":{"start":{"line":151,"column":4},"end":{"line":177,"column":5}},"66":{"start":{"line":152,"column":8},"end":{"line":174,"column":9}},"67":{"start":{"line":153,"column":12},"end":{"line":169,"column":13}},"68":{"start":{"line":154,"column":16},"end":{"line":154,"column":46}},"69":{"start":{"line":155,"column":16},"end":{"line":155,"column":45}},"70":{"start":{"line":156,"column":16},"end":{"line":156,"column":44}},"71":{"start":{"line":157,"column":16},"end":{"line":157,"column":85}},"72":{"start":{"line":158,"column":16},"end":{"line":158,"column":38}},"73":{"start":{"line":159,"column":16},"end":{"line":159,"column":69}},"74":{"start":{"line":160,"column":16},"end":{"line":160,"column":35}},"75":{"start":{"line":161,"column":19},"end":{"line":169,"column":13}},"76":{"start":{"line":162,"column":16},"end":{"line":162,"column":46}},"77":{"start":{"line":163,"column":16},"end":{"line":163,"column":45}},"78":{"start":{"line":164,"column":16},"end":{"line":164,"column":44}},"79":{"start":{"line":165,"column":16},"end":{"line":165,"column":83}},"80":{"start":{"line":166,"column":16},"end":{"line":166,"column":38}},"81":{"start":{"line":167,"column":16},"end":{"line":167,"column":69}},"82":{"start":{"line":168,"column":16},"end":{"line":168,"column":35}},"83":{"start":{"line":171,"column":12},"end":{"line":171,"column":78}},"84":{"start":{"line":172,"column":12},"end":{"line":172,"column":35}},"85":{"start":{"line":173,"column":12},"end":{"line":173,"column":65}},"86":{"start":{"line":176,"column":8},"end":{"line":176,"column":60}},"87":{"start":{"line":181,"column":2},"end":{"line":183,"column":22}},"88":{"start":{"line":182,"column":4},"end":{"line":182,"column":17}},"89":{"start":{"line":185,"column":21},"end":{"line":187,"column":3}},"90":{"start":{"line":186,"column":6},"end":{"line":186,"column":34}},"91":{"start":{"line":189,"column":21},"end":{"line":191,"column":3}},"92":{"start":{"line":190,"column":6},"end":{"line":190,"column":34}},"93":{"start":{"line":193,"column":21},"end":{"line":195,"column":3}},"94":{"start":{"line":194,"column":7},"end":{"line":194,"column":35}},"95":{"start":{"line":197,"column":2},"end":{"line":203,"column":20}},"96":{"start":{"line":198,"column":6},"end":{"line":202,"column":7}},"97":{"start":{"line":201,"column":10},"end":{"line":201,"column":39}},"98":{"start":{"line":205,"column":2},"end":{"line":210,"column":24}},"99":{"start":{"line":206,"column":4},"end":{"line":209,"column":5}},"100":{"start":{"line":208,"column":8},"end":{"line":208,"column":53}},"101":{"start":{"line":213,"column":0},"end":{"line":314,"column":2}},"102":{"start":{"line":228,"column":12},"end":{"line":228,"column":39}},"103":{"start":{"line":229,"column":12},"end":{"line":229,"column":39}},"104":{"start":{"line":242,"column":38},"end":{"line":242,"column":99}},"105":{"start":{"line":254,"column":38},"end":{"line":254,"column":128}},"106":{"start":{"line":270,"column":10},"end":{"line":300,"column":29}},"107":{"start":{"line":273,"column":12},"end":{"line":273,"column":35}},"108":{"start":{"line":274,"column":12},"end":{"line":279,"column":13}},"109":{"start":{"line":275,"column":14},"end":{"line":275,"column":38}},"110":{"start":{"line":276,"column":14},"end":{"line":276,"column":39}},"111":{"start":{"line":278,"column":14},"end":{"line":278,"column":40}}},"fnMap":{"0":{"name":"DirectionsScreen","decl":{"start":{"line":23,"column":24},"end":{"line":23,"column":40}},"loc":{"start":{"line":23,"column":43},"end":{"line":316,"column":1}},"line":23},"1":{"name":"(anonymous_1)","decl":{"start":{"line":53,"column":12},"end":{"line":53,"column":13}},"loc":{"start":{"line":53,"column":18},"end":{"line":61,"column":3}},"line":53},"2":{"name":"(anonymous_2)","decl":{"start":{"line":54,"column":31},"end":{"line":54,"column":32}},"loc":{"start":{"line":54,"column":43},"end":{"line":59,"column":5}},"line":54},"3":{"name":"(anonymous_3)","decl":{"start":{"line":63,"column":12},"end":{"line":63,"column":13}},"loc":{"start":{"line":63,"column":18},"end":{"line":82,"column":3}},"line":63},"4":{"name":"(anonymous_4)","decl":{"start":{"line":67,"column":39},"end":{"line":67,"column":40}},"loc":{"start":{"line":67,"column":129},"end":{"line":79,"column":7}},"line":67},"5":{"name":"(anonymous_5)","decl":{"start":{"line":84,"column":12},"end":{"line":84,"column":13}},"loc":{"start":{"line":84,"column":18},"end":{"line":91,"column":3}},"line":84},"6":{"name":"(anonymous_6)","decl":{"start":{"line":93,"column":17},"end":{"line":93,"column":18}},"loc":{"start":{"line":93,"column":58},"end":{"line":103,"column":3}},"line":93},"7":{"name":"(anonymous_7)","decl":{"start":{"line":105,"column":31},"end":{"line":105,"column":32}},"loc":{"start":{"line":105,"column":135},"end":{"line":119,"column":3}},"line":105},"8":{"name":"(anonymous_8)","decl":{"start":{"line":121,"column":21},"end":{"line":121,"column":22}},"loc":{"start":{"line":121,"column":33},"end":{"line":133,"column":3}},"line":121},"9":{"name":"(anonymous_9)","decl":{"start":{"line":137,"column":24},"end":{"line":137,"column":25}},"loc":{"start":{"line":137,"column":36},"end":{"line":178,"column":1}},"line":137},"10":{"name":"(anonymous_10)","decl":{"start":{"line":181,"column":13},"end":{"line":181,"column":14}},"loc":{"start":{"line":181,"column":19},"end":{"line":183,"column":3}},"line":181},"11":{"name":"(anonymous_11)","decl":{"start":{"line":185,"column":21},"end":{"line":185,"column":22}},"loc":{"start":{"line":185,"column":27},"end":{"line":187,"column":3}},"line":185},"12":{"name":"(anonymous_12)","decl":{"start":{"line":189,"column":21},"end":{"line":189,"column":22}},"loc":{"start":{"line":189,"column":27},"end":{"line":191,"column":3}},"line":189},"13":{"name":"(anonymous_13)","decl":{"start":{"line":193,"column":21},"end":{"line":193,"column":22}},"loc":{"start":{"line":193,"column":27},"end":{"line":195,"column":3}},"line":193},"14":{"name":"(anonymous_14)","decl":{"start":{"line":197,"column":12},"end":{"line":197,"column":13}},"loc":{"start":{"line":197,"column":18},"end":{"line":203,"column":3}},"line":197},"15":{"name":"(anonymous_15)","decl":{"start":{"line":205,"column":12},"end":{"line":205,"column":13}},"loc":{"start":{"line":205,"column":18},"end":{"line":210,"column":3}},"line":205},"16":{"name":"(anonymous_16)","decl":{"start":{"line":227,"column":19},"end":{"line":227,"column":20}},"loc":{"start":{"line":227,"column":29},"end":{"line":230,"column":11}},"line":227},"17":{"name":"(anonymous_17)","decl":{"start":{"line":242,"column":19},"end":{"line":242,"column":20}},"loc":{"start":{"line":242,"column":38},"end":{"line":242,"column":99}},"line":242},"18":{"name":"(anonymous_18)","decl":{"start":{"line":254,"column":19},"end":{"line":254,"column":20}},"loc":{"start":{"line":254,"column":38},"end":{"line":254,"column":128}},"line":254},"19":{"name":"(anonymous_19)","decl":{"start":{"line":269,"column":14},"end":{"line":269,"column":15}},"loc":{"start":{"line":270,"column":10},"end":{"line":300,"column":29}},"line":270},"20":{"name":"(anonymous_20)","decl":{"start":{"line":272,"column":19},"end":{"line":272,"column":20}},"loc":{"start":{"line":272,"column":31},"end":{"line":280,"column":13}},"line":272}},"branchMap":{"0":{"loc":{"start":{"line":57,"column":6},"end":{"line":57,"column":58}},"type":"if","locations":[{"start":{"line":57,"column":6},"end":{"line":57,"column":58}},{"start":{},"end":{}}],"line":57},"1":{"loc":{"start":{"line":58,"column":6},"end":{"line":58,"column":73}},"type":"if","locations":[{"start":{"line":58,"column":6},"end":{"line":58,"column":73}},{"start":{},"end":{}}],"line":58},"2":{"loc":{"start":{"line":64,"column":6},"end":{"line":81,"column":5}},"type":"if","locations":[{"start":{"line":64,"column":6},"end":{"line":81,"column":5}},{"start":{},"end":{}}],"line":64},"3":{"loc":{"start":{"line":85,"column":4},"end":{"line":90,"column":5}},"type":"if","locations":[{"start":{"line":85,"column":4},"end":{"line":90,"column":5}},{"start":{},"end":{}}],"line":85},"4":{"loc":{"start":{"line":85,"column":8},"end":{"line":85,"column":29}},"type":"binary-expr","locations":[{"start":{"line":85,"column":8},"end":{"line":85,"column":14}},{"start":{"line":85,"column":18},"end":{"line":85,"column":29}}],"line":85},"5":{"loc":{"start":{"line":116,"column":22},"end":{"line":116,"column":66}},"type":"cond-expr","locations":[{"start":{"line":116,"column":58},"end":{"line":116,"column":59}},{"start":{"line":116,"column":62},"end":{"line":116,"column":66}}],"line":116},"6":{"loc":{"start":{"line":125,"column":4},"end":{"line":132,"column":5}},"type":"if","locations":[{"start":{"line":125,"column":4},"end":{"line":132,"column":5}},{"start":{},"end":{}}],"line":125},"7":{"loc":{"start":{"line":125,"column":8},"end":{"line":125,"column":29}},"type":"binary-expr","locations":[{"start":{"line":125,"column":8},"end":{"line":125,"column":14}},{"start":{"line":125,"column":18},"end":{"line":125,"column":29}}],"line":125},"8":{"loc":{"start":{"line":151,"column":4},"end":{"line":177,"column":5}},"type":"if","locations":[{"start":{"line":151,"column":4},"end":{"line":177,"column":5}},{"start":{"line":175,"column":11},"end":{"line":177,"column":5}}],"line":151},"9":{"loc":{"start":{"line":151,"column":8},"end":{"line":151,"column":64}},"type":"binary-expr","locations":[{"start":{"line":151,"column":8},"end":{"line":151,"column":34}},{"start":{"line":151,"column":38},"end":{"line":151,"column":64}}],"line":151},"10":{"loc":{"start":{"line":152,"column":8},"end":{"line":174,"column":9}},"type":"if","locations":[{"start":{"line":152,"column":8},"end":{"line":174,"column":9}},{"start":{"line":170,"column":15},"end":{"line":174,"column":9}}],"line":152},"11":{"loc":{"start":{"line":152,"column":12},"end":{"line":152,"column":62}},"type":"binary-expr","locations":[{"start":{"line":152,"column":12},"end":{"line":152,"column":35}},{"start":{"line":152,"column":39},"end":{"line":152,"column":62}}],"line":152},"12":{"loc":{"start":{"line":153,"column":12},"end":{"line":169,"column":13}},"type":"if","locations":[{"start":{"line":153,"column":12},"end":{"line":169,"column":13}},{"start":{"line":161,"column":19},"end":{"line":169,"column":13}}],"line":153},"13":{"loc":{"start":{"line":161,"column":19},"end":{"line":169,"column":13}},"type":"if","locations":[{"start":{"line":161,"column":19},"end":{"line":169,"column":13}},{"start":{},"end":{}}],"line":161},"14":{"loc":{"start":{"line":198,"column":6},"end":{"line":202,"column":7}},"type":"if","locations":[{"start":{"line":198,"column":6},"end":{"line":202,"column":7}},{"start":{},"end":{}}],"line":198},"15":{"loc":{"start":{"line":206,"column":4},"end":{"line":209,"column":5}},"type":"if","locations":[{"start":{"line":206,"column":4},"end":{"line":209,"column":5}},{"start":{},"end":{}}],"line":206},"16":{"loc":{"start":{"line":216,"column":7},"end":{"line":216,"column":47}},"type":"binary-expr","locations":[{"start":{"line":216,"column":7},"end":{"line":216,"column":13}},{"start":{"line":216,"column":17},"end":{"line":216,"column":47}}],"line":216},"17":{"loc":{"start":{"line":217,"column":7},"end":{"line":217,"column":57}},"type":"binary-expr","locations":[{"start":{"line":217,"column":7},"end":{"line":217,"column":18}},{"start":{"line":217,"column":22},"end":{"line":217,"column":57}}],"line":217},"18":{"loc":{"start":{"line":218,"column":7},"end":{"line":232,"column":7}},"type":"binary-expr","locations":[{"start":{"line":218,"column":7},"end":{"line":218,"column":22}},{"start":{"line":218,"column":26},"end":{"line":218,"column":32}},{"start":{"line":218,"column":36},"end":{"line":218,"column":47}},{"start":{"line":219,"column":8},"end":{"line":231,"column":10}}],"line":218},"19":{"loc":{"start":{"line":242,"column":38},"end":{"line":242,"column":99}},"type":"binary-expr","locations":[{"start":{"line":242,"column":38},"end":{"line":242,"column":45}},{"start":{"line":242,"column":49},"end":{"line":242,"column":99}}],"line":242},"20":{"loc":{"start":{"line":254,"column":38},"end":{"line":254,"column":128}},"type":"binary-expr","locations":[{"start":{"line":254,"column":38},"end":{"line":254,"column":45}},{"start":{"line":254,"column":49},"end":{"line":254,"column":128}}],"line":254},"21":{"loc":{"start":{"line":274,"column":12},"end":{"line":279,"column":13}},"type":"if","locations":[{"start":{"line":274,"column":12},"end":{"line":279,"column":13}},{"start":{"line":277,"column":19},"end":{"line":279,"column":13}}],"line":274},"22":{"loc":{"start":{"line":287,"column":21},"end":{"line":287,"column":65}},"type":"cond-expr","locations":[{"start":{"line":287,"column":46},"end":{"line":287,"column":55}},{"start":{"line":287,"column":58},"end":{"line":287,"column":65}}],"line":287},"23":{"loc":{"start":{"line":289,"column":13},"end":{"line":299,"column":13}},"type":"binary-expr","locations":[{"start":{"line":289,"column":13},"end":{"line":289,"column":35}},{"start":{"line":290,"column":14},"end":{"line":298,"column":16}}],"line":289},"24":{"loc":{"start":{"line":306,"column":5},"end":{"line":312,"column":5}},"type":"binary-expr","locations":[{"start":{"line":306,"column":5},"end":{"line":306,"column":17}},{"start":{"line":306,"column":21},"end":{"line":306,"column":33}},{"start":{"line":307,"column":6},"end":{"line":311,"column":13}}],"line":306},"25":{"loc":{"start":{"line":310,"column":9},"end":{"line":310,"column":113}},"type":"binary-expr","locations":[{"start":{"line":310,"column":9},"end":{"line":310,"column":24}},{"start":{"line":310,"column":28},"end":{"line":310,"column":113}}],"line":310}},"s":{"0":0,"1":0,"2":0,"3":0,"4":0,"5":0,"6":0,"7":0,"8":0,"9":0,"10":0,"11":0,"12":0,"13":0,"14":0,"15":0,"16":0,"17":0,"18":0,"19":0,"20":0,"21":0,"22":0,"23":0,"24":0,"25":0,"26":0,"27":0,"28":0,"29":0,"30":0,"31":0,"32":0,"33":0,"34":0,"35":0,"36":0,"37":0,"38":0,"39":0,"40":0,"41":0,"42":0,"43":0,"44":0,"45":0,"46":0,"47":0,"48":0,"49":0,"50":0,"51":0,"52":0,"53":0,"54":0,"55":0,"56":0,"57":0,"58":0,"59":0,"60":0,"61":0,"62":0,"63":0,"64":0,"65":0,"66":0,"67":0,"68":0,"69":0,"70":0,"71":0,"72":0,"73":0,"74":0,"75":0,"76":0,"77":0,"78":0,"79":0,"80":0,"81":0,"82":0,"83":0,"84":0,"85":0,"86":0,"87":0,"88":0,"89":0,"90":0,"91":0,"92":0,"93":0,"94":0,"95":0,"96":0,"97":0,"98":0,"99":0,"100":0,"101":0,"102":0,"103":0,"104":0,"105":0,"106":0,"107":0,"108":0,"109":0,"110":0,"111":0},"f":{"0":0,"1":0,"2":0,"3":0,"4":0,"5":0,"6":0,"7":0,"8":0,"9":0,"10":0,"11":0,"12":0,"13":0,"14":0,"15":0,"16":0,"17":0,"18":0,"19":0,"20":0},"b":{"0":[0,0],"1":[0,0],"2":[0,0],"3":[0,0],"4":[0,0],"5":[0,0],"6":[0,0],"7":[0,0],"8":[0,0],"9":[0,0],"10":[0,0],"11":[0,0],"12":[0,0],"13":[0,0],"14":[0,0],"15":[0,0],"16":[0,0],"17":[0,0],"18":[0,0,0,0],"19":[0,0],"20":[0,0],"21":[0,0],"22":[0,0],"23":[0,0],"24":[0,0,0],"25":[0,0]}}
,"C:\\Users\\htheo\\OneDrive\\Documents\\GitHub\\SOEN390\\screens\\MapExplorerScreen.tsx": {"path":"C:\\Users\\htheo\\OneDrive\\Documents\\GitHub\\SOEN390\\screens\\MapExplorerScreen.tsx","statementMap":{"0":{"start":{"line":27,"column":22},"end":{"line":27,"column":41}},"1":{"start":{"line":30,"column":27},"end":{"line":30,"column":29}},"2":{"start":{"line":31,"column":27},"end":{"line":31,"column":29}},"3":{"start":{"line":32,"column":23},"end":{"line":32,"column":26}},"4":{"start":{"line":33,"column":23},"end":{"line":33,"column":27}},"5":{"start":{"line":34,"column":35},"end":{"line":34,"column":38}},"6":{"start":{"line":36,"column":24},"end":{"line":36,"column":112}},"7":{"start":{"line":37,"column":25},"end":{"line":37,"column":114}},"8":{"start":{"line":38,"column":23},"end":{"line":38,"column":112}},"9":{"start":{"line":39,"column":23},"end":{"line":39,"column":112}},"10":{"start":{"line":40,"column":23},"end":{"line":40,"column":112}},"11":{"start":{"line":41,"column":23},"end":{"line":41,"column":112}},"12":{"start":{"line":45,"column":20},"end":{"line":45,"column":57}},"13":{"start":{"line":47,"column":27},"end":{"line":49,"column":1}},"14":{"start":{"line":48,"column":2},"end":{"line":48,"column":49}},"15":{"start":{"line":51,"column":29},"end":{"line":51,"column":31}},"16":{"start":{"line":52,"column":40},"end":{"line":52,"column":42}},"17":{"start":{"line":55,"column":21},"end":{"line":313,"column":1}},"18":{"start":{"line":78,"column":29},"end":{"line":81,"column":3}},"19":{"start":{"line":79,"column":4},"end":{"line":79,"column":42}},"20":{"start":{"line":84,"column":34},"end":{"line":116,"column":3}},"21":{"start":{"line":85,"column":4},"end":{"line":85,"column":48}},"22":{"start":{"line":86,"column":4},"end":{"line":115,"column":5}},"23":{"start":{"line":88,"column":25},"end":{"line":88,"column":49}},"24":{"start":{"line":91,"column":6},"end":{"line":96,"column":7}},"25":{"start":{"line":92,"column":8},"end":{"line":95,"column":10}},"26":{"start":{"line":99,"column":6},"end":{"line":105,"column":7}},"27":{"start":{"line":101,"column":8},"end":{"line":104,"column":22}},"28":{"start":{"line":102,"column":33},"end":{"line":102,"column":56}},"29":{"start":{"line":103,"column":33},"end":{"line":103,"column":77}},"30":{"start":{"line":108,"column":6},"end":{"line":108,"column":36}},"31":{"start":{"line":109,"column":6},"end":{"line":112,"column":9}},"32":{"start":{"line":113,"column":6},"end":{"line":113,"column":40}},"33":{"start":{"line":114,"column":6},"end":{"line":114,"column":27}},"34":{"start":{"line":118,"column":54},"end":{"line":121,"column":17}},"35":{"start":{"line":122,"column":54},"end":{"line":122,"column":73}},"36":{"start":{"line":123,"column":40},"end":{"line":123,"column":55}},"37":{"start":{"line":124,"column":15},"end":{"line":124,"column":30}},"38":{"start":{"line":128,"column":28},"end":{"line":147,"column":3}},"39":{"start":{"line":129,"column":4},"end":{"line":129,"column":56}},"40":{"start":{"line":132,"column":24},"end":{"line":132,"column":55}},"41":{"start":{"line":134,"column":4},"end":{"line":146,"column":5}},"42":{"start":{"line":135,"column":36},"end":{"line":135,"column":47}},"43":{"start":{"line":136,"column":25},"end":{"line":136,"column":48}},"44":{"start":{"line":138,"column":6},"end":{"line":138,"column":40}},"45":{"start":{"line":139,"column":6},"end":{"line":141,"column":22}},"46":{"start":{"line":142,"column":6},"end":{"line":142,"column":27}},"47":{"start":{"line":143,"column":6},"end":{"line":143,"column":36}},"48":{"start":{"line":145,"column":6},"end":{"line":145,"column":57}},"49":{"start":{"line":150,"column":27},"end":{"line":171,"column":3}},"50":{"start":{"line":151,"column":4},"end":{"line":154,"column":5}},"51":{"start":{"line":152,"column":6},"end":{"line":152,"column":83}},"52":{"start":{"line":153,"column":6},"end":{"line":153,"column":13}},"53":{"start":{"line":155,"column":4},"end":{"line":170,"column":6}},"54":{"start":{"line":173,"column":36},"end":{"line":173,"column":55}},"55":{"start":{"line":176,"column":29},"end":{"line":180,"column":3}},"56":{"start":{"line":177,"column":17},"end":{"line":177,"column":100}},"57":{"start":{"line":178,"column":4},"end":{"line":178,"column":23}},"58":{"start":{"line":179,"column":4},"end":{"line":179,"column":35}},"59":{"start":{"line":182,"column":2},"end":{"line":312,"column":4}},"60":{"start":{"line":199,"column":10},"end":{"line":210,"column":12}},"61":{"start":{"line":208,"column":14},"end":{"line":208,"column":41}},"62":{"start":{"line":267,"column":10},"end":{"line":280,"column":12}},"63":{"start":{"line":276,"column":14},"end":{"line":278,"column":17}},"64":{"start":{"line":305,"column":12},"end":{"line":305,"column":34}},"65":{"start":{"line":306,"column":12},"end":{"line":306,"column":36}},"66":{"start":{"line":308,"column":30},"end":{"line":308,"column":66}},"67":{"start":{"line":329,"column":17},"end":{"line":329,"column":45}},"68":{"start":{"line":330,"column":32},"end":{"line":330,"column":49}},"69":{"start":{"line":331,"column":42},"end":{"line":331,"column":64}},"70":{"start":{"line":332,"column":22},"end":{"line":332,"column":39}},"71":{"start":{"line":333,"column":46},"end":{"line":333,"column":70}},"72":{"start":{"line":334,"column":28},"end":{"line":334,"column":63}},"73":{"start":{"line":335,"column":52},"end":{"line":335,"column":72}},"74":{"start":{"line":337,"column":44},"end":{"line":337,"column":67}},"75":{"start":{"line":340,"column":2},"end":{"line":343,"column":16}},"76":{"start":{"line":341,"column":4},"end":{"line":341,"column":51}},"77":{"start":{"line":342,"column":4},"end":{"line":342,"column":73}},"78":{"start":{"line":345,"column":44},"end":{"line":345,"column":72}},"79":{"start":{"line":346,"column":46},"end":{"line":346,"column":65}},"80":{"start":{"line":347,"column":40},"end":{"line":347,"column":55}},"81":{"start":{"line":348,"column":42},"end":{"line":348,"column":71}},"82":{"start":{"line":349,"column":34},"end":{"line":349,"column":49}},"83":{"start":{"line":364,"column":16},"end":{"line":364,"column":78}},"84":{"start":{"line":366,"column":4},"end":{"line":366,"column":22}},"85":{"start":{"line":368,"column":44},"end":{"line":373,"column":4}},"86":{"start":{"line":374,"column":15},"end":{"line":374,"column":30}},"87":{"start":{"line":377,"column":2},"end":{"line":404,"column":9}},"88":{"start":{"line":378,"column":4},"end":{"line":403,"column":9}},"89":{"start":{"line":379,"column":23},"end":{"line":379,"column":73}},"90":{"start":{"line":380,"column":6},"end":{"line":383,"column":7}},"91":{"start":{"line":381,"column":8},"end":{"line":381,"column":64}},"92":{"start":{"line":382,"column":8},"end":{"line":382,"column":15}},"93":{"start":{"line":385,"column":6},"end":{"line":402,"column":7}},"94":{"start":{"line":386,"column":23},"end":{"line":390,"column":10}},"95":{"start":{"line":391,"column":40},"end":{"line":391,"column":55}},"96":{"start":{"line":392,"column":35},"end":{"line":397,"column":9}},"97":{"start":{"line":398,"column":8},"end":{"line":398,"column":36}},"98":{"start":{"line":399,"column":8},"end":{"line":399,"column":58}},"99":{"start":{"line":401,"column":8},"end":{"line":401,"column":56}},"100":{"start":{"line":406,"column":2},"end":{"line":424,"column":38}},"101":{"start":{"line":407,"column":4},"end":{"line":414,"column":5}},"102":{"start":{"line":408,"column":6},"end":{"line":413,"column":9}},"103":{"start":{"line":416,"column":4},"end":{"line":423,"column":5}},"104":{"start":{"line":417,"column":6},"end":{"line":422,"column":9}},"105":{"start":{"line":426,"column":28},"end":{"line":429,"column":3}},"106":{"start":{"line":427,"column":4},"end":{"line":427,"column":33}},"107":{"start":{"line":428,"column":4},"end":{"line":428,"column":54}},"108":{"start":{"line":431,"column":31},"end":{"line":434,"column":3}},"109":{"start":{"line":432,"column":4},"end":{"line":432,"column":33}},"110":{"start":{"line":433,"column":4},"end":{"line":433,"column":54}},"111":{"start":{"line":436,"column":37},"end":{"line":445,"column":3}},"112":{"start":{"line":437,"column":4},"end":{"line":444,"column":5}},"113":{"start":{"line":438,"column":6},"end":{"line":438,"column":58}},"114":{"start":{"line":440,"column":6},"end":{"line":443,"column":8}},"115":{"start":{"line":447,"column":24},"end":{"line":449,"column":3}},"116":{"start":{"line":448,"column":4},"end":{"line":448,"column":37}},"117":{"start":{"line":451,"column":22},"end":{"line":451,"column":50}},"118":{"start":{"line":451,"column":28},"end":{"line":451,"column":50}},"119":{"start":{"line":453,"column":32},"end":{"line":455,"column":3}},"120":{"start":{"line":454,"column":4},"end":{"line":454,"column":69}},"121":{"start":{"line":454,"column":32},"end":{"line":454,"column":66}},"122":{"start":{"line":458,"column":21},"end":{"line":519,"column":108}},"123":{"start":{"line":460,"column":4},"end":{"line":463,"column":5}},"124":{"start":{"line":461,"column":6},"end":{"line":461,"column":67}},"125":{"start":{"line":462,"column":6},"end":{"line":462,"column":13}},"126":{"start":{"line":466,"column":4},"end":{"line":474,"column":5}},"127":{"start":{"line":467,"column":6},"end":{"line":467,"column":59}},"128":{"start":{"line":469,"column":6},"end":{"line":472,"column":9}},"129":{"start":{"line":473,"column":6},"end":{"line":473,"column":13}},"130":{"start":{"line":476,"column":4},"end":{"line":479,"column":5}},"131":{"start":{"line":477,"column":6},"end":{"line":477,"column":91}},"132":{"start":{"line":478,"column":6},"end":{"line":478,"column":13}},"133":{"start":{"line":481,"column":4},"end":{"line":481,"column":85}},"134":{"start":{"line":484,"column":4},"end":{"line":487,"column":5}},"135":{"start":{"line":485,"column":6},"end":{"line":485,"column":46}},"136":{"start":{"line":486,"column":6},"end":{"line":486,"column":39}},"137":{"start":{"line":491,"column":26},"end":{"line":516,"column":5}},"138":{"start":{"line":492,"column":6},"end":{"line":515,"column":7}},"139":{"start":{"line":493,"column":24},"end":{"line":499,"column":9}},"140":{"start":{"line":501,"column":8},"end":{"line":504,"column":9}},"141":{"start":{"line":502,"column":10},"end":{"line":502,"column":42}},"142":{"start":{"line":503,"column":10},"end":{"line":503,"column":17}},"143":{"start":{"line":507,"column":8},"end":{"line":512,"column":9}},"144":{"start":{"line":508,"column":10},"end":{"line":508,"column":30}},"145":{"start":{"line":509,"column":10},"end":{"line":509,"column":63}},"146":{"start":{"line":511,"column":10},"end":{"line":511,"column":60}},"147":{"start":{"line":514,"column":8},"end":{"line":514,"column":58}},"148":{"start":{"line":518,"column":4},"end":{"line":518,"column":20}},"149":{"start":{"line":522,"column":2},"end":{"line":558,"column":68}},"150":{"start":{"line":524,"column":4},"end":{"line":526,"column":5}},"151":{"start":{"line":525,"column":6},"end":{"line":525,"column":46}},"152":{"start":{"line":529,"column":4},"end":{"line":532,"column":5}},"153":{"start":{"line":530,"column":6},"end":{"line":530,"column":77}},"154":{"start":{"line":531,"column":6},"end":{"line":531,"column":13}},"155":{"start":{"line":535,"column":4},"end":{"line":537,"column":5}},"156":{"start":{"line":536,"column":6},"end":{"line":536,"column":13}},"157":{"start":{"line":540,"column":4},"end":{"line":551,"column":13}},"158":{"start":{"line":542,"column":36},"end":{"line":542,"column":48}},"159":{"start":{"line":545,"column":6},"end":{"line":550,"column":14}},"160":{"start":{"line":546,"column":8},"end":{"line":549,"column":9}},"161":{"start":{"line":547,"column":10},"end":{"line":547,"column":89}},"162":{"start":{"line":548,"column":10},"end":{"line":548,"column":23}},"163":{"start":{"line":553,"column":4},"end":{"line":557,"column":6}},"164":{"start":{"line":554,"column":6},"end":{"line":556,"column":7}},"165":{"start":{"line":555,"column":8},"end":{"line":555,"column":48}},"166":{"start":{"line":561,"column":32},"end":{"line":624,"column":3}},"167":{"start":{"line":563,"column":4},"end":{"line":566,"column":5}},"168":{"start":{"line":564,"column":6},"end":{"line":564,"column":75}},"169":{"start":{"line":565,"column":6},"end":{"line":565,"column":13}},"170":{"start":{"line":568,"column":17},"end":{"line":568,"column":100}},"171":{"start":{"line":571,"column":27},"end":{"line":571,"column":63}},"172":{"start":{"line":572,"column":4},"end":{"line":574,"column":5}},"173":{"start":{"line":573,"column":6},"end":{"line":573,"column":13}},"174":{"start":{"line":578,"column":28},"end":{"line":578,"column":42}},"175":{"start":{"line":580,"column":4},"end":{"line":594,"column":5}},"176":{"start":{"line":582,"column":6},"end":{"line":582,"column":32}},"177":{"start":{"line":583,"column":6},"end":{"line":583,"column":33}},"178":{"start":{"line":584,"column":11},"end":{"line":594,"column":5}},"179":{"start":{"line":586,"column":6},"end":{"line":586,"column":31}},"180":{"start":{"line":587,"column":6},"end":{"line":587,"column":33}},"181":{"start":{"line":590,"column":6},"end":{"line":590,"column":31}},"182":{"start":{"line":591,"column":24},"end":{"line":591,"column":63}},"183":{"start":{"line":592,"column":25},"end":{"line":592,"column":64}},"184":{"start":{"line":593,"column":6},"end":{"line":593,"column":84}},"185":{"start":{"line":597,"column":25},"end":{"line":597,"column":74}},"186":{"start":{"line":598,"column":31},"end":{"line":598,"column":49}},"187":{"start":{"line":601,"column":4},"end":{"line":603,"column":5}},"188":{"start":{"line":602,"column":6},"end":{"line":602,"column":43}},"189":{"start":{"line":605,"column":4},"end":{"line":621,"column":5}},"190":{"start":{"line":607,"column":6},"end":{"line":607,"column":45}},"191":{"start":{"line":610,"column":6},"end":{"line":620,"column":7}},"192":{"start":{"line":612,"column":8},"end":{"line":614,"column":9}},"193":{"start":{"line":613,"column":10},"end":{"line":613,"column":50}},"194":{"start":{"line":616,"column":8},"end":{"line":619,"column":16}},"195":{"start":{"line":617,"column":10},"end":{"line":617,"column":102}},"196":{"start":{"line":618,"column":10},"end":{"line":618,"column":23}},"197":{"start":{"line":623,"column":4},"end":{"line":623,"column":31}},"198":{"start":{"line":627,"column":2},"end":{"line":630,"column":21}},"199":{"start":{"line":628,"column":4},"end":{"line":628,"column":61}},"200":{"start":{"line":633,"column":2},"end":{"line":662,"column":26}},"201":{"start":{"line":634,"column":4},"end":{"line":634,"column":71}},"202":{"start":{"line":635,"column":4},"end":{"line":661,"column":5}},"203":{"start":{"line":637,"column":6},"end":{"line":637,"column":30}},"204":{"start":{"line":639,"column":6},"end":{"line":639,"column":19}},"205":{"start":{"line":642,"column":6},"end":{"line":645,"column":9}},"206":{"start":{"line":648,"column":6},"end":{"line":648,"column":29}},"207":{"start":{"line":651,"column":6},"end":{"line":654,"column":7}},"208":{"start":{"line":652,"column":8},"end":{"line":652,"column":48}},"209":{"start":{"line":653,"column":8},"end":{"line":653,"column":41}},"210":{"start":{"line":657,"column":6},"end":{"line":657,"column":30}},"211":{"start":{"line":658,"column":6},"end":{"line":658,"column":28}},"212":{"start":{"line":660,"column":6},"end":{"line":660,"column":99}},"213":{"start":{"line":664,"column":2},"end":{"line":750,"column":4}}},"fnMap":{"0":{"name":"(anonymous_0)","decl":{"start":{"line":47,"column":27},"end":{"line":47,"column":28}},"loc":{"start":{"line":47,"column":43},"end":{"line":49,"column":1}},"line":47},"1":{"name":"(anonymous_1)","decl":{"start":{"line":55,"column":21},"end":{"line":55,"column":22}},"loc":{"start":{"line":77,"column":6},"end":{"line":313,"column":1}},"line":77},"2":{"name":"(anonymous_2)","decl":{"start":{"line":78,"column":29},"end":{"line":78,"column":30}},"loc":{"start":{"line":78,"column":45},"end":{"line":81,"column":3}},"line":78},"3":{"name":"(anonymous_3)","decl":{"start":{"line":84,"column":34},"end":{"line":84,"column":35}},"loc":{"start":{"line":84,"column":50},"end":{"line":116,"column":3}},"line":84},"4":{"name":"(anonymous_4)","decl":{"start":{"line":102,"column":15},"end":{"line":102,"column":16}},"loc":{"start":{"line":102,"column":33},"end":{"line":102,"column":56}},"line":102},"5":{"name":"(anonymous_5)","decl":{"start":{"line":103,"column":15},"end":{"line":103,"column":16}},"loc":{"start":{"line":103,"column":33},"end":{"line":103,"column":77}},"line":103},"6":{"name":"(anonymous_6)","decl":{"start":{"line":128,"column":28},"end":{"line":128,"column":29}},"loc":{"start":{"line":128,"column":49},"end":{"line":147,"column":3}},"line":128},"7":{"name":"(anonymous_7)","decl":{"start":{"line":150,"column":27},"end":{"line":150,"column":28}},"loc":{"start":{"line":150,"column":56},"end":{"line":171,"column":3}},"line":150},"8":{"name":"(anonymous_8)","decl":{"start":{"line":176,"column":29},"end":{"line":176,"column":30}},"loc":{"start":{"line":176,"column":49},"end":{"line":180,"column":3}},"line":176},"9":{"name":"(anonymous_9)","decl":{"start":{"line":198,"column":43},"end":{"line":198,"column":44}},"loc":{"start":{"line":199,"column":10},"end":{"line":210,"column":12}},"line":199},"10":{"name":"(anonymous_10)","decl":{"start":{"line":207,"column":20},"end":{"line":207,"column":21}},"loc":{"start":{"line":207,"column":26},"end":{"line":209,"column":13}},"line":207},"11":{"name":"(anonymous_11)","decl":{"start":{"line":266,"column":31},"end":{"line":266,"column":32}},"loc":{"start":{"line":267,"column":10},"end":{"line":280,"column":12}},"line":267},"12":{"name":"(anonymous_12)","decl":{"start":{"line":275,"column":21},"end":{"line":275,"column":22}},"loc":{"start":{"line":275,"column":27},"end":{"line":279,"column":13}},"line":275},"13":{"name":"(anonymous_13)","decl":{"start":{"line":304,"column":19},"end":{"line":304,"column":20}},"loc":{"start":{"line":304,"column":25},"end":{"line":307,"column":11}},"line":304},"14":{"name":"(anonymous_14)","decl":{"start":{"line":308,"column":24},"end":{"line":308,"column":25}},"loc":{"start":{"line":308,"column":30},"end":{"line":308,"column":66}},"line":308},"15":{"name":"MapExplorerScreen","decl":{"start":{"line":328,"column":24},"end":{"line":328,"column":41}},"loc":{"start":{"line":328,"column":44},"end":{"line":751,"column":1}},"line":328},"16":{"name":"(anonymous_16)","decl":{"start":{"line":340,"column":12},"end":{"line":340,"column":13}},"loc":{"start":{"line":340,"column":18},"end":{"line":343,"column":3}},"line":340},"17":{"name":"(anonymous_17)","decl":{"start":{"line":377,"column":12},"end":{"line":377,"column":13}},"loc":{"start":{"line":377,"column":18},"end":{"line":404,"column":3}},"line":377},"18":{"name":"(anonymous_18)","decl":{"start":{"line":378,"column":5},"end":{"line":378,"column":6}},"loc":{"start":{"line":378,"column":17},"end":{"line":403,"column":5}},"line":378},"19":{"name":"(anonymous_19)","decl":{"start":{"line":406,"column":12},"end":{"line":406,"column":13}},"loc":{"start":{"line":406,"column":18},"end":{"line":424,"column":3}},"line":406},"20":{"name":"(anonymous_20)","decl":{"start":{"line":426,"column":28},"end":{"line":426,"column":29}},"loc":{"start":{"line":426,"column":34},"end":{"line":429,"column":3}},"line":426},"21":{"name":"(anonymous_21)","decl":{"start":{"line":431,"column":31},"end":{"line":431,"column":32}},"loc":{"start":{"line":431,"column":37},"end":{"line":434,"column":3}},"line":431},"22":{"name":"(anonymous_22)","decl":{"start":{"line":436,"column":37},"end":{"line":436,"column":38}},"loc":{"start":{"line":436,"column":43},"end":{"line":445,"column":3}},"line":436},"23":{"name":"(anonymous_23)","decl":{"start":{"line":447,"column":24},"end":{"line":447,"column":25}},"loc":{"start":{"line":447,"column":30},"end":{"line":449,"column":3}},"line":447},"24":{"name":"(anonymous_24)","decl":{"start":{"line":451,"column":22},"end":{"line":451,"column":23}},"loc":{"start":{"line":451,"column":28},"end":{"line":451,"column":50}},"line":451},"25":{"name":"(anonymous_25)","decl":{"start":{"line":453,"column":32},"end":{"line":453,"column":33}},"loc":{"start":{"line":453,"column":51},"end":{"line":455,"column":3}},"line":453},"26":{"name":"(anonymous_26)","decl":{"start":{"line":454,"column":21},"end":{"line":454,"column":22}},"loc":{"start":{"line":454,"column":32},"end":{"line":454,"column":66}},"line":454},"27":{"name":"(anonymous_27)","decl":{"start":{"line":458,"column":33},"end":{"line":458,"column":34}},"loc":{"start":{"line":458,"column":39},"end":{"line":519,"column":3}},"line":458},"28":{"name":"(anonymous_28)","decl":{"start":{"line":491,"column":26},"end":{"line":491,"column":27}},"loc":{"start":{"line":491,"column":38},"end":{"line":516,"column":5}},"line":491},"29":{"name":"(anonymous_29)","decl":{"start":{"line":522,"column":12},"end":{"line":522,"column":13}},"loc":{"start":{"line":522,"column":18},"end":{"line":558,"column":3}},"line":522},"30":{"name":"(anonymous_30)","decl":{"start":{"line":540,"column":43},"end":{"line":540,"column":44}},"loc":{"start":{"line":540,"column":49},"end":{"line":551,"column":5}},"line":540},"31":{"name":"(anonymous_31)","decl":{"start":{"line":545,"column":17},"end":{"line":545,"column":18}},"loc":{"start":{"line":545,"column":23},"end":{"line":550,"column":7}},"line":545},"32":{"name":"(anonymous_32)","decl":{"start":{"line":553,"column":11},"end":{"line":553,"column":12}},"loc":{"start":{"line":553,"column":17},"end":{"line":557,"column":5}},"line":553},"33":{"name":"(anonymous_33)","decl":{"start":{"line":561,"column":32},"end":{"line":561,"column":33}},"loc":{"start":{"line":561,"column":52},"end":{"line":624,"column":3}},"line":561},"34":{"name":"(anonymous_34)","decl":{"start":{"line":616,"column":47},"end":{"line":616,"column":48}},"loc":{"start":{"line":616,"column":53},"end":{"line":619,"column":9}},"line":616},"35":{"name":"(anonymous_35)","decl":{"start":{"line":627,"column":12},"end":{"line":627,"column":13}},"loc":{"start":{"line":627,"column":18},"end":{"line":630,"column":3}},"line":627},"36":{"name":"(anonymous_36)","decl":{"start":{"line":633,"column":12},"end":{"line":633,"column":13}},"loc":{"start":{"line":633,"column":18},"end":{"line":662,"column":3}},"line":633}},"branchMap":{"0":{"loc":{"start":{"line":86,"column":4},"end":{"line":115,"column":5}},"type":"if","locations":[{"start":{"line":86,"column":4},"end":{"line":115,"column":5}},{"start":{},"end":{}}],"line":86},"1":{"loc":{"start":{"line":91,"column":6},"end":{"line":96,"column":7}},"type":"if","locations":[{"start":{"line":91,"column":6},"end":{"line":96,"column":7}},{"start":{},"end":{}}],"line":91},"2":{"loc":{"start":{"line":91,"column":10},"end":{"line":91,"column":58}},"type":"binary-expr","locations":[{"start":{"line":91,"column":10},"end":{"line":91,"column":32}},{"start":{"line":91,"column":36},"end":{"line":91,"column":58}}],"line":91},"3":{"loc":{"start":{"line":99,"column":6},"end":{"line":105,"column":7}},"type":"if","locations":[{"start":{"line":99,"column":6},"end":{"line":105,"column":7}},{"start":{},"end":{}}],"line":99},"4":{"loc":{"start":{"line":99,"column":10},"end":{"line":99,"column":57}},"type":"binary-expr","locations":[{"start":{"line":99,"column":10},"end":{"line":99,"column":26}},{"start":{"line":99,"column":30},"end":{"line":99,"column":57}}],"line":99},"5":{"loc":{"start":{"line":134,"column":4},"end":{"line":146,"column":5}},"type":"if","locations":[{"start":{"line":134,"column":4},"end":{"line":146,"column":5}},{"start":{"line":144,"column":11},"end":{"line":146,"column":5}}],"line":134},"6":{"loc":{"start":{"line":139,"column":28},"end":{"line":141,"column":20}},"type":"cond-expr","locations":[{"start":{"line":140,"column":10},"end":{"line":140,"column":50}},{"start":{"line":141,"column":10},"end":{"line":141,"column":20}}],"line":139},"7":{"loc":{"start":{"line":151,"column":4},"end":{"line":154,"column":5}},"type":"if","locations":[{"start":{"line":151,"column":4},"end":{"line":154,"column":5}},{"start":{},"end":{}}],"line":151},"8":{"loc":{"start":{"line":164,"column":21},"end":{"line":164,"column":111}},"type":"binary-expr","locations":[{"start":{"line":164,"column":21},"end":{"line":164,"column":47}},{"start":{"line":164,"column":51},"end":{"line":164,"column":88}},{"start":{"line":164,"column":92},"end":{"line":164,"column":111}}],"line":164},"9":{"loc":{"start":{"line":204,"column":19},"end":{"line":204,"column":60}},"type":"binary-expr","locations":[{"start":{"line":204,"column":19},"end":{"line":204,"column":51}},{"start":{"line":204,"column":55},"end":{"line":204,"column":60}}],"line":204},"10":{"loc":{"start":{"line":205,"column":17},"end":{"line":205,"column":72}},"type":"binary-expr","locations":[{"start":{"line":205,"column":17},"end":{"line":205,"column":44}},{"start":{"line":205,"column":48},"end":{"line":205,"column":72}}],"line":205},"11":{"loc":{"start":{"line":221,"column":9},"end":{"line":231,"column":9}},"type":"binary-expr","locations":[{"start":{"line":221,"column":9},"end":{"line":221,"column":37}},{"start":{"line":221,"column":41},"end":{"line":221,"column":73}},{"start":{"line":222,"column":10},"end":{"line":230,"column":12}}],"line":221},"12":{"loc":{"start":{"line":232,"column":9},"end":{"line":240,"column":9}},"type":"binary-expr","locations":[{"start":{"line":232,"column":9},"end":{"line":232,"column":37}},{"start":{"line":233,"column":10},"end":{"line":239,"column":12}}],"line":232},"13":{"loc":{"start":{"line":242,"column":9},"end":{"line":257,"column":9}},"type":"binary-expr","locations":[{"start":{"line":242,"column":9},"end":{"line":242,"column":23}},{"start":{"line":243,"column":10},"end":{"line":243,"column":26}},{"start":{"line":244,"column":10},"end":{"line":244,"column":24}},{"start":{"line":245,"column":10},"end":{"line":245,"column":27}},{"start":{"line":246,"column":10},"end":{"line":246,"column":41}},{"start":{"line":247,"column":10},"end":{"line":247,"column":37}},{"start":{"line":248,"column":10},"end":{"line":256,"column":12}}],"line":242},"14":{"loc":{"start":{"line":260,"column":9},"end":{"line":281,"column":10}},"type":"binary-expr","locations":[{"start":{"line":260,"column":9},"end":{"line":260,"column":23}},{"start":{"line":261,"column":10},"end":{"line":261,"column":26}},{"start":{"line":262,"column":10},"end":{"line":262,"column":24}},{"start":{"line":263,"column":10},"end":{"line":263,"column":27}},{"start":{"line":264,"column":10},"end":{"line":264,"column":41}},{"start":{"line":265,"column":10},"end":{"line":265,"column":37}},{"start":{"line":266,"column":10},"end":{"line":281,"column":10}}],"line":260},"15":{"loc":{"start":{"line":272,"column":19},"end":{"line":272,"column":51}},"type":"binary-expr","locations":[{"start":{"line":272,"column":19},"end":{"line":272,"column":42}},{"start":{"line":272,"column":46},"end":{"line":272,"column":51}}],"line":272},"16":{"loc":{"start":{"line":273,"column":17},"end":{"line":273,"column":72}},"type":"binary-expr","locations":[{"start":{"line":273,"column":17},"end":{"line":273,"column":44}},{"start":{"line":273,"column":48},"end":{"line":273,"column":72}}],"line":273},"17":{"loc":{"start":{"line":282,"column":9},"end":{"line":297,"column":9}},"type":"binary-expr","locations":[{"start":{"line":282,"column":9},"end":{"line":282,"column":21}},{"start":{"line":283,"column":10},"end":{"line":296,"column":13}}],"line":282},"18":{"loc":{"start":{"line":299,"column":7},"end":{"line":310,"column":7}},"type":"binary-expr","locations":[{"start":{"line":299,"column":7},"end":{"line":299,"column":18}},{"start":{"line":299,"column":22},"end":{"line":299,"column":40}},{"start":{"line":299,"column":44},"end":{"line":299,"column":62}},{"start":{"line":300,"column":8},"end":{"line":309,"column":10}}],"line":299},"19":{"loc":{"start":{"line":302,"column":17},"end":{"line":302,"column":98}},"type":"binary-expr","locations":[{"start":{"line":302,"column":17},"end":{"line":302,"column":49}},{"start":{"line":302,"column":53},"end":{"line":302,"column":84}},{"start":{"line":302,"column":88},"end":{"line":302,"column":98}}],"line":302},"20":{"loc":{"start":{"line":342,"column":41},"end":{"line":342,"column":71}},"type":"binary-expr","locations":[{"start":{"line":342,"column":41},"end":{"line":342,"column":66}},{"start":{"line":342,"column":70},"end":{"line":342,"column":71}}],"line":342},"21":{"loc":{"start":{"line":366,"column":4},"end":{"line":366,"column":22}},"type":"binary-expr","locations":[{"start":{"line":366,"column":4},"end":{"line":366,"column":16}},{"start":{"line":366,"column":20},"end":{"line":366,"column":22}}],"line":366},"22":{"loc":{"start":{"line":380,"column":6},"end":{"line":383,"column":7}},"type":"if","locations":[{"start":{"line":380,"column":6},"end":{"line":383,"column":7}},{"start":{},"end":{}}],"line":380},"23":{"loc":{"start":{"line":407,"column":4},"end":{"line":414,"column":5}},"type":"if","locations":[{"start":{"line":407,"column":4},"end":{"line":414,"column":5}},{"start":{},"end":{}}],"line":407},"24":{"loc":{"start":{"line":416,"column":4},"end":{"line":423,"column":5}},"type":"if","locations":[{"start":{"line":416,"column":4},"end":{"line":423,"column":5}},{"start":{},"end":{}}],"line":416},"25":{"loc":{"start":{"line":437,"column":4},"end":{"line":444,"column":5}},"type":"if","locations":[{"start":{"line":437,"column":4},"end":{"line":444,"column":5}},{"start":{"line":439,"column":11},"end":{"line":444,"column":5}}],"line":437},"26":{"loc":{"start":{"line":460,"column":4},"end":{"line":463,"column":5}},"type":"if","locations":[{"start":{"line":460,"column":4},"end":{"line":463,"column":5}},{"start":{},"end":{}}],"line":460},"27":{"loc":{"start":{"line":466,"column":4},"end":{"line":474,"column":5}},"type":"if","locations":[{"start":{"line":466,"column":4},"end":{"line":474,"column":5}},{"start":{},"end":{}}],"line":466},"28":{"loc":{"start":{"line":466,"column":8},"end":{"line":466,"column":61}},"type":"binary-expr","locations":[{"start":{"line":466,"column":8},"end":{"line":466,"column":26}},{"start":{"line":466,"column":30},"end":{"line":466,"colu
[...]
e":328,"column":4},"end":{"line":328,"column":99}},{"start":{},"end":{}}],"line":328},"25":{"loc":{"start":{"line":329,"column":4},"end":{"line":329,"column":102}},"type":"if","locations":[{"start":{"line":329,"column":4},"end":{"line":329,"column":102}},{"start":{},"end":{}}],"line":329},"26":{"loc":{"start":{"line":331,"column":4},"end":{"line":334,"column":5}},"type":"if","locations":[{"start":{"line":331,"column":4},"end":{"line":334,"column":5}},{"start":{},"end":{}}],"line":331},"27":{"loc":{"start":{"line":340,"column":13},"end":{"line":340,"column":66}},"type":"cond-expr","locations":[{"start":{"line":340,"column":49},"end":{"line":340,"column":56}},{"start":{"line":340,"column":59},"end":{"line":340,"column":66}}],"line":340},"28":{"loc":{"start":{"line":344,"column":2},"end":{"line":347,"column":3}},"type":"if","locations":[{"start":{"line":344,"column":2},"end":{"line":347,"column":3}},{"start":{},"end":{}}],"line":344},"29":{"loc":{"start":{"line":363,"column":2},"end":{"line":377,"column":3}},"type":"if","locations":[{"start":{"line":363,"column":2},"end":{"line":377,"column":3}},{"start":{"line":366,"column":9},"end":{"line":377,"column":3}}],"line":363},"30":{"loc":{"start":{"line":365,"column":23},"end":{"line":365,"column":61}},"type":"cond-expr","locations":[{"start":{"line":365,"column":41},"end":{"line":365,"column":54}},{"start":{"line":365,"column":57},"end":{"line":365,"column":61}}],"line":365},"31":{"loc":{"start":{"line":368,"column":26},"end":{"line":368,"column":78}},"type":"cond-expr","locations":[{"start":{"line":368,"column":63},"end":{"line":368,"column":69}},{"start":{"line":368,"column":72},"end":{"line":368,"column":78}}],"line":368},"32":{"loc":{"start":{"line":369,"column":26},"end":{"line":369,"column":83}},"type":"cond-expr","locations":[{"start":{"line":369,"column":53},"end":{"line":369,"column":66}},{"start":{"line":369,"column":69},"end":{"line":369,"column":83}}],"line":369},"33":{"loc":{"start":{"line":370,"column":28},"end":{"line":370,"column":89}},"type":"cond-expr","locations":[{"start":{"line":370,"column":55},"end":{"line":370,"column":70}},{"start":{"line":370,"column":73},"end":{"line":370,"column":89}}],"line":370},"34":{"loc":{"start":{"line":373,"column":25},"end":{"line":373,"column":82}},"type":"cond-expr","locations":[{"start":{"line":373,"column":52},"end":{"line":373,"column":66}},{"start":{"line":373,"column":69},"end":{"line":373,"column":82}}],"line":373},"35":{"loc":{"start":{"line":374,"column":27},"end":{"line":374,"column":88}},"type":"cond-expr","locations":[{"start":{"line":374,"column":54},"end":{"line":374,"column":70}},{"start":{"line":374,"column":73},"end":{"line":374,"column":88}}],"line":374},"36":{"loc":{"start":{"line":376,"column":23},"end":{"line":376,"column":95}},"type":"cond-expr","locations":[{"start":{"line":376,"column":41},"end":{"line":376,"column":54}},{"start":{"line":376,"column":58},"end":{"line":376,"column":94}}],"line":376},"37":{"loc":{"start":{"line":376,"column":58},"end":{"line":376,"column":94}},"type":"cond-expr","locations":[{"start":{"line":376,"column":75},"end":{"line":376,"column":87}},{"start":{"line":376,"column":90},"end":{"line":376,"column":94}}],"line":376},"38":{"loc":{"start":{"line":379,"column":2},"end":{"line":382,"column":3}},"type":"if","locations":[{"start":{"line":379,"column":2},"end":{"line":382,"column":3}},{"start":{},"end":{}}],"line":379},"39":{"loc":{"start":{"line":405,"column":2},"end":{"line":411,"column":3}},"type":"if","locations":[{"start":{"line":405,"column":2},"end":{"line":411,"column":3}},{"start":{"line":407,"column":9},"end":{"line":411,"column":3}}],"line":405},"40":{"loc":{"start":{"line":424,"column":2},"end":{"line":430,"column":3}},"type":"if","locations":[{"start":{"line":424,"column":2},"end":{"line":430,"column":3}},{"start":{"line":426,"column":9},"end":{"line":430,"column":3}}],"line":424},"41":{"loc":{"start":{"line":453,"column":4},"end":{"line":453,"column":43}},"type":"if","locations":[{"start":{"line":453,"column":4},"end":{"line":453,"column":43}},{"start":{},"end":{}}],"line":453},"42":{"loc":{"start":{"line":456,"column":4},"end":{"line":456,"column":23}},"type":"if","locations":[{"start":{"line":456,"column":4},"end":{"line":456,"column":23}},{"start":{},"end":{}}],"line":456},"43":{"loc":{"start":{"line":459,"column":4},"end":{"line":459,"column":37}},"type":"if","locations":[{"start":{"line":459,"column":4},"end":{"line":459,"column":37}},{"start":{},"end":{}}],"line":459},"44":{"loc":{"start":{"line":464,"column":4},"end":{"line":467,"column":5}},"type":"if","locations":[{"start":{"line":464,"column":4},"end":{"line":467,"column":5}},{"start":{},"end":{}}],"line":464},"45":{"loc":{"start":{"line":482,"column":3},"end":{"line":486,"column":3}},"type":"if","locations":[{"start":{"line":482,"column":3},"end":{"line":486,"column":3}},{"start":{"line":484,"column":9},"end":{"line":486,"column":3}}],"line":482},"46":{"loc":{"start":{"line":482,"column":7},"end":{"line":482,"column":21}},"type":"binary-expr","locations":[{"start":{"line":482,"column":7},"end":{"line":482,"column":12}},{"start":{"line":482,"column":16},"end":{"line":482,"column":21}}],"line":482}},"s":{"0":1,"1":1,"2":8,"3":251,"4":1,"5":8,"6":10,"7":1,"8":1,"9":1,"10":3,"11":3,"12":2,"13":1,"14":1,"15":2,"16":2,"17":3,"18":3,"19":3,"20":3,"21":3,"22":1,"23":3,"24":3,"25":3,"26":3,"27":3,"28":1,"29":2,"30":2,"31":2,"32":2,"33":0,"34":2,"35":2,"36":1,"37":38,"38":38,"39":37,"40":37,"41":37,"42":1,"43":9,"44":9,"45":9,"46":35,"47":35,"48":17,"49":17,"50":9,"51":1,"52":3,"53":3,"54":3,"55":3,"56":3,"57":3,"58":15,"59":15,"60":15,"61":3,"62":15,"63":42,"64":0,"65":42,"66":15,"67":3,"68":3,"69":3,"70":6,"71":6,"72":3,"73":3,"74":12,"75":12,"76":23,"77":23,"78":11,"79":11,"80":0,"81":1,"82":5,"83":5,"84":3,"85":2,"86":1,"87":0,"88":0,"89":0,"90":0,"91":0,"92":0,"93":0,"94":1,"95":36,"96":69,"97":36,"98":1,"99":27,"100":27,"101":2,"102":25,"103":25,"104":1,"105":24,"106":15,"107":7,"108":1,"109":0,"110":0,"111":1,"112":1,"113":28,"114":28,"115":3,"116":25,"117":1,"118":4,"119":4,"120":4,"121":4,"122":4,"123":4,"124":4,"125":0,"126":0,"127":0,"128":0,"129":0,"130":0,"131":0,"132":0,"133":0,"134":1,"135":8,"136":8,"137":8,"138":8,"139":8,"140":8,"141":8,"142":8,"143":8,"144":8,"145":0,"146":0,"147":0,"148":0,"149":0,"150":0,"151":0,"152":0,"153":0,"154":0,"155":0,"156":0,"157":0,"158":0,"159":0,"160":0,"161":0,"162":0,"163":0,"164":0,"165":0,"166":0,"167":0,"168":0,"169":0,"170":0,"171":0,"172":0,"173":0,"174":0,"175":0,"176":0,"177":0,"178":0,"179":0,"180":0,"181":0,"182":0,"183":0,"184":1,"185":2,"186":2,"187":2,"188":1,"189":6,"190":6,"191":6,"192":6,"193":6,"194":0,"195":6,"196":6,"197":6,"198":6,"199":1,"200":2,"201":2,"202":2,"203":2,"204":2,"205":2,"206":2,"207":0,"208":0,"209":0,"210":2,"211":1,"212":3,"213":3,"214":3,"215":1,"216":2,"217":2,"218":2,"219":4,"220":4,"221":2,"222":2,"223":2,"224":0,"225":2,"226":2,"227":2,"228":0,"229":0,"230":0,"231":0,"232":0,"233":2,"234":1,"235":1,"236":1,"237":1,"238":0,"239":1},"f":{"0":8,"1":251,"2":8,"3":10,"4":3,"5":2,"6":2,"7":2,"8":38,"9":9,"10":35,"11":3,"12":15,"13":42,"14":23,"15":5,"16":0,"17":36,"18":69,"19":27,"20":28,"21":4,"22":8,"23":0,"24":2,"25":6,"26":2,"27":3,"28":2,"29":4,"30":1},"b":{"0":[1,1],"1":[1,2],"2":[3,0],"3":[17,18],"4":[3,12],"5":[0,42],"6":[3,12],"7":[11,12],"8":[3,2],"9":[0],"10":[0,0],"11":[0,0],"12":[4,32],"13":[2,25],"14":[1,24],"15":[15,7,1,0,0,1],"16":[3,25],"17":[4,0],"18":[4,2],"19":[0,0],"20":[0],"21":[8,0],"22":[0,0],"23":[0,0],"24":[0,0],"25":[0,0],"26":[0,0],"27":[0,0],"28":[0,0],"29":[0,0],"30":[0,0],"31":[0,0],"32":[0,0],"33":[0,0],"34":[0,0],"35":[0,0],"36":[0,0],"37":[0,0],"38":[0,0],"39":[0,6],"40":[2,0],"41":[2,2],"42":[0,2],"43":[2,0],"44":[0,0],"45":[0,1],"46":[1,0]},"_coverageSchema":"1a1c01bbd47fc00a2c39e90264f33305004495a9","hash":"58e39a636737f69c62fd3c446317c55dccd43d4a"}
,"C:\\Users\\htheo\\OneDrive\\Documents\\GitHub\\SOEN390\\services\\PlacesService.ts": {"path":"C:\\Users\\htheo\\OneDrive\\Documents\\GitHub\\SOEN390\\services\\PlacesService.ts","statementMap":{"0":{"start":{"line":5,"column":28},"end":{"line":122,"column":1}},"1":{"start":{"line":12,"column":2},"end":{"line":12,"column":77}},"2":{"start":{"line":12,"column":26},"end":{"line":12,"column":77}},"3":{"start":{"line":15,"column":26},"end":{"line":15,"column":47}},"4":{"start":{"line":18,"column":22},"end":{"line":18,"column":54}},"5":{"start":{"line":20,"column":21},"end":{"line":20,"column":42}},"6":{"start":{"line":21,"column":17},"end":{"line":21,"column":34}},"7":{"start":{"line":23,"column":19},"end":{"line":23,"column":48}},"8":{"start":{"line":24,"column":28},"end":{"line":24,"column":58}},"9":{"start":{"line":27,"column":26},"end":{"line":27,"column":90}},"10":{"start":{"line":28,"column":29},"end":{"line":28,"column":98}},"11":{"start":{"line":28,"column":58},"end":{"line":28,"column":97}},"12":{"start":{"line":32,"column":2},"end":{"line":44,"column":3}},"13":{"start":{"line":34,"column":18},"end":{"line":34,"column":30}},"14":{"start":{"line":35,"column":4},"end":{"line":40,"column":5}},"15":{"start":{"line":36,"column":6},"end":{"line":39,"column":7}},"16":{"start":{"line":37,"column":8},"end":{"line":37,"column":52}},"17":{"start":{"line":38,"column":8},"end":{"line":38,"column":14}},"18":{"start":{"line":41,"column":4},"end":{"line":41,"column":146}},"19":{"start":{"line":43,"column":4},"end":{"line":43,"column":178}},"20":{"start":{"line":46,"column":2},"end":{"line":121,"column":3}},"21":{"start":{"line":47,"column":21},"end":{"line":47,"column":49}},"22":{"start":{"line":49,"column":4},"end":{"line":54,"column":5}},"23":{"start":{"line":50,"column":6},"end":{"line":53,"column":8}},"24":{"start":{"line":56,"column":17},"end":{"line":56,"column":38}},"25":{"start":{"line":58,"column":4},"end":{"line":60,"column":5}},"26":{"start":{"line":59,"column":6},"end":{"line":59,"column":65}},"27":{"start":{"line":62,"column":4},"end":{"line":64,"column":5}},"28":{"start":{"line":63,"column":6},"end":{"line":63,"column":57}},"29":{"start":{"line":66,"column":21},"end":{"line":104,"column":49}},"30":{"start":{"line":70,"column":6},"end":{"line":79,"column":7}},"31":{"start":{"line":71,"column":8},"end":{"line":71,"column":41}},"32":{"start":{"line":72,"column":8},"end":{"line":72,"column":41}},"33":{"start":{"line":73,"column":13},"end":{"line":79,"column":7}},"34":{"start":{"line":74,"column":8},"end":{"line":74,"column":28}},"35":{"start":{"line":75,"column":8},"end":{"line":75,"column":29}},"36":{"start":{"line":77,"column":8},"end":{"line":77,"column":70}},"37":{"start":{"line":78,"column":8},"end":{"line":78,"column":20}},"38":{"start":{"line":81,"column":6},"end":{"line":103,"column":8}},"39":{"start":{"line":104,"column":32},"end":{"line":104,"column":48}},"40":{"start":{"line":106,"column":4},"end":{"line":106,"column":51}},"41":{"start":{"line":108,"column":4},"end":{"line":116,"column":5}},"42":{"start":{"line":109,"column":6},"end":{"line":111,"column":7}},"43":{"start":{"line":110,"column":8},"end":{"line":110,"column":59}},"44":{"start":{"line":113,"column":6},"end":{"line":115,"column":7}},"45":{"start":{"line":114,"column":8},"end":{"line":114,"column":20}},"46":{"start":{"line":118,"column":4},"end":{"line":118,"column":55}},"47":{"start":{"line":120,"column":4},"end":{"line":120,"column":23}}},"fnMap":{"0":{"name":"(anonymous_0)","decl":{"start":{"line":5,"column":28},"end":{"line":5,"column":29}},"loc":{"start":{"line":11,"column":19},"end":{"line":122,"column":1}},"line":11},"1":{"name":"(anonymous_1)","decl":{"start":{"line":28,"column":50},"end":{"line":28,"column":51}},"loc":{"start":{"line":28,"column":58},"end":{"line":28,"column":97}},"line":28},"2":{"name":"(anonymous_2)","decl":{"start":{"line":66,"column":38},"end":{"line":66,"column":39}},"loc":{"start":{"line":66,"column":53},"end":{"line":104,"column":5}},"line":66},"3":{"name":"(anonymous_3)","decl":{"start":{"line":104,"column":14},"end":{"line":104,"column":15}},"loc":{"start":{"line":104,"column":32},"end":{"line":104,"column":48}},"line":104}},"branchMap":{"0":{"loc":{"start":{"line":10,"column":2},"end":{"line":10,"column":23}},"type":"default-arg","locations":[{"start":{"line":10,"column":19},"end":{"line":10,"column":23}}],"line":10},"1":{"loc":{"start":{"line":12,"column":2},"end":{"line":12,"column":77}},"type":"if","locations":[{"start":{"line":12,"column":2},"end":{"line":12,"column":77}},{"start":{},"end":{}}],"line":12},"2":{"loc":{"start":{"line":32,"column":2},"end":{"line":44,"column":3}},"type":"if","locations":[{"start":{"line":32,"column":2},"end":{"line":44,"column":3}},{"start":{"line":42,"column":9},"end":{"line":44,"column":3}}],"line":32},"3":{"loc":{"start":{"line":36,"column":6},"end":{"line":39,"column":7}},"type":"if","locations":[{"start":{"line":36,"column":6},"end":{"line":39,"column":7}},{"start":{},"end":{}}],"line":36},"4":{"loc":{"start":{"line":37,"column":18},"end":{"line":37,"column":51}},"type":"cond-expr","locations":[{"start":{"line":37,"column":38},"end":{"line":37,"column":44}},{"start":{"line":37,"column":47},"end":{"line":37,"column":51}}],"line":37},"5":{"loc":{"start":{"line":49,"column":4},"end":{"line":54,"column":5}},"type":"if","locations":[{"start":{"line":49,"column":4},"end":{"line":54,"column":5}},{"start":{},"end":{}}],"line":49},"6":{"loc":{"start":{"line":58,"column":4},"end":{"line":60,"column":5}},"type":"if","locations":[{"start":{"line":58,"column":4},"end":{"line":60,"column":5}},{"start":{},"end":{}}],"line":58},"7":{"loc":{"start":{"line":58,"column":8},"end":{"line":58,"column":62}},"type":"binary-expr","locations":[{"start":{"line":58,"column":8},"end":{"line":58,"column":13}},{"start":{"line":58,"column":17},"end":{"line":58,"column":30}},{"start":{"line":58,"column":34},"end":{"line":58,"column":62}}],"line":58},"8":{"loc":{"start":{"line":62,"column":4},"end":{"line":64,"column":5}},"type":"if","locations":[{"start":{"line":62,"column":4},"end":{"line":64,"column":5}},{"start":{},"end":{}}],"line":62},"9":{"loc":{"start":{"line":62,"column":8},"end":{"line":62,"column":67}},"type":"binary-expr","locations":[{"start":{"line":62,"column":8},"end":{"line":62,"column":33}},{"start":{"line":62,"column":37},"end":{"line":62,"column":67}}],"line":62},"10":{"loc":{"start":{"line":70,"column":6},"end":{"line":79,"column":7}},"type":"if","locations":[{"start":{"line":70,"column":6},"end":{"line":79,"column":7}},{"start":{"line":73,"column":13},"end":{"line":79,"column":7}}],"line":70},"11":{"loc":{"start":{"line":70,"column":10},"end":{"line":70,"column":49}},"type":"binary-expr","locations":[{"start":{"line":70,"column":10},"end":{"line":70,"column":23}},{"start":{"line":70,"column":27},"end":{"line":70,"column":49}}],"line":70},"12":{"loc":{"start":{"line":73,"column":13},"end":{"line":79,"column":7}},"type":"if","locations":[{"start":{"line":73,"column":13},"end":{"line":79,"column":7}},{"start":{"line":76,"column":13},"end":{"line":79,"column":7}}],"line":73},"13":{"loc":{"start":{"line":73,"column":17},"end":{"line":73,"column":48}},"type":"binary-expr","locations":[{"start":{"line":73,"column":17},"end":{"line":73,"column":30}},{"start":{"line":73,"column":34},"end":{"line":73,"column":48}}],"line":73},"14":{"loc":{"start":{"line":89,"column":29},"end":{"line":89,"column":94}},"type":"binary-expr","locations":[{"start":{"line":89,"column":29},"end":{"line":89,"column":51}},{"start":{"line":89,"column":55},"end":{"line":89,"column":68}},{"start":{"line":89,"column":72},"end":{"line":89,"column":94}}],"line":89},"15":{"loc":{"start":{"line":91,"column":17},"end":{"line":91,"column":33}},"type":"binary-expr","locations":[{"start":{"line":91,"column":17},"end":{"line":91,"column":27}},{"start":{"line":91,"column":31},"end":{"line":91,"column":33}}],"line":91},"16":{"loc":{"start":{"line":92,"column":18},"end":{"line":92,"column":34}},"type":"binary-expr","locations":[{"start":{"line":92,"column":18},"end":{"line":92,"column":29}},{"start":{"line":92,"column":33},"end":{"line":92,"column":34}}],"line":92},"17":{"loc":{"start":{"line":93,"column":23},"end":{"line":93,"column":44}},"type":"binary-expr","locations":[{"start":{"line":93,"column":23},"end":{"line":93,"column":39}},{"start":{"line":93,"column":43},"end":{"line":93,"column":44}}],"line":93},"18":{"loc":{"start":{"line":100,"column":19},"end":{"line":100,"column":84}},"type":"binary-expr","locations":[{"start":{"line":100,"column":19},"end":{"line":100,"column":41}},{"start":{"line":100,"column":45},"end":{"line":100,"column":58}},{"start":{"line":100,"column":62},"end":{"line":100,"column":84}}],"line":100},"19":{"loc":{"start":{"line":108,"column":4},"end":{"line":116,"column":5}},"type":"if","locations":[{"start":{"line":108,"column":4},"end":{"line":116,"column":5}},{"start":{},"end":{}}],"line":108},"20":{"loc":{"start":{"line":109,"column":6},"end":{"line":111,"column":7}},"type":"if","locations":[{"start":{"line":109,"column":6},"end":{"line":111,"column":7}},{"start":{},"end":{}}],"line":109},"21":{"loc":{"start":{"line":113,"column":6},"end":{"line":115,"column":7}},"type":"if","locations":[{"start":{"line":113,"column":6},"end":{"line":115,"column":7}},{"start":{},"end":{}}],"line":113}},"s":{"0":0,"1":0,"2":0,"3":0,"4":0,"5":0,"6":0,"7":0,"8":0,"9":0,"10":0,"11":0,"12":0,"13":0,"14":0,"15":0,"16":0,"17":0,"18":0,"19":0,"20":0,"21":0,"22":0,"23":0,"24":0,"25":0,"26":0,"27":0,"28":0,"29":0,"30":0,"31":0,"32":0,"33":0,"34":0,"35":0,"36":0,"37":0,"38":0,"39":0,"40":0,"41":0,"42":0,"43":0,"44":0,"45":0,"46":0,"47":0},"f":{"0":0,"1":0,"2":0,"3":0},"b":{"0":[0],"1":[0,0],"2":[0,0],"3":[0,0],"4":[0,0],"5":[0,0],"6":[0,0],"7":[0,0,0],"8":[0,0],"9":[0,0],"10":[0,0],"11":[0,0],"12":[0,0],"13":[0,0],"14":[0,0,0],"15":[0,0],"16":[0,0],"17":[0,0],"18":[0,0,0],"19":[0,0],"20":[0,0],"21":[0,0]}}
,"C:\\Users\\htheo\\OneDrive\\Documents\\GitHub\\SOEN390\\services\\ShuttleService.ts": {"path":"C:\\Users\\htheo\\OneDrive\\Documents\\GitHub\\SOEN390\\services\\ShuttleService.ts","statementMap":{"0":{"start":{"line":3,"column":31},"end":{"line":27,"column":1}},"1":{"start":{"line":4,"column":4},"end":{"line":6,"column":5}},"2":{"start":{"line":5,"column":8},"end":{"line":5,"column":80}},"3":{"start":{"line":8,"column":16},"end":{"line":8,"column":26}},"4":{"start":{"line":9,"column":24},"end":{"line":9,"column":62}},"5":{"start":{"line":11,"column":28},"end":{"line":11,"column":42}},"6":{"start":{"line":13,"column":4},"end":{"line":24,"column":5}},"7":{"start":{"line":13,"column":17},"end":{"line":13,"column":18}},"8":{"start":{"line":14,"column":26},"end":{"line":14,"column":55}},"9":{"start":{"line":15,"column":22},"end":{"line":15,"column":42}},"10":{"start":{"line":16,"column":24},"end":{"line":16,"column":44}},"11":{"start":{"line":17,"column":21},"end":{"line":17,"column":41}},"12":{"start":{"line":19,"column":8},"end":{"line":23,"column":9}},"13":{"start":{"line":21,"column":33},"end":{"line":21,"column":98}},"14":{"start":{"line":22,"column":12},"end":{"line":22,"column":32}},"15":{"start":{"line":25,"column":25},"end":{"line":25,"column":83}},"16":{"start":{"line":26,"column":4},"end":{"line":26,"column":24}}},"fnMap":{"0":{"name":"(anonymous_0)","decl":{"start":{"line":3,"column":31},"end":{"line":3,"column":32}},"loc":{"start":{"line":3,"column":66},"end":{"line":27,"column":1}},"line":3}},"branchMap":{"0":{"loc":{"start":{"line":4,"column":4},"end":{"line":6,"column":5}},"type":"if","locations":[{"start":{"line":4,"column":4},"end":{"line":6,"column":5}},{"start":{},"end":{}}],"line":4},"1":{"loc":{"start":{"line":19,"column":8},"end":{"line":23,"column":9}},"type":"if","locations":[{"start":{"line":19,"column":8},"end":{"line":23,"column":9}},{"start":{},"end":{}}],"line":19}},"s":{"0":0,"1":0,"2":0,"3":0,"4":0,"5":0,"6":0,"7":0,"8":0,"9":0,"10":0,"11":0,"12":0,"13":0,"14":0,"15":0,"16":0},"f":{"0":0},"b":{"0":[0,0],"1":[0,0]}}
}
