TN:
SF:components\InputComponents\AutoCompleteSearchWrapper.tsx
FN:11,(anonymous_0)
FN:29,(anonymous_1)
FN:48,(anonymous_2)
FN:70,(anonymous_3)
FN:107,(anonymous_4)
FN:130,(anonymous_5)
FN:185,(anonymous_6)
FN:224,(anonymous_7)
FN:233,(anonymous_8)
FN:244,(anonymous_9)
FN:265,(anonymous_10)
FNF:11
FNH:0
FNDA:0,(anonymous_0)
FNDA:0,(anonymous_1)
FNDA:0,(anonymous_2)
FNDA:0,(anonymous_3)
FNDA:0,(anonymous_4)
FNDA:0,(anonymous_5)
FNDA:0,(anonymous_6)
FNDA:0,(anonymous_7)
FNDA:0,(anonymous_8)
FNDA:0,(anonymous_9)
FNDA:0,(anonymous_10)
DA:11,0
DA:29,0
DA:30,0
DA:31,0
DA:32,0
DA:34,0
DA:39,0
DA:42,0
DA:45,0
DA:48,0
DA:49,0
DA:51,0
DA:55,0
DA:59,0
DA:61,0
DA:62,0
DA:65,0
DA:66,0
DA:69,0
DA:70,0
DA:72,0
DA:73,0
DA:76,0
DA:81,0
DA:82,0
DA:84,0
DA:86,0
DA:88,0
DA:90,0
DA:98,0
DA:99,0
DA:100,0
DA:104,0
DA:106,0
DA:107,0
DA:113,0
DA:119,0
DA:121,0
DA:124,0
DA:125,0
DA:130,0
DA:131,0
DA:132,0
DA:135,0
DA:137,0
DA:140,0
DA:151,0
DA:178,0
DA:181,0
DA:185,0
DA:187,0
DA:190,0
DA:196,0
DA:197,0
DA:198,0
DA:203,0
DA:206,0
DA:207,0
DA:211,0
DA:213,0
DA:216,0
DA:224,0
DA:235,0
DA:236,0
DA:238,0
DA:239,0
DA:241,0
DA:242,0
DA:244,0
DA:245,0
DA:266,0
DA:267,0
LF:72
LH:0
BRDA:30,0,0,0
BRDA:30,0,1,0
BRDA:49,1,0,0
BRDA:49,1,1,0
BRDA:65,2,0,0
BRDA:65,2,1,0
BRDA:92,3,0,0
BRDA:92,3,1,0
BRDA:93,4,0,0
BRDA:93,4,1,0
BRDA:98,5,0,0
BRDA:98,5,1,0
BRDA:106,6,0,0
BRDA:106,6,1,0
BRDA:132,7,0,0
BRDA:132,7,1,0
BRDA:135,8,0,0
BRDA:135,8,1,0
BRDA:162,9,0,0
BRDA:162,9,1,0
BRDA:162,9,2,0
BRDA:163,10,0,0
BRDA:163,10,1,0
BRDA:164,11,0,0
BRDA:164,11,1,0
BRDA:165,12,0,0
BRDA:165,12,1,0
BRDA:171,13,0,0
BRDA:171,13,1,0
BRDA:171,13,2,0
BRDA:196,14,0,0
BRDA:196,14,1,0
BRDA:206,15,0,0
BRDA:206,15,1,0
BRDA:228,16,0,0
BRDA:228,16,1,0
BRDA:235,17,0,0
BRDA:235,17,1,0
BRDA:238,18,0,0
BRDA:238,18,1,0
BRDA:241,19,0,0
BRDA:241,19,1,0
BRF:42
BRH:0
end_of_record
TN:
SF:components\InputComponents\Buttons.tsx
FN:9,(anonymous_0)
FN:21,(anonymous_1)
FNF:2
FNH:0
FNDA:0,(anonymous_0)
FNDA:0,(anonymous_1)
DA:9,0
DA:14,0
DA:21,0
DA:27,0
LF:4
LH:0
BRF:0
BRH:0
end_of_record
TN:
SF:components\InputComponents\InputFields.tsx
FN:7,(anonymous_0)
FN:30,(anonymous_1)
FN:31,(anonymous_2)
FNF:3
FNH:0
FNDA:0,(anonymous_0)
FNDA:0,(anonymous_1)
FNDA:0,(anonymous_2)
DA:7,0
DA:8,0
DA:30,0
DA:31,0
DA:32,0
DA:35,0
LF:6
LH:0
BRDA:19,0,0,0
BRDA:19,0,1,0
BRDA:43,1,0,0
BRDA:43,1,1,0
BRF:4
BRH:0
end_of_record
TN:
SF:components\MapComponents\MapMarker.tsx
FN:5,(anonymous_0)
FNF:1
FNH:0
FNDA:0,(anonymous_0)
DA:5,0
DA:6,0
LF:2
LH:0
BRF:0
BRH:0
end_of_record
TN:
SF:components\MapComponents\MarkerInfoBox.tsx
FN:17,(anonymous_0)
FNF:1
FNH:0
FNDA:0,(anonymous_0)
DA:17,0
DA:24,0
DA:26,0
DA:28,0
LF:4
LH:0
BRDA:24,0,0,0
BRDA:24,0,1,0
BRDA:34,1,0,0
BRDA:34,1,1,0
BRDA:40,2,0,0
BRDA:40,2,1,0
BRDA:45,3,0,0
BRDA:45,3,1,0
BRDA:52,4,0,0
BRDA:52,4,1,0
BRDA:60,5,0,0
BRDA:60,5,1,0
BRDA:67,6,0,0
BRDA:67,6,1,0
BRDA:74,7,0,0
BRDA:74,7,1,0
BRDA:81,8,0,0
BRDA:81,8,1,0
BRDA:88,9,0,0
BRDA:88,9,1,0
BRDA:95,10,0,0
BRDA:95,10,1,0
BRF:22
BRH:0
end_of_record
TN:
SF:components\MapComponents\MarkersComponent.tsx
FN:5,(anonymous_0)
FN:11,(anonymous_1)
FN:23,(anonymous_2)
FNF:3
FNH:0
FNDA:0,(anonymous_0)
FNDA:0,(anonymous_1)
FNDA:0,(anonymous_2)
DA:5,0
DA:9,0
DA:12,0
DA:13,0
DA:15,0
DA:17,0
DA:23,0
LF:7
LH:0
BRDA:12,0,0,0
BRDA:12,0,1,0
BRDA:13,1,0,0
BRDA:13,1,1,0
BRDA:15,2,0,0
BRDA:15,2,1,0
BRDA:15,3,0,0
BRDA:15,3,1,0
BRDA:19,4,0,0
BRDA:19,4,1,0
BRDA:21,5,0,0
BRDA:21,5,1,0
BRDA:22,6,0,0
BRDA:22,6,1,0
BRF:14
BRH:0
end_of_record
TN:
SF:components\MapComponents\SwitchBotton.tsx
FN:7,(anonymous_0)
FNF:1
FNH:0
FNDA:0,(anonymous_0)
DA:7,0
DA:8,0
DA:20,0
LF:3
LH:0
BRF:0
BRH:0
end_of_record
TN:
SF:hooks\RequestUserLocation.tsx
FN:4,(anonymous_0)
FN:7,(anonymous_1)
FN:8,(anonymous_2)
FN:28,(anonymous_3)
FN:30,(anonymous_4)
FN:36,(anonymous_5)
FNF:6
FNH:0
FNDA:0,(anonymous_0)
FNDA:0,(anonymous_1)
FNDA:0,(anonymous_2)
FNDA:0,(anonymous_3)
FNDA:0,(anonymous_4)
FNDA:0,(anonymous_5)
DA:4,0
DA:5,0
DA:7,0
DA:8,0
DA:9,0
DA:11,0
DA:21,0
DA:22,0
DA:24,0
DA:28,0
DA:29,0
DA:31,0
DA:37,0
DA:38,0
DA:44,0
DA:47,0
LF:16
LH:0
BRDA:9,0,0,0
BRDA:9,0,1,0
BRDA:21,1,0,0
BRDA:21,1,1,0
BRF:4
BRH:0
end_of_record
TN:
SF:navigation\Navigation.tsx
FN:14,Navigation
FN:17,(anonymous_1)
FN:18,(anonymous_2)
FNF:3
FNH:0
FNDA:0,Navigation
FNDA:0,(anonymous_1)
FNDA:0,(anonymous_2)
DA:13,0
DA:15,0
DA:17,0
DA:20,0
DA:22,0
DA:23,0
DA:24,0
DA:25,0
DA:26,0
DA:27,0
DA:28,0
DA:29,0
DA:33,0
LF:13
LH:0
BRDA:22,0,0,0
BRDA:22,0,1,0
BRDA:23,1,0,0
BRDA:23,1,1,0
BRDA:24,2,0,0
BRDA:24,2,1,0
BRDA:25,3,0,0
BRDA:25,3,1,0
BRDA:26,4,0,0
BRDA:26,4,1,0
BRDA:27,5,0,0
BRDA:27,5,1,0
BRDA:28,6,0,0
BRDA:28,6,1,0
BRDA:29,7,0,0
BRDA:29,7,1,0
BRF:16
BRH:0
end_of_record
TN:
SF:screens\DirectionsScreen.tsx
FN:23,DirectionsScreen
FN:53,(anonymous_1)
FN:54,(anonymous_2)
FN:63,(anonymous_3)
FN:67,(anonymous_4)
FN:84,(anonymous_5)
FN:93,(anonymous_6)
FN:105,(anonymous_7)
FN:121,(anonymous_8)
FN:137,(anonymous_9)
FN:181,(anonymous_10)
FN:185,(anonymous_11)
FN:189,(anonymous_12)
FN:193,(anonymous_13)
FN:197,(anonymous_14)
FN:205,(anonymous_15)
FN:227,(anonymous_16)
FN:242,(anonymous_17)
FN:254,(anonymous_18)
FN:269,(anonymous_19)
FN:272,(anonymous_20)
FNF:21
FNH:0
FNDA:0,DirectionsScreen
FNDA:0,(anonymous_1)
FNDA:0,(anonymous_2)
FNDA:0,(anonymous_3)
FNDA:0,(anonymous_4)
FNDA:0,(anonymous_5)
FNDA:0,(anonymous_6)
FNDA:0,(anonymous_7)
FNDA:0,(anonymous_8)
FNDA:0,(anonymous_9)
FNDA:0,(anonymous_10)
FNDA:0,(anonymous_11)
FNDA:0,(anonymous_12)
FNDA:0,(anonymous_13)
FNDA:0,(anonymous_14)
FNDA:0,(anonymous_15)
FNDA:0,(anonymous_16)
FNDA:0,(anonymous_17)
FNDA:0,(anonymous_18)
FNDA:0,(anonymous_19)
FNDA:0,(anonymous_20)
DA:20,0
DA:21,0
DA:24,0
DA:25,0
DA:26,0
DA:27,0
DA:28,0
DA:29,0
DA:39,0
DA:41,0
DA:42,0
DA:43,0
DA:44,0
DA:45,0
DA:47,0
DA:48,0
DA:53,0
DA:54,0
DA:55,0
DA:56,0
DA:57,0
DA:58,0
DA:60,0
DA:63,0
DA:64,0
DA:65,0
DA:67,0
DA:68,0
DA:73,0
DA:75,0
DA:76,0
DA:78,0
DA:80,0
DA:84,0
DA:85,0
DA:86,0
DA:93,0
DA:94,0
DA:105,0
DA:106,0
DA:111,0
DA:113,0
DA:114,0
DA:116,0
DA:118,0
DA:121,0
DA:122,0
DA:123,0
DA:124,0
DA:125,0
DA:126,0
DA:127,0
DA:128,0
DA:130,0
DA:137,0
DA:138,0
DA:140,0
DA:142,0
DA:145,0
DA:146,0
DA:147,0
DA:148,0
DA:149,0
DA:151,0
DA:152,0
DA:153,0
DA:154,0
DA:155,0
DA:156,0
DA:157,0
DA:158,0
DA:159,0
DA:160,0
DA:161,0
DA:162,0
DA:163,0
DA:164,0
DA:165,0
DA:166,0
DA:167,0
DA:168,0
DA:171,0
DA:172,0
DA:173,0
DA:176,0
DA:181,0
DA:182,0
DA:185,0
DA:186,0
DA:189,0
DA:190,0
DA:193,0
DA:194,0
DA:197,0
DA:198,0
DA:201,0
DA:205,0
DA:206,0
DA:208,0
DA:213,0
DA:228,0
DA:229,0
DA:242,0
DA:254,0
DA:270,0
DA:273,0
DA:274,0
DA:275,0
DA:276,0
DA:278,0
LF:110
LH:0
BRDA:57,0,0,0
BRDA:57,0,1,0
BRDA:58,1,0,0
BRDA:58,1,1,0
BRDA:64,2,0,0
BRDA:64,2,1,0
BRDA:85,3,0,0
BRDA:85,3,1,0
BRDA:85,4,0,0
BRDA:85,4,1,0
BRDA:116,5,0,0
BRDA:116,5,1,0
BRDA:125,6,0,0
BRDA:125,6,1,0
BRDA:125,7,0,0
BRDA:125,7,1,0
BRDA:151,8,0,0
BRDA:151,8,1,0
BRDA:151,9,0,0
BRDA:151,9,1,0
BRDA:152,10,0,0
BRDA:152,10,1,0
BRDA:152,11,0,0
BRDA:152,11,1,0
BRDA:153,12,0,0
BRDA:153,12,1,0
BRDA:161,13,0,0
BRDA:161,13,1,0
BRDA:198,14,0,0
BRDA:198,14,1,0
BRDA:206,15,0,0
BRDA:206,15,1,0
BRDA:216,16,0,0
BRDA:216,16,1,0
BRDA:217,17,0,0
BRDA:217,17,1,0
BRDA:218,18,0,0
BRDA:218,18,1,0
BRDA:218,18,2,0
BRDA:218,18,3,0
BRDA:242,19,0,0
BRDA:242,19,1,0
BRDA:254,20,0,0
BRDA:254,20,1,0
BRDA:274,21,0,0
BRDA:274,21,1,0
BRDA:287,22,0,0
BRDA:287,22,1,0
BRDA:289,23,0,0
BRDA:289,23,1,0
BRDA:306,24,0,0
BRDA:306,24,1,0
BRDA:306,24,2,0
BRDA:310,25,0,0
BRDA:310,25,1,0
BRF:55
BRH:0
end_of_record
TN:
SF:screens\MapExplorerScreen.tsx
FN:47,(anonymous_0)
FN:55,(anonymous_1)
FN:78,(anonymous_2)
FN:84,(anonymous_3)
FN:102,(anonymous_4)
FN:103,(anonymous_5)
FN:128,(anonymous_6)
FN:150,(anonymous_7)
FN:176,(anonymous_8)
FN:198,(anonymous_9)
FN:207,(anonymous_10)
FN:266,(anonymous_11)
FN:275,(anonymous_12)
FN:304,(anonymous_13)
FN:308,(anonymous_14)
FN:328,MapExplorerScreen
FN:340,(anonymous_16)
FN:377,(anonymous_17)
FN:378,(anonymous_18)
FN:406,(anonymous_19)
FN:426,(anonymous_20)
FN:431,(anonymous_21)
FN:436,(anonymous_22)
FN:447,(anonymous_23)
FN:451,(anonymous_24)
FN:453,(anonymous_25)
FN:454,(anonymous_26)
FN:458,(anonymous_27)
FN:491,(anonymous_28)
FN:522,(anonymous_29)
FN:540,(anonymous_30)
FN:545,(anonymous_31)
FN:553,(anonymous_32)
FN:561,(anonymous_33)
FN:616,(anonymous_34)
FN:627,(anonymous_35)
FN:633,(anonymous_36)
FNF:37
FNH:0
FNDA:0,(anonymous_0)
FNDA:0,(anonymous_1)
FNDA:0,(anonymous_2)
FNDA:0,(anonymous_3)
FNDA:0,(anonymous_4)
FNDA:0,(anonymous_5)
FNDA:0,(anonymous_6)
FNDA:0,(anonymous_7)
FNDA:0,(anonymous_8)
FNDA:0,(anonymous_9)
FNDA:0,(anonymous_10)
FNDA:0,(anonymous_11)
FNDA:0,(anonymous_12)
FNDA:0,(anonymous_13)
FNDA:0,(anonymous_14)
FNDA:0,MapExplorerScreen
FNDA:0,(anonymous_16)
FNDA:0,(anonymous_17)
FNDA:0,(anonymous_18)
FNDA:0,(anonymous_19)
FNDA:0,(anonymous_20)
FNDA:0,(anonymous_21)
FNDA:0,(anonymous_22)
FNDA:0,(anonymous_23)
FNDA:0,(anonymous_24)
FNDA:0,(anonymous_25)
FNDA:0,(anonymous_26)
FNDA:0,(anonymous_27)
FNDA:0,(anonymous_28)
FNDA:0,(anonymous_29)
FNDA:0,(anonymous_30)
FNDA:0,(anonymous_31)
FNDA:0,(anonymous_32)
FNDA:0,(anonymous_33)
FNDA:0,(anonymous_34)
FNDA:0,(anonymous_35)
FNDA:0,(anonymous_36)
DA:27,0
DA:30,0
DA:31,0
DA:32,0
DA:33,0
DA:34,0
DA:36,0
DA:37,0
DA:38,0
DA:39,0
DA:40,0
DA:41,0
DA:45,0
DA:47,0
DA:48,0
DA:51,0
DA:52,0
DA:55,0
DA:78,0
DA:79,0
DA:84,0
DA:85,0
DA:86,0
DA:88,0
DA:91,0
DA:92,0
DA:99,0
DA:101,0
DA:102,0
DA:103,0
DA:108,0
DA:109,0
DA:113,0
DA:114,0
DA:118,0
DA:122,0
DA:123,0
DA:124,0
DA:128,0
DA:129,0
DA:132,0
DA:134,0
DA:135,0
DA:136,0
DA:138,0
DA:139,0
DA:142,0
DA:143,0
DA:145,0
DA:150,0
DA:151,0
DA:152,0
DA:153,0
DA:155,0
DA:173,0
DA:176,0
DA:177,0
DA:178,0
DA:179,0
DA:182,0
DA:199,0
DA:208,0
DA:267,0
DA:276,0
DA:305,0
DA:306,0
DA:308,0
DA:329,0
DA:330,0
DA:331,0
DA:332,0
DA:333,0
DA:334,0
DA:335,0
DA:337,0
DA:340,0
DA:341,0
DA:342,0
DA:345,0
DA:346,0
DA:347,0
DA:348,0
DA:349,0
DA:364,0
DA:366,0
DA:368,0
DA:374,0
DA:377,0
DA:378,0
DA:379,0
DA:380,0
DA:381,0
DA:382,0
DA:385,0
DA:386,0
DA:391,0
DA:392,0
DA:398,0
DA:399,0
DA:401,0
DA:406,0
DA:407,0
DA:408,0
DA:416,0
DA:417,0
DA:426,0
DA:427,0
DA:428,0
DA:431,0
DA:432,0
DA:433,0
DA:436,0
DA:437,0
DA:438,0
DA:440,0
DA:447,0
DA:448,0
DA:451,0
DA:453,0
DA:454,0
DA:458,0
DA:460,0
DA:461,0
DA:462,0
DA:466,0
DA:467,0
DA:469,0
DA:473,0
DA:476,0
DA:477,0
DA:478,0
DA:481,0
DA:484,0
DA:485,0
DA:486,0
DA:491,0
DA:492,0
DA:493,0
DA:501,0
DA:502,0
DA:503,0
DA:507,0
DA:508,0
DA:509,0
DA:511,0
DA:514,0
DA:518,0
DA:522,0
DA:524,0
DA:525,0
DA:529,0
DA:530,0
DA:531,0
DA:535,0
DA:536,0
DA:540,0
DA:542,0
DA:545,0
DA:546,0
DA:547,0
DA:548,0
DA:553,0
DA:554,0
DA:555,0
DA:561,0
DA:563,0
DA:564,0
DA:565,0
DA:568,0
DA:571,0
DA:572,0
DA:573,0
DA:578,0
DA:580,0
DA:582,0
DA:583,0
DA:584,0
DA:586,0
DA:587,0
DA:590,0
DA:591,0
DA:592,0
DA:593,0
DA:597,0
DA:598,0
DA:601,0
DA:602,0
DA:605,0
DA:607,0
DA:610,0
DA:612,0
DA:613,0
DA:616,0
DA:617,0
DA:618,0
DA:623,0
DA:627,0
DA:628,0
DA:633,0
DA:634,0
DA:635,0
DA:637,0
DA:639,0
DA:642,0
DA:648,0
DA:651,0
DA:652,0
DA:653,0
DA:657,0
DA:658,0
DA:660,0
DA:664,0
LF:212
LH:0
BRDA:86,0,0,0
BRDA:86,0,1,0
BRDA:91,1,0,0
BRDA:91,1,1,0
BRDA:91,2,0,0
BRDA:91,2,1,0
BRDA:99,3,0,0
BRDA:99,3,1,0
BRDA:99,4,0,0
BRDA:99,4,1,0
BRDA:134,5,0,0
BRDA:134,5,1,0
BRDA:139,6,0,0
BRDA:139,6,1,0
BRDA:151,7,0,0
BRDA:151,7,1,0
BRDA:164,8,0,0
BRDA:164,8,1,0
BRDA:164,8,2,0
BRDA:204,9,0,0
BRDA:204,9,1,0
BRDA:205,10,0,0
BRDA:205,10,1,0
BRDA:221,11,0,0
BRDA:221,11,1,0
BRDA:221,11,2,0
BRDA:232,12,0,0
BRDA:232,12,1,0
BRDA:242,13,0,0
BRDA:242,13,1,0
BRDA:242,13,2,0
BRDA:242,13,3,0
BRDA:242,13,4,0
BRDA:242,13,5,0
BRDA:242,13,6,0
BRDA:260,14,0,0
BRDA:260,14,1,0
BRDA:260,14,2,0
BRDA:260,14,3,0
BRDA:260,14,4,0
BRDA:260,14,5,0
BRDA:260,14,6,0
BRDA:272,15,0,0
BRDA:272,15,1,0
BRDA:273,16,0,0
BRDA:273,16,1,0
BRDA:282,17,0,0
BRDA:282,17,1,0
BRDA:299,18,0,0
BRDA:299,18,1,0
BRDA:299,18,2,0
BRDA:299,18,3,0
BRDA:302,19,0,0
BRDA:302,19,1,0
BRDA:302,19,2,0
BRDA:342,20,0,0
BRDA:342,20,1,0
BRDA:366,21,0,0
BRDA:366,21,1,0
BRDA:380,22,0,0
BRDA:380,22,1,0
BRDA:407,23,0,0
BRDA:407,23,1,0
BRDA:416,24,0,0
BRDA:416,24,1,0
BRDA:437,25,0,0
BRDA:437,25,1,0
BRDA:460,26,0,0
BRDA:460,26,1,0
BRDA:466,27,0,0
BRDA:466,27,1,0
BRDA:466,28,0,0
BRDA:466,28,1,0
BRDA:476,29,0,0
BRDA:476,29,1,0
BRDA:484,30,0,0
BRDA:484,30,1,0
BRDA:495,31,0,0
BRDA:495,31,1,0
BRDA:496,32,0,0
BRDA:496,32,1,0
BRDA:501,33,0,0
BRDA:501,33,1,0
BRDA:507,34,0,0
BRDA:507,34,1,0
BRDA:524,35,0,0
BRDA:524,35,1,0
BRDA:529,36,0,0
BRDA:529,36,1,0
BRDA:535,37,0,0
BRDA:535,37,1,0
BRDA:535,38,0,0
BRDA:535,38,1,0
BRDA:546,39,0,0
BRDA:546,39,1,0
BRDA:546,40,0,0
BRDA:546,40,1,0
BRDA:554,41,0,0
BRDA:554,41,1,0
BRDA:563,42,0,0
BRDA:563,42,1,0
BRDA:572,43,0,0
BRDA:572,43,1,0
BRDA:580,44,0,0
BRDA:580,44,1,0
BRDA:584,45,0,0
BRDA:584,45,1,0
BRDA:601,46,0,0
BRDA:601,46,1,0
BRDA:605,47,0,0
BRDA:605,47,1,0
BRDA:610,48,0,0
BRDA:610,48,1,0
BRDA:610,49,0,0
BRDA:610,49,1,0
BRDA:612,50,0,0
BRDA:612,50,1,0
BRDA:635,51,0,0
BRDA:635,51,1,0
BRDA:651,52,0,0
BRDA:651,52,1,0
BRDA:669,53,0,0
BRDA:669,53,1,0
BRDA:698,54,0,0
BRDA:698,54,1,0
BRDA:698,54,2,0
BRDA:698,54,3,0
BRDA:698,54,4,0
BRF:128
BRH:0
end_of_record
TN:
SF:screens\SettingsScreen.tsx
FN:12,SettingsScreen
FN:13,(anonymous_1)
FNF:2
FNH:0
FNDA:0,SettingsScreen
FNDA:0,(anonymous_1)
DA:13,0
DA:14,0
DA:15,0
DA:16,0
DA:19,0
DA:22,0
DA:30,0
LF:7
LH:0
BRDA:15,0,0,0
BRDA:15,0,1,0
BRF:2
BRH:0
end_of_record
TN:
SF:screens\UpdatesScreen.tsx
FN:10,UpdatesScreen
FNF:1
FNH:0
FNDA:0,UpdatesScreen
DA:11,0
DA:19,0
LF:2
LH:0
BRF:0
BRH:0
end_of_record
TN:
SF:screens\_tests_\jestSetup.js
FN:1,(anonymous_0)
FNF:1
FNH:0
FNDA:0,(anonymous_0)
DA:1,0
LF:1
LH:0
BRF:0
BRH:0
end_of_record
TN:
SF:services\DirectionService.ts
FN:8,(anonymous_0)
FNF:1
FNH:0
FNDA:0,(anonymous_0)
DA:8,0
DA:16,0
DA:17,0
DA:19,0
DA:20,0
DA:22,0
DA:24,0
DA:25,0
DA:26,0
DA:27,0
DA:33,0
DA:35,0
DA:36,0
DA:38,0
DA:41,0
DA:42,0
DA:43,0
DA:46,0
DA:47,0
DA:49,0
DA:53,0
DA:55,0
LF:22
LH:0
BRDA:26,0,0,0
BRDA:26,0,1,0
BRDA:35,1,0,0
BRDA:35,1,1,0
BRDA:41,2,0,0
BRDA:41,2,1,0
BRDA:42,3,0,0
BRDA:42,3,1,0
BRDA:46,4,0,0
BRDA:46,4,1,0
BRF:10
BRH:0
end_of_record
TN:
SF:services\DurationService.ts
FN:3,(anonymous_0)
FNF:1
FNH:0
FNDA:0,(anonymous_0)
DA:3,0
DA:5,0
DA:7,0
DA:8,0
DA:10,0
DA:11,0
DA:13,0
LF:7
LH:0
BRDA:10,0,0,0
BRDA:10,0,1,0
BRDA:10,1,0,0
BRDA:10,1,1,0
BRF:4
BRH:0
end_of_record
TN:
SF:services\IndoorDirService.ts
FN:45,(anonymous_0)
FN:46,(anonymous_1)
FN:52,(anonymous_2)
FN:54,(anonymous_3)
FN:71,(anonymous_4)
FN:75,(anonymous_5)
FN:79,(anonymous_6)
FN:102,(anonymous_7)
FN:116,(anonymous_8)
FN:126,(anonymous_9)
FN:130,(anonymous_10)
FN:146,(anonymous_11)
FN:159,(anonymous_12)
FN:167,(anonymous_13)
FN:191,(anonymous_14)
FN:204,(anonymous_15)
FN:216,(anonymous_16)
FN:235,(anonymous_17)
FN:236,(anonymous_18)
FN:240,(anonymous_19)
FN:262,(anonymous_20)
FN:271,(anonymous_21)
FN:299,(anonymous_22)
FN:337,(anonymous_23)
FN:390,(anonymous_24)
FN:398,(anonymous_25)
FN:416,(anonymous_26)
FN:436,(anonymous_27)
FN:442,(anonymous_28)
FN:451,(anonymous_29)
FN:473,(anonymous_30)
FNF:31
FNH:29
FNDA:8,(anonymous_0)
FNDA:251,(anonymous_1)
FNDA:8,(anonymous_2)
FNDA:10,(anonymous_3)
FNDA:3,(anonymous_4)
FNDA:2,(anonymous_5)
FNDA:2,(anonymous_6)
FNDA:2,(anonymous_7)
FNDA:38,(anonymous_8)
FNDA:9,(anonymous_9)
FNDA:35,(anonymous_10)
FNDA:3,(anonymous_11)
FNDA:15,(anonymous_12)
FNDA:42,(anonymous_13)
FNDA:23,(anonymous_14)
FNDA:5,(anonymous_15)
FNDA:0,(anonymous_16)
FNDA:36,(anonymous_17)
FNDA:69,(anonymous_18)
FNDA:27,(anonymous_19)
FNDA:28,(anonymous_20)
FNDA:4,(anonymous_21)
FNDA:8,(anonymous_22)
FNDA:0,(anonymous_23)
FNDA:2,(anonymous_24)
FNDA:6,(anonymous_25)
FNDA:2,(anonymous_26)
FNDA:3,(anonymous_27)
FNDA:2,(anonymous_28)
FNDA:4,(anonymous_29)
FNDA:1,(anonymous_30)
DA:17,1
DA:45,1
DA:46,251
DA:52,8
DA:54,10
DA:58,1
DA:67,1
DA:71,1
DA:72,3
DA:75,3
DA:76,2
DA:77,1
DA:79,1
DA:80,2
DA:81,3
DA:82,3
DA:84,3
DA:85,3
DA:88,3
DA:89,3
DA:91,3
DA:92,3
DA:98,3
DA:102,1
DA:103,2
DA:104,2
DA:105,2
DA:106,2
DA:108,0
DA:110,2
DA:111,2
DA:116,1
DA:117,38
DA:118,38
DA:120,37
DA:121,37
DA:123,37
DA:126,1
DA:127,9
DA:128,9
DA:130,9
DA:131,35
DA:132,35
DA:133,17
DA:134,17
DA:138,9
DA:146,1
DA:151,3
DA:152,3
DA:154,3
DA:155,3
DA:156,3
DA:159,3
DA:160,15
DA:161,15
DA:162,15
DA:165,3
DA:167,15
DA:168,42
DA:169,0
DA:171,42
DA:175,15
DA:176,3
DA:177,3
DA:179,3
DA:180,6
DA:181,6
DA:184,3
DA:185,3
DA:188,12
DA:191,12
DA:192,23
DA:193,23
DA:194,11
DA:195,11
DA:200,0
DA:204,1
DA:205,5
DA:206,5
DA:207,2
DA:216,1
DA:217,0
DA:218,0
DA:220,0
DA:222,0
DA:223,0
DA:225,0
DA:229,0
DA:235,1
DA:236,69
DA:237,36
DA:240,1
DA:241,27
DA:242,27
DA:243,2
DA:246,25
DA:248,25
DA:249,1
DA:252,24
DA:253,15
DA:254,7
DA:255,1
DA:256,0
DA:257,0
DA:258,1
DA:262,1
DA:263,28
DA:264,28
DA:265,3
DA:267,25
DA:271,1
DA:273,4
DA:274,4
DA:275,4
DA:276,4
DA:278,4
DA:279,4
DA:280,4
DA:283,0
DA:284,0
DA:285,0
DA:286,0
DA:287,0
DA:290,0
DA:291,0
DA:294,0
DA:295,0
DA:299,1
DA:305,8
DA:306,8
DA:308,8
DA:309,8
DA:311,8
DA:312,8
DA:313,8
DA:315,8
DA:316,8
DA:317,8
DA:321,0
DA:323,0
DA:324,0
DA:327,0
DA:328,0
DA:329,0
DA:331,0
DA:332,0
DA:333,0
DA:337,0
DA:338,0
DA:339,0
DA:340,0
DA:344,0
DA:345,0
DA:346,0
DA:349,0
DA:351,0
DA:352,0
DA:355,0
DA:356,0
DA:358,0
DA:359,0
DA:361,0
DA:363,0
DA:365,0
DA:368,0
DA:369,0
DA:370,0
DA:373,0
DA:374,0
DA:376,0
DA:379,0
DA:380,0
DA:381,0
DA:385,0
DA:387,0
DA:390,1
DA:391,2
DA:393,2
DA:395,2
DA:398,1
DA:399,6
DA:400,6
DA:402,6
DA:403,6
DA:405,6
DA:406,0
DA:408,6
DA:409,6
DA:410,6
DA:413,6
DA:416,1
DA:417,2
DA:418,2
DA:420,2
DA:421,2
DA:422,2
DA:424,2
DA:425,2
DA:427,0
DA:428,0
DA:429,0
DA:432,2
DA:436,1
DA:437,3
DA:438,3
DA:439,3
DA:442,1
DA:448,2
DA:449,2
DA:451,2
DA:452,4
DA:453,4
DA:455,2
DA:456,2
DA:458,2
DA:459,2
DA:461,0
DA:462,0
DA:464,0
DA:465,0
DA:466,0
DA:470,2
DA:473,1
DA:480,1
DA:481,1
DA:482,1
DA:483,0
DA:485,1
LF:228
LH:160
BRDA:76,0,0,1
BRDA:76,0,1,1
BRDA:88,1,0,1
BRDA:88,1,1,2
BRDA:89,2,0,3
BRDA:89,2,1,0
BRDA:132,3,0,17
BRDA:132,3,1,18
BRDA:160,4,0,3
BRDA:160,4,1,12
BRDA:168,5,0,0
BRDA:168,5,1,42
BRDA:175,6,0,3
BRDA:175,6,1,12
BRDA:193,7,0,11
BRDA:193,7,1,12
BRDA:206,8,0,3
BRDA:206,8,1,2
BRDA:216,9,0,0
BRDA:220,10,0,0
BRDA:220,10,1,0
BRDA:222,11,0,0
BRDA:222,11,1,0
BRDA:237,12,0,4
BRDA:237,12,1,32
BRDA:242,13,0,2
BRDA:242,13,1,25
BRDA:248,14,0,1
BRDA:248,14,1,24
BRDA:252,15,0,15
BRDA:252,15,1,7
BRDA:252,15,2,1
BRDA:252,15,3,0
BRDA:252,15,4,0
BRDA:252,15,5,1
BRDA:264,16,0,3
BRDA:264,16,1,25
BRDA:278,17,0,4
BRDA:278,17,1,0
BRDA:278,18,0,4
BRDA:278,18,1,2
BRDA:285,19,0,0
BRDA:285,19,1,0
BRDA:302,20,0,0
BRDA:315,21,0,8
BRDA:315,21,1,0
BRDA:323,22,0,0
BRDA:323,22,1,0
BRDA:324,23,0,0
BRDA:324,23,1,0
BRDA:328,24,0,0
BRDA:328,24,1,0
BRDA:329,25,0,0
BRDA:329,25,1,0
BRDA:331,26,0,0
BRDA:331,26,1,0
BRDA:340,27,0,0
BRDA:340,27,1,0
BRDA:344,28,0,0
BRDA:344,28,1,0
BRDA:363,29,0,0
BRDA:363,29,1,0
BRDA:365,30,0,0
BRDA:365,30,1,0
BRDA:368,31,0,0
BRDA:368,31,1,0
BRDA:369,32,0,0
BRDA:369,32,1,0
BRDA:370,33,0,0
BRDA:370,33,1,0
BRDA:373,34,0,0
BRDA:373,34,1,0
BRDA:374,35,0,0
BRDA:374,35,1,0
BRDA:376,36,0,0
BRDA:376,36,1,0
BRDA:376,37,0,0
BRDA:376,37,1,0
BRDA:379,38,0,0
BRDA:379,38,1,0
BRDA:405,39,0,0
BRDA:405,39,1,6
BRDA:424,40,0,2
BRDA:424,40,1,0
BRDA:453,41,0,2
BRDA:453,41,1,2
BRDA:456,42,0,0
BRDA:456,42,1,2
BRDA:459,43,0,2
BRDA:459,43,1,0
BRDA:464,44,0,0
BRDA:464,44,1,0
BRDA:482,45,0,0
BRDA:482,45,1,1
BRDA:482,46,0,1
BRDA:482,46,1,0
BRF:96
BRH:40
end_of_record
TN:
SF:services\PlacesService.ts
FN:5,(anonymous_0)
FN:28,(anonymous_1)
FN:66,(anonymous_2)
FN:104,(anonymous_3)
FNF:4
FNH:0
FNDA:0,(anonymous_0)
FNDA:0,(anonymous_1)
FNDA:0,(anonymous_2)
FNDA:0,(anonymous_3)
DA:5,0
DA:12,0
DA:15,0
DA:18,0
DA:20,0
DA:21,0
DA:23,0
DA:24,0
DA:27,0
DA:28,0
DA:32,0
DA:34,0
DA:35,0
DA:36,0
DA:37,0
DA:38,0
DA:41,0
DA:43,0
DA:46,0
DA:47,0
DA:49,0
DA:50,0
DA:56,0
DA:58,0
DA:59,0
DA:62,0
DA:63,0
DA:66,0
DA:70,0
DA:71,0
DA:72,0
DA:73,0
DA:74,0
DA:75,0
DA:77,0
DA:78,0
DA:81,0
DA:104,0
DA:106,0
DA:108,0
DA:109,0
DA:110,0
DA:113,0
DA:114,0
DA:118,0
DA:120,0
LF:46
LH:0
BRDA:10,0,0,0
BRDA:12,1,0,0
BRDA:12,1,1,0
BRDA:32,2,0,0
BRDA:32,2,1,0
BRDA:36,3,0,0
BRDA:36,3,1,0
BRDA:37,4,0,0
BRDA:37,4,1,0
BRDA:49,5,0,0
BRDA:49,5,1,0
BRDA:58,6,0,0
BRDA:58,6,1,0
BRDA:58,7,0,0
BRDA:58,7,1,0
BRDA:58,7,2,0
BRDA:62,8,0,0
BRDA:62,8,1,0
BRDA:62,9,0,0
BRDA:62,9,1,0
BRDA:70,10,0,0
BRDA:70,10,1,0
BRDA:70,11,0,0
BRDA:70,11,1,0
BRDA:73,12,0,0
BRDA:73,12,1,0
BRDA:73,13,0,0
BRDA:73,13,1,0
BRDA:89,14,0,0
BRDA:89,14,1,0
BRDA:89,14,2,0
BRDA:91,15,0,0
BRDA:91,15,1,0
BRDA:92,16,0,0
BRDA:92,16,1,0
BRDA:93,17,0,0
BRDA:93,17,1,0
BRDA:100,18,0,0
BRDA:100,18,1,0
BRDA:100,18,2,0
BRDA:108,19,0,0
BRDA:108,19,1,0
BRDA:109,20,0,0
BRDA:109,20,1,0
BRDA:113,21,0,0
BRDA:113,21,1,0
BRF:46
BRH:0
end_of_record
TN:
SF:services\ShuttleService.ts
FN:3,(anonymous_0)
FNF:1
FNH:0
FNDA:0,(anonymous_0)
DA:3,0
DA:4,0
DA:5,0
DA:8,0
DA:9,0
DA:11,0
DA:13,0
DA:14,0
DA:15,0
DA:16,0
DA:17,0
DA:19,0
DA:21,0
DA:22,0
DA:25,0
DA:26,0
LF:16
LH:0
BRDA:4,0,0,0
BRDA:4,0,1,0
BRDA:19,1,0,0
BRDA:19,1,1,0
BRF:4
BRH:0
end_of_record
