TN:
SF:Styles/ButtonStyles.ts
FNF:0
FNH:0
DA:3,4
DA:11,4
DA:25,4
LF:3
LH:3
BRF:0
BRH:0
end_of_record
TN:
SF:Styles/InputFieldStyles.ts
FNF:0
FNH:0
DA:3,2
LF:1
LH:1
BRF:0
BRH:0
end_of_record
TN:
SF:Styles/MapStyles.ts
FNF:0
FNH:0
DA:3,1
DA:44,1
DA:73,1
DA:76,1
LF:4
LH:4
BRF:0
BRH:0
end_of_record
TN:
SF:Styles/MarkerInfoBoxStyle.ts
FNF:0
FNH:0
DA:3,1
DA:5,1
LF:2
LH:2
BRDA:22,0,0,0
BRDA:22,0,1,1
BRF:2
BRH:1
end_of_record
TN:
SF:components/CalendarComponents/authUser.tsx
FN:13,AuthUser
FN:23,(anonymous_1)
FN:30,(anonymous_2)
FN:35,(anonymous_3)
FN:50,(anonymous_4)
FN:68,(anonymous_5)
FN:119,(anonymous_6)
FN:149,(anonymous_7)
FNF:8
FNH:5
FNDA:7,AuthUser
FNDA:4,(anonymous_1)
FNDA:4,(anonymous_2)
FNDA:4,(anonymous_3)
FNDA:0,(anonymous_4)
FNDA:1,(anonymous_5)
FNDA:0,(anonymous_6)
FNDA:0,(anonymous_7)
DA:10,2
DA:11,2
DA:19,7
DA:20,7
DA:21,7
DA:23,7
DA:25,4
DA:28,4
DA:30,4
DA:31,4
DA:35,7
DA:36,4
DA:37,4
DA:38,4
DA:40,4
DA:41,2
DA:42,2
DA:45,0
DA:50,7
DA:51,0
DA:52,0
DA:53,0
DA:55,0
DA:56,0
DA:57,0
DA:58,0
DA:61,0
DA:63,0
DA:68,7
DA:69,1
DA:71,1
DA:73,1
DA:75,1
DA:78,1
DA:81,1
DA:88,1
DA:90,1
DA:94,0
DA:96,0
DA:97,0
DA:99,0
DA:100,0
DA:104,1
DA:105,1
DA:108,0
DA:109,0
DA:110,0
DA:111,0
DA:113,0
DA:119,7
DA:120,0
DA:122,0
DA:123,0
DA:130,0
DA:132,0
DA:133,0
DA:134,0
DA:135,0
DA:138,0
DA:139,0
DA:140,0
DA:141,0
DA:143,0
DA:144,0
DA:149,7
DA:150,0
DA:151,0
DA:152,0
DA:153,0
DA:154,0
DA:156,0
DA:160,7
LF:72
LH:32
BRDA:40,0,0,2
BRDA:40,0,1,2
BRDA:40,1,0,4
BRDA:40,1,1,2
BRDA:52,2,0,0
BRDA:52,2,1,0
BRDA:57,3,0,0
BRDA:57,3,1,0
BRDA:69,4,0,0
BRDA:69,4,1,1
BRDA:90,5,0,0
BRDA:90,5,1,1
BRDA:94,6,0,0
BRDA:94,6,1,0
BRDA:99,7,0,0
BRDA:99,7,1,0
BRDA:110,8,0,0
BRDA:110,8,1,0
BRDA:120,9,0,0
BRDA:120,9,1,0
BRDA:132,10,0,0
BRDA:132,10,1,0
BRDA:162,11,0,5
BRDA:162,11,1,2
BRDA:171,12,0,2
BRDA:171,12,1,0
BRDA:174,13,0,2
BRDA:174,13,1,0
BRF:28
BRH:10
end_of_record
TN:
SF:components/InputComponents/AutoCompleteSearchWrapper.tsx
FN:11,(anonymous_0)
FN:29,(anonymous_1)
FN:48,(anonymous_2)
FN:70,(anonymous_3)
FN:107,(anonymous_4)
FN:130,(anonymous_5)
FN:185,(anonymous_6)
FN:224,(anonymous_7)
FN:233,(anonymous_8)
FN:244,(anonymous_9)
FN:265,(anonymous_10)
FNF:11
FNH:7
FNDA:10,(anonymous_0)
FNDA:6,(anonymous_1)
FNDA:4,(anonymous_2)
FNDA:16,(anonymous_3)
FNDA:2,(anonymous_4)
FNDA:0,(anonymous_5)
FNDA:1,(anonymous_6)
FNDA:0,(anonymous_7)
FNDA:4,(anonymous_8)
FNDA:0,(anonymous_9)
FNDA:0,(anonymous_10)
DA:11,1
DA:29,10
DA:30,6
DA:31,0
DA:32,0
DA:34,6
DA:39,10
DA:42,10
DA:45,10
DA:48,10
DA:49,4
DA:51,0
DA:55,0
DA:59,4
DA:61,4
DA:62,4
DA:65,4
DA:66,4
DA:69,4
DA:70,16
DA:72,4
DA:73,4
DA:76,4
DA:81,4
DA:82,4
DA:84,4
DA:86,4
DA:88,4
DA:90,4
DA:98,3
DA:99,1
DA:100,1
DA:104,2
DA:106,2
DA:107,2
DA:113,2
DA:119,2
DA:121,2
DA:124,1
DA:125,1
DA:130,10
DA:131,0
DA:132,0
DA:135,0
DA:137,0
DA:140,0
DA:151,0
DA:178,0
DA:181,0
DA:185,10
DA:187,1
DA:190,1
DA:196,1
DA:197,0
DA:198,0
DA:203,1
DA:206,1
DA:207,1
DA:211,1
DA:213,1
DA:216,10
DA:224,0
DA:235,4
DA:236,4
DA:238,4
DA:239,4
DA:241,4
DA:242,0
DA:244,4
DA:245,0
DA:266,0
DA:267,0
LF:72
LH:53
BRDA:30,0,0,0
BRDA:30,0,1,6
BRDA:49,1,0,0
BRDA:49,1,1,4
BRDA:65,2,0,0
BRDA:65,2,1,4
BRDA:92,3,0,4
BRDA:92,3,1,4
BRDA:93,4,0,4
BRDA:93,4,1,4
BRDA:98,5,0,1
BRDA:98,5,1,2
BRDA:106,6,0,2
BRDA:106,6,1,0
BRDA:132,7,0,0
BRDA:132,7,1,0
BRDA:135,8,0,0
BRDA:135,8,1,0
BRDA:162,9,0,0
BRDA:162,9,1,0
BRDA:162,9,2,0
BRDA:163,10,0,0
BRDA:163,10,1,0
BRDA:164,11,0,0
BRDA:164,11,1,0
BRDA:165,12,0,0
BRDA:165,12,1,0
BRDA:171,13,0,0
BRDA:171,13,1,0
BRDA:171,13,2,0
BRDA:196,14,0,0
BRDA:196,14,1,1
BRDA:206,15,0,1
BRDA:206,15,1,0
BRDA:228,16,0,10
BRDA:228,16,1,0
BRDA:235,17,0,4
BRDA:235,17,1,0
BRDA:238,18,0,4
BRDA:238,18,1,0
BRDA:241,19,0,0
BRDA:241,19,1,4
BRF:42
BRH:16
end_of_record
TN:
SF:components/InputComponents/Buttons.tsx
FN:9,(anonymous_0)
FN:21,(anonymous_1)
FNF:2
FNH:2
FNDA:14,(anonymous_0)
FNDA:14,(anonymous_1)
DA:9,3
DA:14,14
DA:21,3
DA:27,14
LF:4
LH:4
BRF:0
BRH:0
end_of_record
TN:
SF:components/InputComponents/InputFields.tsx
FN:7,(anonymous_0)
FN:30,(anonymous_1)
FN:31,(anonymous_2)
FNF:3
FNH:3
FNDA:8,(anonymous_0)
FNDA:3,(anonymous_1)
FNDA:1,(anonymous_2)
DA:7,2
DA:8,8
DA:30,2
DA:31,3
DA:32,1
DA:35,3
LF:6
LH:6
BRDA:19,0,0,8
BRDA:19,0,1,4
BRDA:43,1,0,3
BRDA:43,1,1,1
BRF:4
BRH:4
end_of_record
TN:
SF:components/MapComponents/MapMarker.tsx
FN:5,(anonymous_0)
FNF:1
FNH:1
FNDA:4,(anonymous_0)
DA:5,1
DA:6,4
LF:2
LH:2
BRF:0
BRH:0
end_of_record
TN:
SF:components/MapComponents/MarkerInfoBox.tsx
FN:17,(anonymous_0)
FNF:1
FNH:1
FNDA:4,(anonymous_0)
DA:17,1
DA:24,4
DA:26,4
DA:28,4
LF:4
LH:4
BRDA:24,0,0,4
BRDA:24,0,1,3
BRDA:34,1,0,4
BRDA:34,1,1,0
BRDA:40,2,0,0
BRDA:40,2,1,4
BRDA:45,3,0,4
BRDA:45,3,1,0
BRDA:52,4,0,4
BRDA:52,4,1,1
BRDA:60,5,0,4
BRDA:60,5,1,0
BRDA:67,6,0,4
BRDA:67,6,1,0
BRDA:74,7,0,4
BRDA:74,7,1,0
BRDA:81,8,0,4
BRDA:81,8,1,0
BRDA:88,9,0,4
BRDA:88,9,1,0
BRDA:95,10,0,4
BRDA:95,10,1,0
BRF:22
BRH:13
end_of_record
TN:
SF:components/MapComponents/MarkersComponent.tsx
FN:5,(anonymous_0)
FN:11,(anonymous_1)
FN:23,(anonymous_2)
FNF:3
FNH:3
FNDA:3,(anonymous_0)
FNDA:10,(anonymous_1)
FNDA:1,(anonymous_2)
DA:5,1
DA:9,3
DA:12,10
DA:13,10
DA:15,10
DA:17,9
DA:23,1
LF:7
LH:7
BRDA:12,0,0,10
BRDA:12,0,1,4
BRDA:13,1,0,10
BRDA:13,1,1,4
BRDA:15,2,0,1
BRDA:15,2,1,9
BRDA:15,3,0,10
BRDA:15,3,1,9
BRDA:19,4,0,9
BRDA:19,4,1,0
BRDA:21,5,0,9
BRDA:21,5,1,6
BRDA:22,6,0,3
BRDA:22,6,1,6
BRF:14
BRH:13
end_of_record
TN:
SF:components/MapComponents/SwitchBotton.tsx
FN:7,(anonymous_0)
FNF:1
FNH:1
FNDA:3,(anonymous_0)
DA:7,1
DA:8,3
DA:20,1
LF:3
LH:3
BRF:0
BRH:0
end_of_record
TN:
SF:constants/GoogleKey.ts
FNF:0
FNH:0
DA:1,2
DA:2,2
DA:3,2
LF:3
LH:3
BRF:0
BRH:0
end_of_record
TN:
SF:constants/MapsConstants.ts
FNF:0
FNH:0
DA:5,1
DA:6,1
DA:7,1
DA:8,1
DA:11,1
DA:18,1
LF:6
LH:6
BRF:0
BRH:0
end_of_record
TN:
SF:errors/DirectionApiError.ts
FN:2,(anonymous_0)
FNF:1
FNH:1
FNDA:4,(anonymous_0)
DA:3,4
DA:4,4
LF:2
LH:2
BRDA:2,0,0,3
BRF:1
BRH:1
end_of_record
TN:
SF:errors/PlacesAPIError.ts
FN:2,(anonymous_0)
FNF:1
FNH:1
FNDA:3,(anonymous_0)
DA:3,3
DA:4,3
LF:2
LH:2
BRDA:2,0,0,2
BRF:1
BRH:1
end_of_record
TN:
SF:hooks/RequestUserLocation.tsx
FN:4,(anonymous_0)
FN:7,(anonymous_1)
FN:8,(anonymous_2)
FN:28,(anonymous_3)
FN:30,(anonymous_4)
FN:36,(anonymous_5)
FNF:6
FNH:5
FNDA:3,(anonymous_0)
FNDA:3,(anonymous_1)
FNDA:3,(anonymous_2)
FNDA:2,(anonymous_3)
FNDA:0,(anonymous_4)
FNDA:1,(anonymous_5)
DA:4,3
DA:5,3
DA:7,3
DA:8,3
DA:9,3
DA:11,3
DA:21,3
DA:22,2
DA:24,1
DA:28,3
DA:29,2
DA:31,0
DA:37,1
DA:38,1
DA:44,3
DA:47,3
LF:16
LH:15
BRDA:9,0,0,0
BRDA:9,0,1,3
BRDA:21,1,0,2
BRDA:21,1,1,1
BRF:4
BRH:3
end_of_record
TN:
SF:navigation/Navigation.tsx
FN:14,Navigation
FN:17,(anonymous_1)
FN:18,(anonymous_2)
FNF:3
FNH:3
FNDA:1,Navigation
FNDA:16,(anonymous_1)
FNDA:32,(anonymous_2)
DA:13,1
DA:15,1
DA:17,16
DA:20,32
DA:22,32
DA:23,8
DA:24,24
DA:25,8
DA:26,16
DA:27,8
DA:28,8
DA:29,8
DA:33,32
LF:13
LH:13
BRDA:22,0,0,8
BRDA:22,0,1,24
BRDA:23,1,0,4
BRDA:23,1,1,4
BRDA:24,2,0,8
BRDA:24,2,1,16
BRDA:25,3,0,4
BRDA:25,3,1,4
BRDA:26,4,0,8
BRDA:26,4,1,8
BRDA:27,5,0,4
BRDA:27,5,1,4
BRDA:28,6,0,8
BRDA:28,6,1,0
BRDA:29,7,0,4
BRDA:29,7,1,4
BRF:16
BRH:15
end_of_record
TN:
SF:navigation/setupTests.js
FN:1,(anonymous_0)
FN:3,(anonymous_1)
FN:6,(anonymous_2)
FN:8,(anonymous_3)
FN:13,(anonymous_4)
FN:18,(anonymous_5)
FN:19,(anonymous_6)
FN:20,(anonymous_7)
FN:26,(anonymous_8)
FN:34,(anonymous_9)
FN:40,(anonymous_10)
FN:42,(anonymous_11)
FNF:12
FNH:6
FNDA:1,(anonymous_0)
FNDA:1,(anonymous_1)
FNDA:1,(anonymous_2)
FNDA:1,(anonymous_3)
FNDA:0,(anonymous_4)
FNDA:0,(anonymous_5)
FNDA:0,(anonymous_6)
FNDA:0,(anonymous_7)
FNDA:1,(anonymous_8)
FNDA:1,(anonymous_9)
FNDA:0,(anonymous_10)
FNDA:0,(anonymous_11)
DA:1,1
DA:2,1
DA:3,1
DA:6,1
DA:7,1
DA:8,1
DA:13,1
DA:14,0
DA:15,0
DA:16,0
DA:18,0
DA:19,0
DA:20,0
DA:26,1
DA:34,1
DA:40,1
DA:42,1
LF:17
LH:11
BRF:0
BRH:0
end_of_record
TN:
SF:screens/SettingsScreen.tsx
FN:13,SettingsScreen
FN:14,(anonymous_1)
FNF:2
FNH:1
FNDA:1,SettingsScreen
FNDA:0,(anonymous_1)
DA:14,1
DA:15,0
DA:16,0
DA:17,0
DA:20,0
DA:23,1
DA:31,1
LF:7
LH:3
BRDA:16,0,0,0
BRDA:16,0,1,0
BRF:2
BRH:0
end_of_record
TN:
SF:screens/UpdatesScreen.tsx
FN:10,UpdatesScreen
FNF:1
FNH:1
FNDA:2,UpdatesScreen
DA:11,2
DA:19,2
LF:2
LH:2
BRF:0
BRH:0
end_of_record
TN:
SF:services/DirectionService.ts
FN:8,(anonymous_0)
FNF:1
FNH:1
FNDA:7,(anonymous_0)
DA:8,2
DA:16,7
DA:17,7
DA:19,7
DA:20,7
DA:22,7
DA:24,7
DA:25,7
DA:26,5
DA:27,1
DA:33,4
DA:35,4
DA:36,2
DA:38,2
DA:41,5
DA:42,5
DA:43,1
DA:46,4
DA:47,1
DA:49,3
DA:53,0
DA:55,7
LF:22
LH:21
BRDA:26,0,0,1
BRDA:26,0,1,4
BRDA:35,1,0,2
BRDA:35,1,1,2
BRDA:41,2,0,5
BRDA:41,2,1,0
BRDA:42,3,0,1
BRDA:42,3,1,4
BRDA:46,4,0,1
BRDA:46,4,1,3
BRF:10
BRH:9
end_of_record
TN:
SF:services/DurationService.ts
FN:3,(anonymous_0)
FNF:1
FNH:1
FNDA:2,(anonymous_0)
DA:3,1
DA:5,2
DA:7,2
DA:8,2
DA:10,2
DA:11,1
DA:13,1
LF:7
LH:7
BRDA:10,0,0,1
BRDA:10,0,1,1
BRDA:10,1,0,2
BRDA:10,1,1,1
BRF:4
BRH:4
end_of_record
TN:
SF:services/PlacesService.ts
FN:5,(anonymous_0)
FN:28,(anonymous_1)
FN:66,(anonymous_2)
FN:104,(anonymous_3)
FNF:4
FNH:4
FNDA:7,(anonymous_0)
FNDA:24,(anonymous_1)
FNDA:2,(anonymous_2)
FNDA:2,(anonymous_3)
DA:5,2
DA:12,7
DA:15,6
DA:18,6
DA:20,6
DA:21,6
DA:23,6
DA:24,6
DA:27,6
DA:28,24
DA:32,6
DA:34,3
DA:35,3
DA:36,3
DA:37,3
DA:38,3
DA:41,3
DA:43,3
DA:46,6
DA:47,6
DA:49,4
DA:50,2
DA:56,2
DA:58,2
DA:59,0
DA:62,2
DA:63,0
DA:66,2
DA:70,2
DA:71,2
DA:72,2
DA:73,0
DA:74,0
DA:75,0
DA:77,0
DA:78,0
DA:81,2
DA:104,2
DA:106,2
DA:108,4
DA:109,4
DA:110,1
DA:113,3
DA:114,2
DA:118,1
DA:120,6
LF:46
LH:39
BRDA:10,0,0,7
BRDA:12,1,0,1
BRDA:12,1,1,6
BRDA:32,2,0,3
BRDA:32,2,1,3
BRDA:36,3,0,3
BRDA:36,3,1,0
BRDA:37,4,0,3
BRDA:37,4,1,0
BRDA:49,5,0,2
BRDA:49,5,1,2
BRDA:58,6,0,0
BRDA:58,6,1,2
BRDA:58,7,0,2
BRDA:58,7,1,2
BRDA:58,7,2,2
BRDA:62,8,0,0
BRDA:62,8,1,2
BRDA:62,9,0,2
BRDA:62,9,1,2
BRDA:70,10,0,2
BRDA:70,10,1,0
BRDA:70,11,0,2
BRDA:70,11,1,2
BRDA:73,12,0,0
BRDA:73,12,1,0
BRDA:73,13,0,0
BRDA:73,13,1,0
BRDA:89,14,0,2
BRDA:89,14,1,1
BRDA:89,14,2,1
BRDA:91,15,0,2
BRDA:91,15,1,2
BRDA:92,16,0,2
BRDA:92,16,1,2
BRDA:93,17,0,2
BRDA:93,17,1,2
BRDA:100,18,0,2
BRDA:100,18,1,1
BRDA:100,18,2,1
BRDA:108,19,0,4
BRDA:108,19,1,0
BRDA:109,20,0,1
BRDA:109,20,1,3
BRDA:113,21,0,2
BRDA:113,21,1,1
BRF:46
BRH:36
end_of_record
TN:
SF:services/ShuttleService.ts
FN:3,(anonymous_0)
FNF:1
FNH:1
FNDA:6,(anonymous_0)
DA:3,2
DA:4,6
DA:5,2
DA:8,4
DA:9,4
DA:11,4
DA:13,4
DA:14,29
DA:15,29
DA:16,29
DA:17,29
DA:19,29
DA:21,2
DA:22,2
DA:25,2
DA:26,2
LF:16
LH:16
BRDA:4,0,0,2
BRDA:4,0,1,4
BRDA:19,1,0,2
BRDA:19,1,1,27
BRF:4
BRH:4
end_of_record
